Installing Perl modules dependencies on Linux platform

abacus@abacus-machine ~ $ sudo cpan

cpan[4]> install i /parseXLSX/
Warning: Cannot install i, don't know what it is.
Try the command

    i /i/

to find objects with matching identifiers.
Running make for D/DO/DOY/Spreadsheet-ParseXLSX-0.14.tar.gz
Fetching with LWP:
http://mirror.bytemark.co.uk/CPAN/authors/id/D/DO/DOY/Spreadsheet-ParseXLSX-0.14.tar.gz
Fetching with LWP:
http://mirror.bytemark.co.uk/CPAN/authors/id/D/DO/DOY/CHECKSUMS
Checksum for /home/abacus/.cpan/sources/authors/id/D/DO/DOY/Spreadsheet-ParseXLSX-0.14.tar.gz ok
Scanning cache /home/abacus/.cpan/build for sizes
............................................................................DONE

  CPAN.pm: Going to build D/DO/DOY/Spreadsheet-ParseXLSX-0.14.tar.gz

Checking if your kit is complete...
Looks good
Warning: prerequisite Graphics::ColorUtils 0 not found.
Warning: prerequisite Spreadsheet::ParseExcel 0.61 not found.
Writing Makefile for Spreadsheet::ParseXLSX
Writing MYMETA.yml
---- Unsatisfied dependencies detected during ----
----   DOY/Spreadsheet-ParseXLSX-0.14.tar.gz  ----
    Spreadsheet::ParseExcel [requires]
    Graphics::ColorUtils [requires]
Running make test
  Delayed until after prerequisites
Running make install
  Delayed until after prerequisites
Running install for module 'Spreadsheet::ParseExcel'
Running make for D/DO/DOUGW/Spreadsheet-ParseExcel-0.65.tar.gz
Fetching with LWP:
http://mirror.bytemark.co.uk/CPAN/authors/id/D/DO/DOUGW/Spreadsheet-ParseExcel-0.65.tar.gz
Fetching with LWP:
http://mirror.bytemark.co.uk/CPAN/authors/id/D/DO/DOUGW/CHECKSUMS
Checksum for /home/abacus/.cpan/sources/authors/id/D/DO/DOUGW/Spreadsheet-ParseExcel-0.65.tar.gz ok

  CPAN.pm: Going to build D/DO/DOUGW/Spreadsheet-ParseExcel-0.65.tar.gz

Checking if your kit is complete...
Looks good
Warning: prerequisite Crypt::RC4 0 not found.
Warning: prerequisite Digest::Perl::MD5 0 not found.
Warning: prerequisite OLE::Storage_Lite 0.19 not found.
Writing Makefile for Spreadsheet::ParseExcel
Writing MYMETA.yml
---- Unsatisfied dependencies detected during ----
---- DOUGW/Spreadsheet-ParseExcel-0.65.tar.gz ----
    Crypt::RC4 [requires]
    OLE::Storage_Lite [requires]
    Digest::Perl::MD5 [requires]
Running make test
  Delayed until after prerequisites
Running make install
  Delayed until after prerequisites
Running install for module 'Crypt::RC4'
Running make for S/SI/SIFUKURT/Crypt-RC4-2.02.tar.gz
Fetching with LWP:
http://mirror.bytemark.co.uk/CPAN/authors/id/S/SI/SIFUKURT/Crypt-RC4-2.02.tar.gz
Fetching with LWP:
http://mirror.bytemark.co.uk/CPAN/authors/id/S/SI/SIFUKURT/CHECKSUMS
Checksum for /home/abacus/.cpan/sources/authors/id/S/SI/SIFUKURT/Crypt-RC4-2.02.tar.gz ok

  CPAN.pm: Going to build S/SI/SIFUKURT/Crypt-RC4-2.02.tar.gz

Checking if your kit is complete...
Looks good
Writing Makefile for Crypt::RC4
Writing MYMETA.yml
cp RC4.pm blib/lib/Crypt/RC4.pm
Manifying blib/man3/Crypt::RC4.3pm
  SIFUKURT/Crypt-RC4-2.02.tar.gz
  /usr/bin/make -- OK
'YAML' not installed, will not store persistent state
Running make test
PERL_DL_NONLAZY=1 /usr/bin/perl "-Iblib/lib" "-Iblib/arch" test.pl
1..9
ok 1
ok 2
ok 3
ok 4
ok 5
ok 6
ok 7
ok 8
ok 9
  SIFUKURT/Crypt-RC4-2.02.tar.gz
  /usr/bin/make test -- OK
Running make install
Manifying blib/man3/Crypt::RC4.3pm
Installing /usr/local/share/perl/5.14.2/Crypt/RC4.pm
Installing /usr/local/man/man3/Crypt::RC4.3pm
Appending installation info to /usr/local/lib/perl/5.14.2/perllocal.pod
  SIFUKURT/Crypt-RC4-2.02.tar.gz
  /usr/bin/make install  -- OK
Running install for module 'OLE::Storage_Lite'
Running make for J/JM/JMCNAMARA/OLE-Storage_Lite-0.19.tar.gz
Fetching with LWP:
http://mirror.bytemark.co.uk/CPAN/authors/id/J/JM/JMCNAMARA/OLE-Storage_Lite-0.19.tar.gz
Fetching with LWP:
http://mirror.bytemark.co.uk/CPAN/authors/id/J/JM/JMCNAMARA/CHECKSUMS
Checksum for /home/abacus/.cpan/sources/authors/id/J/JM/JMCNAMARA/OLE-Storage_Lite-0.19.tar.gz ok

  CPAN.pm: Going to build J/JM/JMCNAMARA/OLE-Storage_Lite-0.19.tar.gz

Checking if your kit is complete...
Looks good
Writing Makefile for OLE::Storage_Lite
Writing MYMETA.yml
cp lib/OLE/Storage_Lite.pm blib/lib/OLE/Storage_Lite.pm
Manifying blib/man3/OLE::Storage_Lite.3pm
  JMCNAMARA/OLE-Storage_Lite-0.19.tar.gz
  /usr/bin/make -- OK
Running make test
PERL_DL_NONLAZY=1 /usr/bin/perl "-MExtUtils::Command::MM" "-e" "test_harness(0, 'blib/lib', 'blib/arch')" t/*.t
t/00_load.t ............. ok   
t/01_date_conversion.t .. ok       
All tests successful.
Files=2, Tests=199,  0 wallclock secs ( 0.07 usr  0.01 sys +  0.18 cusr  0.00 csys =  0.26 CPU)
Result: PASS
  JMCNAMARA/OLE-Storage_Lite-0.19.tar.gz
  /usr/bin/make test -- OK
Running make install
Manifying blib/man3/OLE::Storage_Lite.3pm
Installing /usr/local/share/perl/5.14.2/OLE/Storage_Lite.pm
Installing /usr/local/man/man3/OLE::Storage_Lite.3pm
Appending installation info to /usr/local/lib/perl/5.14.2/perllocal.pod
  JMCNAMARA/OLE-Storage_Lite-0.19.tar.gz
  /usr/bin/make install  -- OK
Running install for module 'Digest::Perl::MD5'
Running make for D/DE/DELTA/Digest-Perl-MD5-1.9.tar.gz
Fetching with LWP:
http://mirror.bytemark.co.uk/CPAN/authors/id/D/DE/DELTA/Digest-Perl-MD5-1.9.tar.gz
Fetching with LWP:
http://mirror.bytemark.co.uk/CPAN/authors/id/D/DE/DELTA/CHECKSUMS
Checksum for /home/abacus/.cpan/sources/authors/id/D/DE/DELTA/Digest-Perl-MD5-1.9.tar.gz ok

  CPAN.pm: Going to build D/DE/DELTA/Digest-Perl-MD5-1.9.tar.gz

Checking if your kit is complete...
Warning: the following files are missing in your kit:
	README
Please inform the author.
Writing Makefile for Digest::Perl::MD5
Writing MYMETA.yml
cp lib/Digest/Perl/MD5.pm blib/lib/Digest/Perl/MD5.pm
Manifying blib/man3/Digest::Perl::MD5.3pm
  DELTA/Digest-Perl-MD5-1.9.tar.gz
  /usr/bin/make -- OK
Running make test
PERL_DL_NONLAZY=1 /usr/bin/perl "-Iblib/lib" "-Iblib/arch" test.pl
1..7
# Running under perl version 5.014002 for linux
# Current time local: Mon Apr 21 12:19:19 2014
# Current time GMT:   Mon Apr 21 06:49:19 2014
# Using Test.pm version 1.25_02
Trying md5_hex on test suite...
ok 1
Trying md5_base64...
ok 2
Running d-test
ok 3
Testing MD5-Object...
ok 4
  - reset ok 5
  - clone ok 6
  - add ok 7
  - addfile ok 8
  - add_bits ok 9
Speed-Test (please be patient)...
50000 blocks took 4s => 12500.00 blocks/second.
  DELTA/Digest-Perl-MD5-1.9.tar.gz
  /usr/bin/make test -- OK
Running make install
Manifying blib/man3/Digest::Perl::MD5.3pm
Installing /usr/local/share/perl/5.14.2/Digest/Perl/MD5.pm
Installing /usr/local/man/man3/Digest::Perl::MD5.3pm
Appending installation info to /usr/local/lib/perl/5.14.2/perllocal.pod
  DELTA/Digest-Perl-MD5-1.9.tar.gz
  /usr/bin/make install  -- OK
Running make for D/DO/DOUGW/Spreadsheet-ParseExcel-0.65.tar.gz
  Has already been unwrapped into directory /home/abacus/.cpan/build/Spreadsheet-ParseExcel-0.65-JpVpYj

  CPAN.pm: Going to build D/DO/DOUGW/Spreadsheet-ParseExcel-0.65.tar.gz

cp lib/Spreadsheet/ParseExcel.pm blib/lib/Spreadsheet/ParseExcel.pm
cp lib/Spreadsheet/ParseExcel/SaveParser.pm blib/lib/Spreadsheet/ParseExcel/SaveParser.pm
cp lib/Spreadsheet/ParseExcel/Format.pm blib/lib/Spreadsheet/ParseExcel/Format.pm
cp lib/Spreadsheet/ParseExcel/Dump.pm blib/lib/Spreadsheet/ParseExcel/Dump.pm
cp lib/Spreadsheet/ParseExcel/FmtJapan2.pm blib/lib/Spreadsheet/ParseExcel/FmtJapan2.pm
cp lib/Spreadsheet/ParseExcel/Worksheet.pm blib/lib/Spreadsheet/ParseExcel/Worksheet.pm
cp lib/Spreadsheet/ParseExcel/SaveParser/Workbook.pm blib/lib/Spreadsheet/ParseExcel/SaveParser/Workbook.pm
cp lib/Spreadsheet/ParseExcel/FmtDefault.pm blib/lib/Spreadsheet/ParseExcel/FmtDefault.pm
cp lib/Spreadsheet/ParseExcel/FmtJapan.pm blib/lib/Spreadsheet/ParseExcel/FmtJapan.pm
cp lib/Spreadsheet/ParseExcel/Utility.pm blib/lib/Spreadsheet/ParseExcel/Utility.pm
cp lib/Spreadsheet/ParseExcel/SaveParser/Worksheet.pm blib/lib/Spreadsheet/ParseExcel/SaveParser/Worksheet.pm
cp lib/Spreadsheet/ParseExcel/Workbook.pm blib/lib/Spreadsheet/ParseExcel/Workbook.pm
cp lib/Spreadsheet/ParseExcel/FmtUnicode.pm blib/lib/Spreadsheet/ParseExcel/FmtUnicode.pm
cp lib/Spreadsheet/ParseExcel/Cell.pm blib/lib/Spreadsheet/ParseExcel/Cell.pm
cp lib/Spreadsheet/ParseExcel/Font.pm blib/lib/Spreadsheet/ParseExcel/Font.pm
Manifying blib/man3/Spreadsheet::ParseExcel.3pm
Manifying blib/man3/Spreadsheet::ParseExcel::Format.3pm
Manifying blib/man3/Spreadsheet::ParseExcel::SaveParser.3pm
Manifying blib/man3/Spreadsheet::ParseExcel::FmtJapan2.3pm
Manifying blib/man3/Spreadsheet::ParseExcel::Dump.3pm
Manifying blib/man3/Spreadsheet::ParseExcel::SaveParser::Workbook.3pm
Manifying blib/man3/Spreadsheet::ParseExcel::Worksheet.3pm
Manifying blib/man3/Spreadsheet::ParseExcel::FmtDefault.3pm
Manifying blib/man3/Spreadsheet::ParseExcel::FmtJapan.3pm
Manifying blib/man3/Spreadsheet::ParseExcel::SaveParser::Worksheet.3pm
Manifying blib/man3/Spreadsheet::ParseExcel::Utility.3pm
Manifying blib/man3/Spreadsheet::ParseExcel::Workbook.3pm
Manifying blib/man3/Spreadsheet::ParseExcel::FmtUnicode.3pm
Manifying blib/man3/Spreadsheet::ParseExcel::Font.3pm
Manifying blib/man3/Spreadsheet::ParseExcel::Cell.3pm
  DOUGW/Spreadsheet-ParseExcel-0.65.tar.gz
  /usr/bin/make -- OK
Running make test
PERL_DL_NONLAZY=1 /usr/bin/perl "-MExtUtils::Command::MM" "-e" "test_harness(0, 'blib/lib', 'blib/arch')" t/*.t
t/00_basic.t ................... ok   
t/01_parse.t ................... ok     
t/02_parse-dates.t ............. ok       
t/03_regression.t .............. ok     
t/04_regression.t .............. ok     
t/05_regression.t .............. ok     
t/06_regression.t .............. ok     
t/07_cell_handler.t ............ ok     
t/10_error_codes.t ............. ok   
t/11_encryption.t .............. ok   
t/20_number_format_default.t ... ok     
t/21_number_format_user.t ...... ok       
t/22_number_format_datetime.t .. ok       
t/23_number_format_time.t ...... ok     
t/24_row_col_sizes.t ........... ok     
t/25_decode_rk_numbers.t ....... ok       
t/26_localtime2excel.t ......... ok       
t/27_localtime2excel.t ......... ok     
t/28_int2col.t ................. ok   
t/29_active_sheet.t ............ ok   
t/30_sst_01.t .................. ok     
t/32_charts.t .................. ok     
t/41_test95-97j.t .............. ok     
t/42_test95-97j-2.t ............ ok     
t/43_test2000J.t ............... ok     
t/44_oem.t ..................... ok     
t/45_oem-2.t ................... ok     
t/46_save_parser.t ............. skipped: Spreadsheet::ParseExcel::SaveParser requires Spreadsheet::WriteExcel
t/47_hyperlinks.t .............. ok     
t/90_pod.t ..................... skipped: Author tests not required for installation
t/91_minimumversion.t .......... skipped: Author tests not required for installation
t/92_meta.t .................... skipped: Author tests not required for installation
All tests successful.
Files=32, Tests=1605, 12 wallclock secs ( 0.51 usr  0.03 sys + 10.41 cusr  0.38 csys = 11.33 CPU)
Result: PASS
  DOUGW/Spreadsheet-ParseExcel-0.65.tar.gz
  /usr/bin/make test -- OK
Running make install
Installing /usr/local/share/perl/5.14.2/Spreadsheet/ParseExcel.pm
Installing /usr/local/share/perl/5.14.2/Spreadsheet/ParseExcel/Dump.pm
Installing /usr/local/share/perl/5.14.2/Spreadsheet/ParseExcel/Worksheet.pm
Installing /usr/local/share/perl/5.14.2/Spreadsheet/ParseExcel/FmtJapan.pm
Installing /usr/local/share/perl/5.14.2/Spreadsheet/ParseExcel/FmtJapan2.pm
Installing /usr/local/share/perl/5.14.2/Spreadsheet/ParseExcel/SaveParser.pm
Installing /usr/local/share/perl/5.14.2/Spreadsheet/ParseExcel/FmtDefault.pm
Installing /usr/local/share/perl/5.14.2/Spreadsheet/ParseExcel/Workbook.pm
Installing /usr/local/share/perl/5.14.2/Spreadsheet/ParseExcel/Cell.pm
Installing /usr/local/share/perl/5.14.2/Spreadsheet/ParseExcel/FmtUnicode.pm
Installing /usr/local/share/perl/5.14.2/Spreadsheet/ParseExcel/Format.pm
Installing /usr/local/share/perl/5.14.2/Spreadsheet/ParseExcel/Font.pm
Installing /usr/local/share/perl/5.14.2/Spreadsheet/ParseExcel/Utility.pm
Installing /usr/local/share/perl/5.14.2/Spreadsheet/ParseExcel/SaveParser/Worksheet.pm
Installing /usr/local/share/perl/5.14.2/Spreadsheet/ParseExcel/SaveParser/Workbook.pm
Installing /usr/local/man/man3/Spreadsheet::ParseExcel::Format.3pm
Installing /usr/local/man/man3/Spreadsheet::ParseExcel::Dump.3pm
Installing /usr/local/man/man3/Spreadsheet::ParseExcel::Workbook.3pm
Installing /usr/local/man/man3/Spreadsheet::ParseExcel::SaveParser::Worksheet.3pm
Installing /usr/local/man/man3/Spreadsheet::ParseExcel::SaveParser::Workbook.3pm
Installing /usr/local/man/man3/Spreadsheet::ParseExcel::FmtUnicode.3pm
Installing /usr/local/man/man3/Spreadsheet::ParseExcel::Font.3pm
Installing /usr/local/man/man3/Spreadsheet::ParseExcel::FmtDefault.3pm
Installing /usr/local/man/man3/Spreadsheet::ParseExcel::FmtJapan.3pm
Installing /usr/local/man/man3/Spreadsheet::ParseExcel::SaveParser.3pm
Installing /usr/local/man/man3/Spreadsheet::ParseExcel::Worksheet.3pm
Installing /usr/local/man/man3/Spreadsheet::ParseExcel::Utility.3pm
Installing /usr/local/man/man3/Spreadsheet::ParseExcel.3pm
Installing /usr/local/man/man3/Spreadsheet::ParseExcel::Cell.3pm
Installing /usr/local/man/man3/Spreadsheet::ParseExcel::FmtJapan2.3pm
Appending installation info to /usr/local/lib/perl/5.14.2/perllocal.pod
  DOUGW/Spreadsheet-ParseExcel-0.65.tar.gz
  /usr/bin/make install  -- OK
Running install for module 'Graphics::ColorUtils'
Running make for J/JA/JANERT/Graphics-ColorUtils-0.17.tar.gz
Fetching with LWP:
http://mirror.bytemark.co.uk/CPAN/authors/id/J/JA/JANERT/Graphics-ColorUtils-0.17.tar.gz
Fetching with LWP:
http://mirror.bytemark.co.uk/CPAN/authors/id/J/JA/JANERT/CHECKSUMS
Checksum for /home/abacus/.cpan/sources/authors/id/J/JA/JANERT/Graphics-ColorUtils-0.17.tar.gz ok

  CPAN.pm: Going to build J/JA/JANERT/Graphics-ColorUtils-0.17.tar.gz

Checking if your kit is complete...
Looks good
Writing Makefile for Graphics::ColorUtils
Writing MYMETA.yml
cp lib/Graphics/ColorUtils.pm blib/lib/Graphics/ColorUtils.pm
Manifying blib/man3/Graphics::ColorUtils.3pm
  JANERT/Graphics-ColorUtils-0.17.tar.gz
  /usr/bin/make -- OK
Running make test
PERL_DL_NONLAZY=1 /usr/bin/perl "-MExtUtils::Command::MM" "-e" "test_harness(0, 'blib/lib', 'blib/arch')" t/*.t
t/01sanity.t ....... ok   
t/02conversions.t .. ok         
t/03names.t ........ ok       
t/04gradients.t .... ok     
All tests successful.
Files=4, Tests=3708,  1 wallclock secs ( 0.61 usr  0.05 sys +  0.87 cusr  0.04 csys =  1.57 CPU)
Result: PASS
  JANERT/Graphics-ColorUtils-0.17.tar.gz
  /usr/bin/make test -- OK
Running make install
Manifying blib/man3/Graphics::ColorUtils.3pm
Installing /usr/local/share/perl/5.14.2/Graphics/ColorUtils.pm
Installing /usr/local/man/man3/Graphics::ColorUtils.3pm
Appending installation info to /usr/local/lib/perl/5.14.2/perllocal.pod
  JANERT/Graphics-ColorUtils-0.17.tar.gz
  /usr/bin/make install  -- OK
Running make for D/DO/DOY/Spreadsheet-ParseXLSX-0.14.tar.gz
  Has already been unwrapped into directory /home/abacus/.cpan/build/Spreadsheet-ParseXLSX-0.14-UVundr

  CPAN.pm: Going to build D/DO/DOY/Spreadsheet-ParseXLSX-0.14.tar.gz

cp lib/Spreadsheet/ParseXLSX.pm blib/lib/Spreadsheet/ParseXLSX.pm
Manifying blib/man3/Spreadsheet::ParseXLSX.3pm
  DOY/Spreadsheet-ParseXLSX-0.14.tar.gz
  /usr/bin/make -- OK
Running make test
PERL_DL_NONLAZY=1 /usr/bin/perl "-MExtUtils::Command::MM" "-e" "test_harness(0, 'blib/lib', 'blib/arch')" t/*.t
t/00-compile.t ....... ok   
t/basic.t ............ ok     
t/bug-10.t ........... ok    
t/bug-11.t ........... ok   
t/bug-12.t ........... ok   
t/bug-13.t ........... ok   
t/bug-14.t ........... ok     
t/bug-15.t ........... ok    
t/bug-2.t ............ ok   
t/bug-3.t ............ ok    
t/bug-4.t ............ ok   
t/bug-5.t ............ ok   
t/bug-6-2.t .......... ok    
t/bug-6.t ............ ok   
t/bug-7.t ............ ok   
t/bug-8.t ............ ok   
t/cell-to-row-col.t .. ok   
All tests successful.
Files=17, Tests=916,  9 wallclock secs ( 0.24 usr  0.04 sys +  8.21 cusr  0.48 csys =  8.97 CPU)
Result: PASS
  DOY/Spreadsheet-ParseXLSX-0.14.tar.gz
  /usr/bin/make test -- OK
Running make install
Installing /usr/local/share/perl/5.14.2/Spreadsheet/ParseXLSX.pm
Installing /usr/local/man/man3/Spreadsheet::ParseXLSX.3pm
Appending installation info to /usr/local/lib/perl/5.14.2/perllocal.pod
  DOY/Spreadsheet-ParseXLSX-0.14.tar.gz
  /usr/bin/make install  -- OK

cpan[5]> Terminal does not support GetHistory.
Lockfile removed.


cpan[5]> install "Elasticsearch"
Running install for module 'Elasticsearch'
Running make for D/DR/DRTECH/Elasticsearch-1.05.tar.gz
Fetching with LWP:
http://mirror.bytemark.co.uk/CPAN/authors/id/D/DR/DRTECH/Elasticsearch-1.05.tar.gz
Fetching with LWP:
http://mirror.bytemark.co.uk/CPAN/authors/id/D/DR/DRTECH/CHECKSUMS
Checksum for /home/abacus/.cpan/sources/authors/id/D/DR/DRTECH/Elasticsearch-1.05.tar.gz ok
Scanning cache /home/abacus/.cpan/build for sizes
............................................................................DONE

  CPAN.pm: Going to build D/DR/DRTECH/Elasticsearch-1.05.tar.gz

Checking if your kit is complete...
Looks good
Warning: prerequisite Any::URI::Escape 0 not found.
Warning: prerequisite HTTP::Tiny 0.043 not found. We have 0.012.
Warning: prerequisite Hijk 0.12 not found.
Warning: prerequisite Log::Any 0 not found.
Warning: prerequisite Log::Any::Adapter 0 not found.
Warning: prerequisite Log::Any::Adapter::Callback 0 not found.
Warning: prerequisite Moo 1.003 not found.
Warning: prerequisite Moo::Role 0 not found.
Warning: prerequisite Sub::Exporter 0 not found.
Warning: prerequisite Test::Deep 0 not found.
Warning: prerequisite Test::Exception 0 not found.
Warning: prerequisite namespace::clean 0 not found.
Writing Makefile for Elasticsearch
Writing MYMETA.yml
---- Unsatisfied dependencies detected during ----
----     DRTECH/Elasticsearch-1.05.tar.gz     ----
    Log::Any::Adapter::Callback [requires]
    Sub::Exporter [requires]
    Log::Any::Adapter [requires]
    HTTP::Tiny [requires]
    Hijk [requires]
    Test::Deep [requires]
    Test::Exception [requires]
    Moo::Role [requires]
    Log::Any [requires]
    Any::URI::Escape [requires]
    Moo [requires]
    namespace::clean [requires]
Running make test
  Delayed until after prerequisites
Running make install
  Delayed until after prerequisites
Running install for module 'Log::Any::Adapter::Callback'
Running make for S/SH/SHARYANTO/Log-Any-Adapter-Callback-0.09.tar.gz
Fetching with LWP:
http://mirror.bytemark.co.uk/CPAN/authors/id/S/SH/SHARYANTO/Log-Any-Adapter-Callback-0.09.tar.gz
Fetching with LWP:
http://mirror.bytemark.co.uk/CPAN/authors/id/S/SH/SHARYANTO/CHECKSUMS
Checksum for /home/abacus/.cpan/sources/authors/id/S/SH/SHARYANTO/Log-Any-Adapter-Callback-0.09.tar.gz ok

  CPAN.pm: Going to build S/SH/SHARYANTO/Log-Any-Adapter-Callback-0.09.tar.gz

Checking if your kit is complete...
Looks good
Warning: prerequisite Log::Any::Adapter 0.11 not found.
Writing Makefile for Log::Any::Adapter::Callback
Writing MYMETA.yml
----    Unsatisfied dependencies detected during    ----
---- SHARYANTO/Log-Any-Adapter-Callback-0.09.tar.gz ----
    Log::Any::Adapter [requires]
Running make test
  Delayed until after prerequisites
Running make install
  Delayed until after prerequisites
Running install for module 'Log::Any::Adapter'
Running make for J/JS/JSWARTZ/Log-Any-Adapter-0.11.tar.gz
Fetching with LWP:
http://mirror.bytemark.co.uk/CPAN/authors/id/J/JS/JSWARTZ/Log-Any-Adapter-0.11.tar.gz
Fetching with LWP:
http://mirror.bytemark.co.uk/CPAN/authors/id/J/JS/JSWARTZ/CHECKSUMS
Checksum for /home/abacus/.cpan/sources/authors/id/J/JS/JSWARTZ/Log-Any-Adapter-0.11.tar.gz ok

  CPAN.pm: Going to build J/JS/JSWARTZ/Log-Any-Adapter-0.11.tar.gz

Checking if your kit is complete...
Looks good
Warning: prerequisite Capture::Tiny 0.12 not found.
Warning: prerequisite Devel::GlobalDestruction 0 not found.
Warning: prerequisite Guard 0 not found.
Warning: prerequisite Log::Any 0 not found.
Writing Makefile for Log::Any::Adapter
Writing MYMETA.yml
---- Unsatisfied dependencies detected during ----
----    JSWARTZ/Log-Any-Adapter-0.11.tar.gz   ----
    Capture::Tiny [requires]
    Devel::GlobalDestruction [requires]
    Log::Any [requires]
    Guard [requires]
Running make test
  Delayed until after prerequisites
Running make install
  Delayed until after prerequisites
Running install for module 'Capture::Tiny'
Running make for D/DA/DAGOLDEN/Capture-Tiny-0.24.tar.gz
Fetching with LWP:
http://mirror.bytemark.co.uk/CPAN/authors/id/D/DA/DAGOLDEN/Capture-Tiny-0.24.tar.gz
Fetching with LWP:
http://mirror.bytemark.co.uk/CPAN/authors/id/D/DA/DAGOLDEN/CHECKSUMS
Checksum for /home/abacus/.cpan/sources/authors/id/D/DA/DAGOLDEN/Capture-Tiny-0.24.tar.gz ok

  CPAN.pm: Going to build D/DA/DAGOLDEN/Capture-Tiny-0.24.tar.gz

Checking if your kit is complete...
Looks good
Writing Makefile for Capture::Tiny
Writing MYMETA.yml
cp lib/Capture/Tiny.pm blib/lib/Capture/Tiny.pm
Manifying blib/man3/Capture::Tiny.3pm
  DAGOLDEN/Capture-Tiny-0.24.tar.gz
  /usr/bin/make -- OK
'YAML' not installed, will not store persistent state
Running make test
PERL_DL_NONLAZY=1 /usr/bin/perl "-MExtUtils::Command::MM" "-e" "test_harness(0, 'blib/lib', 'blib/arch')" t/*.t
t/00-report-prereqs.t ...... # 
# Versions for all modules listed in MYMETA.yml (including optional ones):
#    Version Module                  
#   -------- ------------------------
#   2.110440 CPAN::Meta              
#    missing CPAN::Meta::Requirements
#       1.20 Carp                    
#    5.64_03 Exporter                
#    6.57_05 ExtUtils::MakeMaker     
#       3.33 File::Spec              
#       3.33 File::Spec::Functions   
#       0.22 File::Temp              
#       1.15 IO::File                
#       1.31 IO::Handle              
#    missing Inline                  
#       1.23 List::Util              
#       1.23 Scalar::Util            
#       0.98 Test::More              
#       0.63 lib                     
#       1.04 strict                  
#       0.88 version                 
#       1.12 warnings                
t/00-report-prereqs.t ...... ok   
t/01-Capture-Tiny.t ........ ok     
t/02-capture.t ............. ok     
t/03-tee.t ................. ok     
t/06-stdout-closed.t ....... ok     
t/07-stderr-closed.t ....... ok     
t/08-stdin-closed.t ........ ok     
t/09-preserve-exit-code.t .. ok   
t/10-stdout-string.t ....... ok     
t/11-stderr-string.t ....... ok     
t/12-stdin-string.t ........ ok     
t/13-stdout-tied.t ......... ok     
t/14-stderr-tied.t ......... ok     
t/15-stdin-tied.t .......... ok     
t/16-catch-errors.t ........ ok   
t/17-pass-results.t ........ ok     
t/18-custom-capture.t ...... ok     
t/19-inline-c.t ............ skipped: Inline module required
t/20-stdout-badtie.t ....... ok     
t/21-stderr-badtie.t ....... ok     
t/22-stdin-badtie.t ........ ok     
t/23-all-tied.t ............ ok     
t/24-all-badtied.t ......... ok     
All tests successful.
Files=23, Tests=11996, 38 wallclock secs ( 2.72 usr  0.16 sys + 24.10 cusr 13.60 csys = 40.58 CPU)
Result: PASS
  DAGOLDEN/Capture-Tiny-0.24.tar.gz
  /usr/bin/make test -- OK
Running make install
Manifying blib/man3/Capture::Tiny.3pm
Installing /usr/local/share/perl/5.14.2/Capture/Tiny.pm
Installing /usr/local/man/man3/Capture::Tiny.3pm
Appending installation info to /usr/local/lib/perl/5.14.2/perllocal.pod
  DAGOLDEN/Capture-Tiny-0.24.tar.gz
  /usr/bin/make install  -- OK
Running install for module 'Devel::GlobalDestruction'
Running make for H/HA/HAARG/Devel-GlobalDestruction-0.12.tar.gz
Fetching with LWP:
http://mirror.bytemark.co.uk/CPAN/authors/id/H/HA/HAARG/Devel-GlobalDestruction-0.12.tar.gz
Fetching with LWP:
http://mirror.bytemark.co.uk/CPAN/authors/id/H/HA/HAARG/CHECKSUMS
Checksum for /home/abacus/.cpan/sources/authors/id/H/HA/HAARG/Devel-GlobalDestruction-0.12.tar.gz ok

  CPAN.pm: Going to build H/HA/HAARG/Devel-GlobalDestruction-0.12.tar.gz

Checking if your kit is complete...
Looks good
Warning: prerequisite Sub::Exporter::Progressive 0.001011 not found.
Writing Makefile for Devel::GlobalDestruction
Could not read metadata file. Falling back to other methods to determine prerequisites
----  Unsatisfied dependencies detected during ----
---- HAARG/Devel-GlobalDestruction-0.12.tar.gz ----
    Sub::Exporter::Progressive [requires]
Running make test
  Delayed until after prerequisites
Running make install
  Delayed until after prerequisites
Running install for module 'Sub::Exporter::Progressive'
Running make for F/FR/FREW/Sub-Exporter-Progressive-0.001011.tar.gz
Fetching with LWP:
http://mirror.bytemark.co.uk/CPAN/authors/id/F/FR/FREW/Sub-Exporter-Progressive-0.001011.tar.gz
Fetching with LWP:
http://mirror.bytemark.co.uk/CPAN/authors/id/F/FR/FREW/CHECKSUMS
Checksum for /home/abacus/.cpan/sources/authors/id/F/FR/FREW/Sub-Exporter-Progressive-0.001011.tar.gz ok

  CPAN.pm: Going to build F/FR/FREW/Sub-Exporter-Progressive-0.001011.tar.gz

Checking if your kit is complete...
Looks good
Writing Makefile for Sub::Exporter::Progressive
cp lib/Sub/Exporter/Progressive.pm blib/lib/Sub/Exporter/Progressive.pm
Manifying blib/man3/Sub::Exporter::Progressive.3pm
  FREW/Sub-Exporter-Progressive-0.001011.tar.gz
  /usr/bin/make -- OK
Running make test
PERL_DL_NONLAZY=1 /usr/bin/perl "-MExtUtils::Command::MM" "-e" "test_harness(0, 'blib/lib', 'blib/arch')" t/*.t
t/all.t ............ ok   
t/basic.t .......... ok   
t/default.t ........ ok   
t/sex.t ............ skipped: Sub::Exporter not installed
t/tags.t ........... ok    
t/version-check.t .. ok   
All tests successful.
Files=6, Tests=59,  1 wallclock secs ( 0.03 usr  0.02 sys +  0.10 cusr  0.02 csys =  0.17 CPU)
Result: PASS
  FREW/Sub-Exporter-Progressive-0.001011.tar.gz
  /usr/bin/make test -- OK
Running make install
Manifying blib/man3/Sub::Exporter::Progressive.3pm
Installing /usr/local/share/perl/5.14.2/Sub/Exporter/Progressive.pm
Installing /usr/local/man/man3/Sub::Exporter::Progressive.3pm
Appending installation info to /usr/local/lib/perl/5.14.2/perllocal.pod
  FREW/Sub-Exporter-Progressive-0.001011.tar.gz
  /usr/bin/make install  -- OK
Running make for H/HA/HAARG/Devel-GlobalDestruction-0.12.tar.gz
  Has already been unwrapped into directory /home/abacus/.cpan/build/Devel-GlobalDestruction-0.12-ly0xSm

  CPAN.pm: Going to build H/HA/HAARG/Devel-GlobalDestruction-0.12.tar.gz

cp lib/Devel/GlobalDestruction.pm blib/lib/Devel/GlobalDestruction.pm
Manifying blib/man3/Devel::GlobalDestruction.3pm
  HAARG/Devel-GlobalDestruction-0.12.tar.gz
  /usr/bin/make -- OK
Running make test
PERL_DL_NONLAZY=1 /usr/bin/perl "-MExtUtils::Command::MM" "-e" "test_harness(0, 'blib/lib', 'blib/arch')" t/*.t
t/01_basic.t ......... ok   
t/02_thread.t ........ ok   
t/03_minusc.t ........ 1/3 t/03_minusc.t syntax OK
t/03_minusc.t ........ ok   
t/04_phases.t ........ ok     
t/05_thread_clone.t .. ok   
t/06_load-in-gd.t .... ok   
t/10_pure-perl.t ..... 1/6 /home/abacus/.cpan/build/Devel-GlobalDestruction-0.12-ly0xSm/t/03_minusc.t syntax OK
t/10_pure-perl.t ..... ok   
All tests successful.
Files=7, Tests=44,  1 wallclock secs ( 0.05 usr  0.02 sys +  0.20 cusr  0.05 csys =  0.32 CPU)
Result: PASS
  HAARG/Devel-GlobalDestruction-0.12.tar.gz
  /usr/bin/make test -- OK
Running make install
Installing /usr/local/share/perl/5.14.2/Devel/GlobalDestruction.pm
Installing /usr/local/man/man3/Devel::GlobalDestruction.3pm
Appending installation info to /usr/local/lib/perl/5.14.2/perllocal.pod
  HAARG/Devel-GlobalDestruction-0.12.tar.gz
  /usr/bin/make install  -- OK
Running install for module 'Log::Any'
Running make for J/JS/JSWARTZ/Log-Any-0.15.tar.gz
Fetching with LWP:
http://mirror.bytemark.co.uk/CPAN/authors/id/J/JS/JSWARTZ/Log-Any-0.15.tar.gz
Checksum for /home/abacus/.cpan/sources/authors/id/J/JS/JSWARTZ/Log-Any-0.15.tar.gz ok

  CPAN.pm: Going to build J/JS/JSWARTZ/Log-Any-0.15.tar.gz

Checking if your kit is complete...
Looks good
Writing Makefile for Log::Any
Writing MYMETA.yml
cp lib/Log/Any.pm blib/lib/Log/Any.pm
cp lib/Log/Any/Adapter/Test.pm blib/lib/Log/Any/Adapter/Test.pm
cp lib/Log/Any/Test.pm blib/lib/Log/Any/Test.pm
cp lib/Log/Any/Adapter/Null.pm blib/lib/Log/Any/Adapter/Null.pm
cp lib/Log/Any/Adapter/Core.pm blib/lib/Log/Any/Adapter/Core.pm
Manifying blib/man3/Log::Any.3pm
Manifying blib/man3/Log::Any::Test.3pm
Manifying blib/man3/Log::Any::Adapter::Null.3pm
Manifying blib/man3/Log::Any::Adapter::Core.3pm
  JSWARTZ/Log-Any-0.15.tar.gz
  /usr/bin/make -- OK
Running make test
PERL_DL_NONLAZY=1 /usr/bin/perl "-MExtUtils::Command::MM" "-e" "test_harness(0, 'blib/lib', 'blib/arch')" t/*.t
t/errors.t .............. ok   
t/log-any-test.t ........ ok   
t/release-backcompat.t .. skipped: these tests are for release candidate testing
t/valid-methods.t ....... ok     
All tests successful.
Files=4, Tests=92,  0 wallclock secs ( 0.04 usr  0.00 sys +  0.07 cusr  0.02 csys =  0.13 CPU)
Result: PASS
  JSWARTZ/Log-Any-0.15.tar.gz
  /usr/bin/make test -- OK
Running make install
Manifying blib/man3/Log::Any.3pm
Manifying blib/man3/Log::Any::Test.3pm
Manifying blib/man3/Log::Any::Adapter::Null.3pm
Manifying blib/man3/Log::Any::Adapter::Core.3pm
Installing /usr/local/share/perl/5.14.2/Log/Any.pm
Installing /usr/local/share/perl/5.14.2/Log/Any/Test.pm
Installing /usr/local/share/perl/5.14.2/Log/Any/Adapter/Core.pm
Installing /usr/local/share/perl/5.14.2/Log/Any/Adapter/Null.pm
Installing /usr/local/share/perl/5.14.2/Log/Any/Adapter/Test.pm
Installing /usr/local/man/man3/Log::Any.3pm
Installing /usr/local/man/man3/Log::Any::Adapter::Null.3pm
Installing /usr/local/man/man3/Log::Any::Adapter::Core.3pm
Installing /usr/local/man/man3/Log::Any::Test.3pm
Appending installation info to /usr/local/lib/perl/5.14.2/perllocal.pod
  JSWARTZ/Log-Any-0.15.tar.gz
  /usr/bin/make install  -- OK
Running install for module 'Guard'
Running make for M/ML/MLEHMANN/Guard-1.022.tar.gz
Fetching with LWP:
http://mirror.bytemark.co.uk/CPAN/authors/id/M/ML/MLEHMANN/Guard-1.022.tar.gz
Fetching with LWP:
http://mirror.bytemark.co.uk/CPAN/authors/id/M/ML/MLEHMANN/CHECKSUMS
Checksum for /home/abacus/.cpan/sources/authors/id/M/ML/MLEHMANN/Guard-1.022.tar.gz ok

  CPAN.pm: Going to build M/ML/MLEHMANN/Guard-1.022.tar.gz

Checking if your kit is complete...
Looks good
Writing Makefile for Guard
Writing MYMETA.yml
cp Guard.pm blib/lib/Guard.pm
/usr/bin/perl /usr/share/perl/5.14/ExtUtils/xsubpp  -typemap /usr/share/perl/5.14/ExtUtils/typemap  Guard.xs > Guard.xsc && mv Guard.xsc Guard.c
cc -c   -D_REENTRANT -D_GNU_SOURCE -DDEBIAN -fstack-protector -fno-strict-aliasing -pipe -I/usr/local/include -D_LARGEFILE_SOURCE -D_FILE_OFFSET_BITS=64 -O2 -g   -DVERSION=\"1.022\" -DXS_VERSION=\"1.022\" -fPIC "-I/usr/lib/perl/5.14/CORE"   Guard.c
Running Mkbootstrap for Guard ()
chmod 644 Guard.bs
rm -f blib/arch/auto/Guard/Guard.so
cc  -shared -L/usr/local/lib -fstack-protector Guard.o  -o blib/arch/auto/Guard/Guard.so 	\
	     	\
	  
chmod 755 blib/arch/auto/Guard/Guard.so
cp Guard.bs blib/arch/auto/Guard/Guard.bs
chmod 644 blib/arch/auto/Guard/Guard.bs
Manifying blib/man3/Guard.3pm
  MLEHMANN/Guard-1.022.tar.gz
  /usr/bin/make -- OK
Running make test
PERL_DL_NONLAZY=1 /usr/bin/perl "-MExtUtils::Command::MM" "-e" "test_harness(0, 'blib/lib', 'blib/arch')" t/*.t
t/00_load.t .... ok   
t/01_scoped.t .. ok     
t/02_guard.t ... ok     
t/03_die.t ..... ok     
All tests successful.
Files=4, Tests=33,  0 wallclock secs ( 0.02 usr  0.02 sys +  0.03 cusr  0.00 csys =  0.07 CPU)
Result: PASS
  MLEHMANN/Guard-1.022.tar.gz
  /usr/bin/make test -- OK
Running make install
Files found in blib/arch: installing files in blib/lib into architecture dependent library tree
Installing /usr/local/lib/perl/5.14.2/auto/Guard/Guard.bs
Installing /usr/local/lib/perl/5.14.2/auto/Guard/Guard.so
Installing /usr/local/lib/perl/5.14.2/Guard.pm
Installing /usr/local/man/man3/Guard.3pm
Appending installation info to /usr/local/lib/perl/5.14.2/perllocal.pod
  MLEHMANN/Guard-1.022.tar.gz
  /usr/bin/make install  -- OK
Running make for J/JS/JSWARTZ/Log-Any-Adapter-0.11.tar.gz
  Has already been unwrapped into directory /home/abacus/.cpan/build/Log-Any-Adapter-0.11-Tg_NqX

  CPAN.pm: Going to build J/JS/JSWARTZ/Log-Any-Adapter-0.11.tar.gz

cp lib/Log/Any/Adapter/File.pm blib/lib/Log/Any/Adapter/File.pm
cp lib/Log/Any/Adapter/FileScreenBase.pm blib/lib/Log/Any/Adapter/FileScreenBase.pm
cp lib/Log/Any/Adapter.pm blib/lib/Log/Any/Adapter.pm
cp lib/Log/Any/Manager.pm blib/lib/Log/Any/Manager.pm
cp lib/Log/Any/Adapter/Test/Memory.pm blib/lib/Log/Any/Adapter/Test/Memory.pm
cp lib/Log/Any/Adapter/Stderr.pm blib/lib/Log/Any/Adapter/Stderr.pm
cp lib/Log/Any/Adapter/Util.pm blib/lib/Log/Any/Adapter/Util.pm
cp lib/Log/Any/Adapter/Development.pod blib/lib/Log/Any/Adapter/Development.pod
cp lib/Log/Any/Adapter/Stdout.pm blib/lib/Log/Any/Adapter/Stdout.pm
cp lib/Log/Any/Adapter/Base.pm blib/lib/Log/Any/Adapter/Base.pm
Manifying blib/man3/Log::Any::Adapter::File.3pm
Manifying blib/man3/Log::Any::Adapter::Stderr.3pm
Manifying blib/man3/Log::Any::Adapter.3pm
Manifying blib/man3/Log::Any::Adapter::Development.3pm
Manifying blib/man3/Log::Any::Adapter::Stdout.3pm
Manifying blib/man3/Log::Any::Adapter::Base.3pm
  JSWARTZ/Log-Any-Adapter-0.11.tar.gz
  /usr/bin/make -- OK
Running make test
PERL_DL_NONLAZY=1 /usr/bin/perl "-MExtUtils::Command::MM" "-e" "test_harness(0, 'blib/lib', 'blib/arch')" t/*.t
t/00-load.t ..... 1/1 # Testing Log::Any 0.15, Perl 5.014002, /usr/bin/perl
t/00-load.t ..... ok   
t/errors.t ...... ok   
t/filescreen.t .. ok   
t/import.t ...... ok   
t/memory.t ...... ok    
t/sprintf.t ..... ok   
All tests successful.
Files=6, Tests=43,  0 wallclock secs ( 0.03 usr  0.02 sys +  0.17 cusr  0.04 csys =  0.26 CPU)
Result: PASS
  JSWARTZ/Log-Any-Adapter-0.11.tar.gz
  /usr/bin/make test -- OK
Running make install
Installing /usr/local/share/perl/5.14.2/Log/Any/Adapter.pm
Installing /usr/local/share/perl/5.14.2/Log/Any/Manager.pm
Installing /usr/local/share/perl/5.14.2/Log/Any/Adapter/Util.pm
Installing /usr/local/share/perl/5.14.2/Log/Any/Adapter/File.pm
Installing /usr/local/share/perl/5.14.2/Log/Any/Adapter/Development.pod
Installing /usr/local/share/perl/5.14.2/Log/Any/Adapter/Stderr.pm
Installing /usr/local/share/perl/5.14.2/Log/Any/Adapter/Stdout.pm
Installing /usr/local/share/perl/5.14.2/Log/Any/Adapter/Base.pm
Installing /usr/local/share/perl/5.14.2/Log/Any/Adapter/FileScreenBase.pm
Installing /usr/local/share/perl/5.14.2/Log/Any/Adapter/Test/Memory.pm
Installing /usr/local/man/man3/Log::Any::Adapter::Development.3pm
Installing /usr/local/man/man3/Log::Any::Adapter::Stdout.3pm
Installing /usr/local/man/man3/Log::Any::Adapter::File.3pm
Installing /usr/local/man/man3/Log::Any::Adapter::Stderr.3pm
Installing /usr/local/man/man3/Log::Any::Adapter::Base.3pm
Installing /usr/local/man/man3/Log::Any::Adapter.3pm
Appending installation info to /usr/local/lib/perl/5.14.2/perllocal.pod
  JSWARTZ/Log-Any-Adapter-0.11.tar.gz
  /usr/bin/make install  -- OK
Running make for S/SH/SHARYANTO/Log-Any-Adapter-Callback-0.09.tar.gz
  Has already been unwrapped into directory /home/abacus/.cpan/build/Log-Any-Adapter-Callback-0.09-bZP1ky

  CPAN.pm: Going to build S/SH/SHARYANTO/Log-Any-Adapter-Callback-0.09.tar.gz

cp lib/Log/Any/Adapter/Callback.pm blib/lib/Log/Any/Adapter/Callback.pm
Manifying blib/man3/Log::Any::Adapter::Callback.3pm
  SHARYANTO/Log-Any-Adapter-Callback-0.09.tar.gz
  /usr/bin/make -- OK
Running make test
PERL_DL_NONLAZY=1 /usr/bin/perl "-MExtUtils::Command::MM" "-e" "test_harness(0, 'blib/lib', 'blib/arch')" t/*.t
t/00-compile.t ............ ok   
t/01-basics.t ............. ok   
t/release-pod-coverage.t .. skipped: these tests are for release candidate testing
t/release-pod-syntax.t .... skipped: these tests are for release candidate testing
t/release-rinci.t ......... skipped: these tests are for release candidate testing
All tests successful.
Files=5, Tests=2,  1 wallclock secs ( 0.03 usr  0.00 sys +  0.09 cusr  0.02 csys =  0.14 CPU)
Result: PASS
  SHARYANTO/Log-Any-Adapter-Callback-0.09.tar.gz
  /usr/bin/make test -- OK
Running make install
Installing /usr/local/share/perl/5.14.2/Log/Any/Adapter/Callback.pm
Installing /usr/local/man/man3/Log::Any::Adapter::Callback.3pm
Appending installation info to /usr/local/lib/perl/5.14.2/perllocal.pod
  SHARYANTO/Log-Any-Adapter-Callback-0.09.tar.gz
  /usr/bin/make install  -- OK
Running install for module 'Sub::Exporter'
Running make for R/RJ/RJBS/Sub-Exporter-0.987.tar.gz
Fetching with LWP:
http://mirror.bytemark.co.uk/CPAN/authors/id/R/RJ/RJBS/Sub-Exporter-0.987.tar.gz
Fetching with LWP:
http://mirror.bytemark.co.uk/CPAN/authors/id/R/RJ/RJBS/CHECKSUMS
Checksum for /home/abacus/.cpan/sources/authors/id/R/RJ/RJBS/Sub-Exporter-0.987.tar.gz ok

  CPAN.pm: Going to build R/RJ/RJBS/Sub-Exporter-0.987.tar.gz

Checking if your kit is complete...
Looks good
Writing Makefile for Sub::Exporter
Writing MYMETA.yml
cp lib/Sub/Exporter/Util.pm blib/lib/Sub/Exporter/Util.pm
cp lib/Sub/Exporter/Cookbook.pod blib/lib/Sub/Exporter/Cookbook.pod
cp lib/Sub/Exporter/Tutorial.pod blib/lib/Sub/Exporter/Tutorial.pod
cp lib/Sub/Exporter.pm blib/lib/Sub/Exporter.pm
Manifying blib/man3/Sub::Exporter::Util.3pm
Manifying blib/man3/Sub::Exporter::Cookbook.3pm
Manifying blib/man3/Sub::Exporter::Tutorial.3pm
Manifying blib/man3/Sub::Exporter.3pm
  RJBS/Sub-Exporter-0.987.tar.gz
  /usr/bin/make -- OK
Running make test
PERL_DL_NONLAZY=1 /usr/bin/perl "-MExtUtils::Command::MM" "-e" "test_harness(0, 'blib/lib', 'blib/arch')" t/*.t
t/00-compile.t ................ ok   
t/000-report-versions-tiny.t .. # 
# 
# Generated by Dist::Zilla::Plugin::ReportVersions::Tiny v1.10
# perl: 5.014002 (wanted 5.006) on linux from /usr/bin/perl
# 
# Carp                                          => 1.20       (want any version)
# Data::OptList                                 => 0.107      (want 0.100)  
# Exporter                                      => 5.64_03    (want any version)
# ExtUtils::MakeMaker                           => 6.57_05    (want 6.30)   
# File::Spec                                    => 3.33       (want any version)
# IO::Handle                                    => 1.31       (want any version)
# IPC::Open3                                    => 1.09       (want any version)
# Params::Util                                  => 1.07       (want 0.14)   
# Sub::Install                                  => 0.926      (want 0.92)   
# Test::More                                    => 0.98       (want 0.96)   
# base                                          => 2.16       (want any version)
# lib                                           => 0.63       (want any version)
# overload                                      => 1.13       (want any version)
# strict                                        => 1.04       (want any version)
# subs                                          => 1.00       (want any version)
# warnings                                      => 1.12       (want any version)
# 
# Thanks for using my code.  I hope it works for you.
# If not, please try and include this output in the bug report.
# That will help me reproduce the issue and solve your problem.
# 
t/000-report-versions-tiny.t .. ok   
t/col-init.t .................. ok   
t/collection.t ................ ok   
t/expand-group.t .............. ok     
t/faux-export.t ............... ok     
t/gen-callable.t .............. ok   
t/group-generator.t ........... ok     
t/inherited.t ................. ok   
t/into-level.t ................ ok     
t/real-export-groupgen.t ...... ok   
t/real-export-href.t .......... ok     
t/real-export-setup.t ......... ok     
t/util-curry.t ................ ok     
t/util-currychain.t ........... ok   
t/util-like.t ................. ok     
t/util-merge.t ................ ok   
t/util-mixin.t ................ skipped: the mixin exporter requires Package::Generator
t/util-namemap.t .............. skipped: not actually offerring this feature yet
t/valid-config.t .............. ok   
All tests successful.
Files=20, Tests=252,  1 wallclock secs ( 0.11 usr  0.02 sys +  0.58 cusr  0.09 csys =  0.80 CPU)
Result: PASS
  RJBS/Sub-Exporter-0.987.tar.gz
  /usr/bin/make test -- OK
Running make install
Installing /usr/local/share/perl/5.14.2/Sub/Exporter.pm
Installing /usr/local/share/perl/5.14.2/Sub/Exporter/Util.pm
Installing /usr/local/share/perl/5.14.2/Sub/Exporter/Cookbook.pod
Installing /usr/local/share/perl/5.14.2/Sub/Exporter/Tutorial.pod
Installing /usr/local/man/man3/Sub::Exporter.3pm
Installing /usr/local/man/man3/Sub::Exporter::Tutorial.3pm
Installing /usr/local/man/man3/Sub::Exporter::Cookbook.3pm
Installing /usr/local/man/man3/Sub::Exporter::Util.3pm
Appending installation info to /usr/local/lib/perl/5.14.2/perllocal.pod
  RJBS/Sub-Exporter-0.987.tar.gz
  /usr/bin/make install  -- OK
Log::Any::Adapter is up to date (0.11).
Running install for module 'HTTP::Tiny'
Running make for D/DA/DAGOLDEN/HTTP-Tiny-0.043.tar.gz
Fetching with LWP:
http://mirror.bytemark.co.uk/CPAN/authors/id/D/DA/DAGOLDEN/HTTP-Tiny-0.043.tar.gz
Checksum for /home/abacus/.cpan/sources/authors/id/D/DA/DAGOLDEN/HTTP-Tiny-0.043.tar.gz ok

  CPAN.pm: Going to build D/DA/DAGOLDEN/HTTP-Tiny-0.043.tar.gz

Checking if your kit is complete...
Looks good
Writing Makefile for HTTP::Tiny
Writing MYMETA.yml
cp lib/HTTP/Tiny.pm blib/lib/HTTP/Tiny.pm
Manifying blib/man3/HTTP::Tiny.3pm
  DAGOLDEN/HTTP-Tiny-0.043.tar.gz
  /usr/bin/make -- OK
Running make test
PERL_DL_NONLAZY=1 /usr/bin/perl "-MExtUtils::Command::MM" "-e" "test_harness(0, 'blib/lib', 'blib/arch')" t/*.t
t/00-report-prereqs.t .. # 
# Versions for all modules listed in MYMETA.yml (including optional ones):
#    Version Module                  
#   -------- ------------------------
#   2.110440 CPAN::Meta              
#    missing CPAN::Meta::Requirements
#       1.20 Carp                    
#   2.130_02 Data::Dumper            
#    5.64_03 Exporter                
#    6.57_05 ExtUtils::MakeMaker     
#       1.11 Fcntl                   
#       2.82 File::Basename          
#       3.33 File::Spec              
#       3.33 File::Spec::Functions   
#       0.22 File::Temp              
#    missing HTTP::CookieJar         
#       1.08 IO::Dir                 
#       1.15 IO::File                
#       1.32 IO::Socket              
#       1.31 IO::Socket::INET        
#    missing IO::Socket::IP          
#       1.76 IO::Socket::SSL         
#       0.70 IPC::Cmd                
#       1.23 List::Util              
#       3.13 MIME::Base64            
#    missing Mozilla::CA             
#       1.48 Net::SSLeay             
#       0.98 Test::More              
#     1.2000 Time::Local             
#       1.04 bytes                   
#       1.08 open                    
#       1.04 strict                  
#       0.88 version                 
#       1.12 warnings                
t/00-report-prereqs.t .. ok   
t/000_load.t ........... ok   
t/001_api.t ............ ok   
t/002_croakage.t ....... ok    
t/003_agent.t .......... ok   
t/010_url.t ............ ok     
t/020_headers.t ........ ok   
t/030_response.t ....... ok   
t/040_content.t ........ ok   
t/050_chunked_body.t ... ok   
t/060_http_date.t ...... ok   
t/070_cookie_jar.t ..... ok   
t/100_get.t ............ ok     
t/101_head.t ........... ok   
t/102_put.t ............ ok    
t/103_delete.t ......... ok   
t/104_post.t ........... ok   
t/110_mirror.t ......... ok    
t/130_redirect.t ....... ok    
t/140_proxy.t .......... ok   
t/141_no_proxy.t ....... ok    
t/150_post_form.t ...... ok    
t/160_cookies.t ........ ok   
t/161_basic_auth.t ..... ok    
t/162_proxy_auth.t ..... ok   
t/170_keepalive.t ...... ok    
t/200_live.t ........... skipped: Only run for $ENV{AUTOMATED_TESTING}
t/200_live_local_ip.t .. skipped: Only run for $ENV{AUTOMATED_TESTING}
t/210_live_ssl.t ....... skipped: Net::SSLeay 1.49 required for SSL tests
All tests successful.
Files=29, Tests=351,  2 wallclock secs ( 0.14 usr  0.04 sys +  1.17 cusr  0.16 csys =  1.51 CPU)
Result: PASS
  DAGOLDEN/HTTP-Tiny-0.043.tar.gz
  /usr/bin/make test -- OK
Running make install
Manifying blib/man3/HTTP::Tiny.3pm
Installing /usr/local/share/perl/5.14.2/HTTP/Tiny.pm
Installing /usr/local/man/man3/HTTP::Tiny.3pm
Appending installation info to /usr/local/lib/perl/5.14.2/perllocal.pod
  DAGOLDEN/HTTP-Tiny-0.043.tar.gz
  /usr/bin/make install  -- OK
Running install for module 'Hijk'
Running make for A/AV/AVAR/Hijk-0.12.tar.gz
Fetching with LWP:
http://mirror.bytemark.co.uk/CPAN/authors/id/A/AV/AVAR/Hijk-0.12.tar.gz
Fetching with LWP:
http://mirror.bytemark.co.uk/CPAN/authors/id/A/AV/AVAR/CHECKSUMS
Checksum for /home/abacus/.cpan/sources/authors/id/A/AV/AVAR/Hijk-0.12.tar.gz ok

  CPAN.pm: Going to build A/AV/AVAR/Hijk-0.12.tar.gz

Cannot determine perl version info from lib/Hijk.pm
Checking if your kit is complete...
Looks good
Writing Makefile for Hijk
Writing MYMETA.yml
Merging cpanfile prereqs to MYMETA.yml
---- Unsatisfied dependencies detected during ----
----           AVAR/Hijk-0.12.tar.gz          ----
    Test::Exception [requires]
    Net::Ping [build_requires]
    Plack [build_requires]
Running make test
  Delayed until after prerequisites
Running make install
  Delayed until after prerequisites
Running install for module 'Test::Exception'
Running make for A/AD/ADIE/Test-Exception-0.32.tar.gz
Fetching with LWP:
http://mirror.bytemark.co.uk/CPAN/authors/id/A/AD/ADIE/Test-Exception-0.32.tar.gz
Fetching with LWP:
http://mirror.bytemark.co.uk/CPAN/authors/id/A/AD/ADIE/CHECKSUMS
Checksum for /home/abacus/.cpan/sources/authors/id/A/AD/ADIE/Test-Exception-0.32.tar.gz ok

  CPAN.pm: Going to build A/AD/ADIE/Test-Exception-0.32.tar.gz

Checking prerequisites...
  requires:
    !  Sub::Uplevel is not installed

ERRORS/WARNINGS FOUND IN PREREQUISITES.  You may wish to install the versions
of the modules indicated above before proceeding with this installation

Created MYMETA.yml and MYMETA.json
Creating new 'Build' script for 'Test-Exception' version '0.32'
---- Unsatisfied dependencies detected during ----
----      ADIE/Test-Exception-0.32.tar.gz     ----
    Sub::Uplevel [requires]
Running Build test
  Delayed until after prerequisites
Running Build install
  Delayed until after prerequisites
Running install for module 'Sub::Uplevel'
Running make for D/DA/DAGOLDEN/Sub-Uplevel-0.24.tar.gz
Fetching with LWP:
http://mirror.bytemark.co.uk/CPAN/authors/id/D/DA/DAGOLDEN/Sub-Uplevel-0.24.tar.gz
Checksum for /home/abacus/.cpan/sources/authors/id/D/DA/DAGOLDEN/Sub-Uplevel-0.24.tar.gz ok

  CPAN.pm: Going to build D/DA/DAGOLDEN/Sub-Uplevel-0.24.tar.gz

Checking if your kit is complete...
Looks good
Writing Makefile for Sub::Uplevel
Writing MYMETA.yml
cp lib/Sub/Uplevel.pm blib/lib/Sub/Uplevel.pm
Manifying blib/man3/Sub::Uplevel.3pm
  DAGOLDEN/Sub-Uplevel-0.24.tar.gz
  /usr/bin/make -- OK
Running make test
PERL_DL_NONLAZY=1 /usr/bin/perl "-MExtUtils::Command::MM" "-e" "test_harness(0, 'blib/lib', 'blib/arch')" t/*.t
t/00-compile.t ............... ok   
t/01_die_check.t ............. ok   
t/02_uplevel.t ............... ok     
t/03_nested_uplevels.t ....... ok       
t/04_honor_later_override.t .. ok   
t/05_honor_prior_override.t .. ok     
t/06_db_args.t ............... ok   
t/07_uplevel_too_high.t ...... ok   
t/08_exporter.t .............. ok   
t/09_emptylist.t ............. ok   
All tests successful.
Files=10, Tests=158,  1 wallclock secs ( 0.06 usr  0.02 sys +  0.21 cusr  0.03 csys =  0.32 CPU)
Result: PASS
  DAGOLDEN/Sub-Uplevel-0.24.tar.gz
  /usr/bin/make test -- OK
Running make install
Manifying blib/man3/Sub::Uplevel.3pm
Installing /usr/local/share/perl/5.14.2/Sub/Uplevel.pm
Installing /usr/local/man/man3/Sub::Uplevel.3pm
Appending installation info to /usr/local/lib/perl/5.14.2/perllocal.pod
  DAGOLDEN/Sub-Uplevel-0.24.tar.gz
  /usr/bin/make install  -- OK
Running Build for A/AD/ADIE/Test-Exception-0.32.tar.gz
  Has already been unwrapped into directory /home/abacus/.cpan/build/Test-Exception-0.32-35bh_n

  CPAN.pm: Going to build A/AD/ADIE/Test-Exception-0.32.tar.gz

Building Test-Exception
  ADIE/Test-Exception-0.32.tar.gz
  ./Build -- OK
Running Build test
t/Exception.t ... ok     
t/caller.t ...... ok   
t/edge-cases.t .. skipped: stuff relating to RT#24678 that I have not fixed yet
t/import.t ...... ok   
t/isa.t ......... ok   
t/lives_and.t ... ok   
t/preserve.t .... ok   
t/return.t ...... ok     
t/rt.t .......... ok   
t/stacktrace.t .. ok   
t/throws_ok.t ... ok   
All tests successful.

Test Summary Report
-------------------
t/Exception.t (Wstat: 0 Tests: 20 Failed: 0)
  TODO passed:   20
Files=11, Tests=53,  0 wallclock secs ( 0.06 usr  0.01 sys +  0.26 cusr  0.04 csys =  0.37 CPU)
Result: PASS
  ADIE/Test-Exception-0.32.tar.gz
  ./Build test -- OK
Running Build install
Building Test-Exception
Installing /usr/local/share/perl/5.14.2/Test/Exception.pm
Installing /usr/local/man/man3/Test::Exception.3pm
  ADIE/Test-Exception-0.32.tar.gz
  ./Build install  -- OK
Running install for module 'Net::Ping'
Running make for S/SM/SMPETERS/Net-Ping-2.41.tar.gz
Fetching with LWP:
http://mirror.bytemark.co.uk/CPAN/authors/id/S/SM/SMPETERS/Net-Ping-2.41.tar.gz
Fetching with LWP:
http://mirror.bytemark.co.uk/CPAN/authors/id/S/SM/SMPETERS/CHECKSUMS
Checksum for /home/abacus/.cpan/sources/authors/id/S/SM/SMPETERS/Net-Ping-2.41.tar.gz ok

  CPAN.pm: Going to build S/SM/SMPETERS/Net-Ping-2.41.tar.gz

Checking if your kit is complete...
Looks good
Warning: prerequisite Socket 2.007 not found. We have 1.94.
Writing Makefile for Net::Ping
Writing MYMETA.yml
---- Unsatisfied dependencies detected during ----
----       SMPETERS/Net-Ping-2.41.tar.gz      ----
    Socket [requires]
Running make test
  Delayed until after prerequisites
Running make install
  Delayed until after prerequisites
Running install for module 'Socket'
Running make for P/PE/PEVANS/Socket-2.013.tar.gz
Fetching with LWP:
http://mirror.bytemark.co.uk/CPAN/authors/id/P/PE/PEVANS/Socket-2.013.tar.gz
Fetching with LWP:
http://mirror.bytemark.co.uk/CPAN/authors/id/P/PE/PEVANS/CHECKSUMS
Checksum for /home/abacus/.cpan/sources/authors/id/P/PE/PEVANS/Socket-2.013.tar.gz ok

  CPAN.pm: Going to build P/PE/PEVANS/Socket-2.013.tar.gz

Checking HAS_SOCKADDR_SA_LEN...
test-0.c: In function main:
test-0.c:16:27: error: struct sockaddr has no member named sa_len
Checking HAS_SOCKADDR_IN6...
Checking HAS_IP_MREQ...
Checking HAS_IP_MREQ_SOURCE...
Checking HAS_IPV6_MREQ...
Checking I_NETINET_IP...
Checking if your kit is complete...
Looks good
Writing Makefile for Socket
Writing MYMETA.yml
cp Socket.pm blib/lib/Socket.pm
/usr/bin/perl /usr/share/perl/5.14/ExtUtils/xsubpp -noprototypes -typemap /usr/share/perl/5.14/ExtUtils/typemap -typemap typemap  Socket.xs > Socket.xsc && mv Socket.xsc Socket.c
cc -c   -D_REENTRANT -D_GNU_SOURCE -DDEBIAN -fstack-protector -fno-strict-aliasing -pipe -I/usr/local/include -D_LARGEFILE_SOURCE -D_FILE_OFFSET_BITS=64 -O2 -g   -DVERSION=\"2.013\" -DXS_VERSION=\"2.013\" -fPIC "-I/usr/lib/perl/5.14/CORE"  -DHAS_SOCKADDR_IN6 -DHAS_IP_MREQ -DHAS_IP_MREQ_SOURCE -DHAS_IPV6_MREQ -DI_NETINET_IP Socket.c
Running Mkbootstrap for Socket ()
chmod 644 Socket.bs
rm -f blib/arch/auto/Socket/Socket.so
cc  -shared -L/usr/local/lib -fstack-protector Socket.o  -o blib/arch/auto/Socket/Socket.so 	\
	     	\
	  
chmod 755 blib/arch/auto/Socket/Socket.so
cp Socket.bs blib/arch/auto/Socket/Socket.bs
chmod 644 blib/arch/auto/Socket/Socket.bs
Manifying blib/man3/Socket.3pm
  PEVANS/Socket-2.013.tar.gz
  /usr/bin/make -- OK
Running make test
PERL_DL_NONLAZY=1 /usr/bin/perl "-MExtUtils::Command::MM" "-e" "test_harness(0, 'blib/lib', 'blib/arch')" t/*.t
t/getaddrinfo.t .. ok     
t/getnameinfo.t .. ok     
t/ip_mreq.t ...... ok   
t/ipv6_mreq.t .... ok   
t/sockaddr.t ..... ok     
t/Socket.t ....... ok   
t/socketpair.t ... ok     
All tests successful.
Files=7, Tests=136, 39 wallclock secs ( 0.05 usr  0.00 sys +  0.16 cusr  0.02 csys =  0.23 CPU)
Result: PASS
  PEVANS/Socket-2.013.tar.gz
  /usr/bin/make test -- OK
Running make install
Files found in blib/arch: installing files in blib/lib into architecture dependent library tree
Installing /usr/local/lib/perl/5.14.2/auto/Socket/Socket.bs
Installing /usr/local/lib/perl/5.14.2/auto/Socket/Socket.so
Installing /usr/local/lib/perl/5.14.2/Socket.pm
Installing /usr/local/man/man3/Socket.3pm
Appending installation info to /usr/local/lib/perl/5.14.2/perllocal.pod
  PEVANS/Socket-2.013.tar.gz
  /usr/bin/make install  -- OK
Running make for S/SM/SMPETERS/Net-Ping-2.41.tar.gz
  Has already been unwrapped into directory /home/abacus/.cpan/build/Net-Ping-2.41-zu83DB

  CPAN.pm: Going to build S/SM/SMPETERS/Net-Ping-2.41.tar.gz

cp lib/Net/Ping.pm blib/lib/Net/Ping.pm
Manifying blib/man3/Net::Ping.3pm
  SMPETERS/Net-Ping-2.41.tar.gz
  /usr/bin/make -- OK
Running make test
PERL_DL_NONLAZY=1 /usr/bin/perl "-MExtUtils::Command::MM" "-e" "test_harness(0, 'blib/lib', 'blib/arch')" t/*.t
t/100_load.t ......... ok   
t/110_icmp_inst.t .... ok   
t/120_udp_inst.t ..... ok   
t/130_tcp_inst.t ..... ok   
t/140_stream_inst.t .. ok   
t/150_syn_inst.t ..... ok   
t/190_alarm.t ........ ok   
t/200_ping_tcp.t ..... 7/13 
#   Failed test 'Can ping www.geocities.com'
#   at t/200_ping_tcp.t line 56.
#          got: '0'
#     expected: anything else
t/200_ping_tcp.t ..... 8/13 
#   Failed test 'Can ping www.wisc.edu'
#   at t/200_ping_tcp.t line 56.
#          got: '0'
#     expected: anything else
t/200_ping_tcp.t ..... 9/13 
#   Failed test 'Can ping www.freeservers.com'
#   at t/200_ping_tcp.t line 56.
#          got: '0'
#     expected: anything else
t/200_ping_tcp.t ..... 10/13 
#   Failed test 'Can ping ftp.freeservers.com'
#   at t/200_ping_tcp.t line 56.
#          got: '0'
#     expected: anything else
t/200_ping_tcp.t ..... 11/13 
#   Failed test 'Can ping yahoo.com'
#   at t/200_ping_tcp.t line 56.
#          got: '0'
#     expected: anything else
t/200_ping_tcp.t ..... 12/13 
#   Failed test 'Can ping www.yahoo.com'
#   at t/200_ping_tcp.t line 56.
#          got: '0'
#     expected: anything else
t/200_ping_tcp.t ..... 13/13 
#   Failed test 'Can ping www.about.com'
#   at t/200_ping_tcp.t line 56.
#          got: '0'
#     expected: anything else
# Looks like you failed 7 tests of 13.
t/200_ping_tcp.t ..... Dubious, test returned 7 (wstat 1792, 0x700)
Failed 7/13 subtests 
t/250_ping_hires.t ... ok   
t/300_ping_stream.t .. skipped: loopback tcp echo service is off (Connection refused)
t/400_ping_syn.t ..... 11/17 
#   Failed test 'supposed to be down: http://www.microsoft.com./ [Timed out]'
#   at t/400_ping_syn.t line 91.
#          got: '1'
#     expected: '0'

#   Failed test 'supposed to be down: http://www.yahoo.com./ [Timed out]'
#   at t/400_ping_syn.t line 91.
#          got: '1'
#     expected: '0'

#   Failed test 'supposed to be down: http://www.freeservers.com./ [Timed out]'
#   at t/400_ping_syn.t line 91.
#          got: '1'
#     expected: '0'

#   Failed test 'supposed to be down: http://yahoo.com./ [Timed out]'
#   at t/400_ping_syn.t line 91.
#          got: '1'
#     expected: '0'

#   Failed test 'supposed to be down: http://www.geocities.com./ [Timed out]'
#   at t/400_ping_syn.t line 91.
#          got: '1'
#     expected: '0'

#   Failed test 'supposed to be down: http://www.about.com./ [Timed out]'
#   at t/400_ping_syn.t line 91.
#          got: '1'
#     expected: '0'
# Looks like you failed 6 tests of 17.
t/400_ping_syn.t ..... Dubious, test returned 6 (wstat 1536, 0x600)
Failed 6/17 subtests 
t/410_syn_host.t ..... 13/19 
#   Failed test 'supposed to be down: http://www.about.com./ [Timed out]'
#   at t/410_syn_host.t line 91.
#          got: '1'
#     expected: '0'

#   Failed test 'supposed to be down: http://www.freeservers.com./ [Timed out]'
#   at t/410_syn_host.t line 91.
#          got: '1'
#     expected: '0'

#   Failed test 'supposed to be down: http://www.geocities.com./ [Timed out]'
#   at t/410_syn_host.t line 91.
#          got: '1'
#     expected: '0'
t/410_syn_host.t ..... 17/19 
#   Failed test 'supposed to be down: http://www.microsoft.com./ [Timed out]'
#   at t/410_syn_host.t line 91.
#          got: '1'
#     expected: '0'

#   Failed test 'supposed to be down: http://www.yahoo.com./ [Timed out]'
#   at t/410_syn_host.t line 91.
#          got: '1'
#     expected: '0'

#   Failed test 'supposed to be down: http://yahoo.com./ [Timed out]'
#   at t/410_syn_host.t line 91.
#          got: '1'
#     expected: '0'
# Looks like you failed 6 tests of 19.
t/410_syn_host.t ..... Dubious, test returned 6 (wstat 1536, 0x600)
Failed 6/19 subtests 
t/450_service.t ...... ok     
t/500_ping_icmp.t .... ok   
t/510_ping_udp.t ..... ok   
t/520_icmp_ttl.t ..... ok   

Test Summary Report
-------------------
t/200_ping_tcp.t   (Wstat: 1792 Tests: 13 Failed: 7)
  Failed tests:  7-13
  Non-zero exit status: 7
t/400_ping_syn.t   (Wstat: 1536 Tests: 17 Failed: 6)
  Failed tests:  11-16
  Non-zero exit status: 6
t/410_syn_host.t   (Wstat: 1536 Tests: 19 Failed: 6)
  Failed tests:  14-19
  Non-zero exit status: 6
Files=16, Tests=112, 200 wallclock secs ( 0.12 usr  0.02 sys +  0.88 cusr  0.12 csys =  1.14 CPU)
Result: FAIL
Failed 3/16 test programs. 19/112 subtests failed.
make: *** [test_dynamic] Error 255
  SMPETERS/Net-Ping-2.41.tar.gz
  /usr/bin/make test -- NOT OK
//hint// to see the cpan-testers results for installing this module, try:
  reports SMPETERS/Net-Ping-2.41.tar.gz
Running make install
  make test had returned bad status, won't install without force
Running install for module 'Plack'
Running make for M/MI/MIYAGAWA/Plack-1.0030.tar.gz
Fetching with LWP:
http://mirror.bytemark.co.uk/CPAN/authors/id/M/MI/MIYAGAWA/Plack-1.0030.tar.gz
Fetching with LWP:
http://mirror.bytemark.co.uk/CPAN/authors/id/M/MI/MIYAGAWA/CHECKSUMS
Checksum for /home/abacus/.cpan/sources/authors/id/M/MI/MIYAGAWA/Plack-1.0030.tar.gz ok
---- Unsatisfied dependencies detected during ----
----       MIYAGAWA/Plack-1.0030.tar.gz       ----
    File::ShareDir::Install [build_requires]
Running make test
  Make had some problems, won't test
  Delayed until after prerequisites
Running make install
  Make had some problems, won't install
  Delayed until after prerequisites
Running install for module 'File::ShareDir::Install'
Running make for G/GW/GWYN/File-ShareDir-Install-0.08.tar.gz
Fetching with LWP:
http://mirror.bytemark.co.uk/CPAN/authors/id/G/GW/GWYN/File-ShareDir-Install-0.08.tar.gz
Fetching with LWP:
http://mirror.bytemark.co.uk/CPAN/authors/id/G/GW/GWYN/CHECKSUMS
Checksum for /home/abacus/.cpan/sources/authors/id/G/GW/GWYN/File-ShareDir-Install-0.08.tar.gz ok

  CPAN.pm: Going to build G/GW/GWYN/File-ShareDir-Install-0.08.tar.gz

Checking if your kit is complete...
Looks good
Writing Makefile for File::ShareDir::Install
Writing MYMETA.yml
cp lib/File/ShareDir/Install.pm blib/lib/File/ShareDir/Install.pm
Manifying blib/man3/File::ShareDir::Install.3pm
  GWYN/File-ShareDir-Install-0.08.tar.gz
  /usr/bin/make -- OK
Running make test
PERL_DL_NONLAZY=1 /usr/bin/perl "-MExtUtils::Command::MM" "-e" "test_harness(0, 'blib/lib', 'blib/arch')" t/*.t
t/00_compile.t ....... ok   
t/01_pod.t ........... skipped: Test::Pod 1.00 required for testing POD
t/02_pod_coverage.t .. skipped: Test::Pod::Coverage 1.00 required for testing POD coverage
t/10_makefile.t ...... ok     
t/11_dotfile.t ....... ok   
t/12_delete.t ........ ok   
All tests successful.
Files=6, Tests=33,  6 wallclock secs ( 0.10 usr  0.01 sys +  2.93 cusr  0.33 csys =  3.37 CPU)
Result: PASS
  GWYN/File-ShareDir-Install-0.08.tar.gz
  /usr/bin/make test -- OK
Running make install
Installing /usr/local/share/perl/5.14.2/File/ShareDir/Install.pm
Installing /usr/local/man/man3/File::ShareDir::Install.3pm
Appending installation info to /usr/local/lib/perl/5.14.2/perllocal.pod
  GWYN/File-ShareDir-Install-0.08.tar.gz
  /usr/bin/make install  -- OK
Running make for M/MI/MIYAGAWA/Plack-1.0030.tar.gz

  CPAN.pm: Going to build M/MI/MIYAGAWA/Plack-1.0030.tar.gz

Checking if your kit is complete...
Looks good
Warning: prerequisite Apache::LogFormat::Compiler 0.12 not found.
Warning: prerequisite Devel::StackTrace 1.23 not found.
Warning: prerequisite Devel::StackTrace::AsHTML 0.11 not found.
Warning: prerequisite File::ShareDir 1.00 not found.
Warning: prerequisite Filesys::Notify::Simple 0 not found.
Warning: prerequisite HTTP::Body 1.06 not found.
Warning: prerequisite Hash::MultiValue 0.05 not found.
Warning: prerequisite Stream::Buffered 0.02 not found.
Warning: prerequisite Test::Requires 0 not found.
Warning: prerequisite Test::TCP 2.00 not found.
Writing Makefile for Plack
Writing MYMETA.yml
---- Unsatisfied dependencies detected during ----
----       MIYAGAWA/Plack-1.0030.tar.gz       ----
    Stream::Buffered [requires]
    Test::TCP [requires]
    Devel::StackTrace [requires]
    HTTP::Body [requires]
    Test::Requires [requires]
    File::ShareDir [requires]
    Hash::MultiValue [requires]
    Apache::LogFormat::Compiler [requires]
    Filesys::Notify::Simple [requires]
    Devel::StackTrace::AsHTML [requires]
Running make test
  Delayed until after prerequisites
Running make install
  Delayed until after prerequisites
Running install for module 'Stream::Buffered'
Running make for D/DO/DOY/Stream-Buffered-0.02.tar.gz
Fetching with LWP:
http://mirror.bytemark.co.uk/CPAN/authors/id/D/DO/DOY/Stream-Buffered-0.02.tar.gz
Checksum for /home/abacus/.cpan/sources/authors/id/D/DO/DOY/Stream-Buffered-0.02.tar.gz ok

  CPAN.pm: Going to build D/DO/DOY/Stream-Buffered-0.02.tar.gz

Cannot determine perl version info from lib/Stream/Buffered.pm
Checking if your kit is complete...
Looks good
Writing Makefile for Stream::Buffered
Writing MYMETA.yml
cp lib/Stream/Buffered.pm blib/lib/Stream/Buffered.pm
cp lib/Stream/Buffered/PerlIO.pm blib/lib/Stream/Buffered/PerlIO.pm
cp lib/Stream/Buffered/Auto.pm blib/lib/Stream/Buffered/Auto.pm
cp lib/Stream/Buffered/File.pm blib/lib/Stream/Buffered/File.pm
Manifying blib/man3/Stream::Buffered.3pm
  DOY/Stream-Buffered-0.02.tar.gz
  /usr/bin/make -- OK
Running make test
PERL_DL_NONLAZY=1 /usr/bin/perl "-MExtUtils::Command::MM" "-e" "test_harness(0, 'inc', 'blib/lib', 'blib/arch')" t/*.t
t/print.t ..... ok   
t/subclass.t .. ok   
All tests successful.
Files=2, Tests=18,  1 wallclock secs ( 0.04 usr  0.02 sys +  0.13 cusr  0.01 csys =  0.20 CPU)
Result: PASS
  DOY/Stream-Buffered-0.02.tar.gz
  /usr/bin/make test -- OK
Running make install
Installing /usr/local/share/perl/5.14.2/Stream/Buffered.pm
Installing /usr/local/share/perl/5.14.2/Stream/Buffered/File.pm
Installing /usr/local/share/perl/5.14.2/Stream/Buffered/PerlIO.pm
Installing /usr/local/share/perl/5.14.2/Stream/Buffered/Auto.pm
Installing /usr/local/man/man3/Stream::Buffered.3pm
Appending installation info to /usr/local/lib/perl/5.14.2/perllocal.pod
  DOY/Stream-Buffered-0.02.tar.gz
  /usr/bin/make install  -- OK
Running install for module 'Test::TCP'
Running make for T/TO/TOKUHIROM/Test-TCP-2.02.tar.gz
Fetching with LWP:
http://mirror.bytemark.co.uk/CPAN/authors/id/T/TO/TOKUHIROM/Test-TCP-2.02.tar.gz
Fetching with LWP:
http://mirror.bytemark.co.uk/CPAN/authors/id/T/TO/TOKUHIROM/CHECKSUMS
Checksum for /home/abacus/.cpan/sources/authors/id/T/TO/TOKUHIROM/Test-TCP-2.02.tar.gz ok

  CPAN.pm: Going to build T/TO/TOKUHIROM/Test-TCP-2.02.tar.gz

Created MYMETA.yml and MYMETA.json
Creating new 'Build' script for 'Test-TCP' version '2.02'
Merging cpanfile prereqs to MYMETA.yml
Merging cpanfile prereqs to MYMETA.json
---- Unsatisfied dependencies detected during ----
----      TOKUHIROM/Test-TCP-2.02.tar.gz      ----
    Test::SharedFork [requires]
Running Build test
  Delayed until after prerequisites
Running Build install
  Delayed until after prerequisites
Running install for module 'Test::SharedFork'
Running make for T/TO/TOKUHIROM/Test-SharedFork-0.24.tar.gz
Fetching with LWP:
http://mirror.bytemark.co.uk/CPAN/authors/id/T/TO/TOKUHIROM/Test-SharedFork-0.24.tar.gz
Checksum for /home/abacus/.cpan/sources/authors/id/T/TO/TOKUHIROM/Test-SharedFork-0.24.tar.gz ok

  CPAN.pm: Going to build T/TO/TOKUHIROM/Test-SharedFork-0.24.tar.gz

Created MYMETA.yml and MYMETA.json
Creating new 'Build' script for 'Test-SharedFork' version '0.24'
Merging cpanfile prereqs to MYMETA.yml
Merging cpanfile prereqs to MYMETA.json
---- Unsatisfied dependencies detected during ----
----   TOKUHIROM/Test-SharedFork-0.24.tar.gz  ----
    Test::Requires [build_requires]
Running Build test
  Delayed until after prerequisites
Running Build install
  Delayed until after prerequisites
Running install for module 'Test::Requires'
Running make for T/TO/TOKUHIROM/Test-Requires-0.07.tar.gz
Fetching with LWP:
http://mirror.bytemark.co.uk/CPAN/authors/id/T/TO/TOKUHIROM/Test-Requires-0.07.tar.gz
Checksum for /home/abacus/.cpan/sources/authors/id/T/TO/TOKUHIROM/Test-Requires-0.07.tar.gz ok

  CPAN.pm: Going to build T/TO/TOKUHIROM/Test-Requires-0.07.tar.gz

Created MYMETA.yml and MYMETA.json
Creating new 'Build' script for 'Test-Requires' version '0.07'
Merging cpanfile prereqs to MYMETA.yml
Merging cpanfile prereqs to MYMETA.json
---- Unsatisfied dependencies detected during ----
----    TOKUHIROM/Test-Requires-0.07.tar.gz   ----
    ExtUtils::MakeMaker [build_requires]
Running Build test
  Delayed until after prerequisites
Running Build install
  Delayed until after prerequisites
Running install for module 'ExtUtils::MakeMaker'
Running make for B/BI/BINGOS/ExtUtils-MakeMaker-6.96.tar.gz
Fetching with LWP:
http://mirror.bytemark.co.uk/CPAN/authors/id/B/BI/BINGOS/ExtUtils-MakeMaker-6.96.tar.gz
Fetching with LWP:
http://mirror.bytemark.co.uk/CPAN/authors/id/B/BI/BINGOS/CHECKSUMS
Checksum for /home/abacus/.cpan/sources/authors/id/B/BI/BINGOS/ExtUtils-MakeMaker-6.96.tar.gz ok

  CPAN.pm: Going to build B/BI/BINGOS/ExtUtils-MakeMaker-6.96.tar.gz

Using included version of CPAN::Meta (2.120351) as it is newer than the installed version (2.110440).
Using included version of JSON::PP::Compat5006 (1.09) because it is not already installed.
Using included version of ExtUtils::Manifest (1.60) as it is newer than the installed version (1.58).
Using included version of Parse::CPAN::Meta (1.4405) as it is newer than the installed version (1.4401).
Using included version of JSON::PP (2.27203) as it is newer than the installed version (2.27105).
Using included version of CPAN::Meta::YAML (0.008) as it is newer than the installed version (0.003).
Checking if your kit is complete...
Looks good
Generating a Unix-style Makefile
Writing Makefile for ExtUtils::MakeMaker
Writing MYMETA.yml and MYMETA.json
cp inc/ExtUtils/Manifest.pm blib/lib/ExtUtils/Manifest.pm
cp lib/ExtUtils/MM_VOS.pm blib/lib/ExtUtils/MM_VOS.pm
cp lib/ExtUtils/Mksymlists.pm blib/lib/ExtUtils/Mksymlists.pm
cp lib/ExtUtils/MM.pm blib/lib/ExtUtils/MM.pm
cp inc/JSON/PP.pm blib/lib/JSON/PP.pm
cp lib/ExtUtils/MM_UWIN.pm blib/lib/ExtUtils/MM_UWIN.pm
cp lib/ExtUtils/testlib.pm blib/lib/ExtUtils/testlib.pm
cp lib/ExtUtils/MM_DOS.pm blib/lib/ExtUtils/MM_DOS.pm
cp lib/ExtUtils/MM_Cygwin.pm blib/lib/ExtUtils/MM_Cygwin.pm
cp lib/ExtUtils/MM_Win95.pm blib/lib/ExtUtils/MM_Win95.pm
cp lib/ExtUtils/Liblist.pm blib/lib/ExtUtils/Liblist.pm
cp lib/ExtUtils/MM_Darwin.pm blib/lib/ExtUtils/MM_Darwin.pm
cp lib/ExtUtils/MM_AIX.pm blib/lib/ExtUtils/MM_AIX.pm
cp inc/CPAN/Meta/Requirements.pm blib/lib/CPAN/Meta/Requirements.pm
cp lib/ExtUtils/Mkbootstrap.pm blib/lib/ExtUtils/Mkbootstrap.pm
cp lib/ExtUtils/Liblist/Kid.pm blib/lib/ExtUtils/Liblist/Kid.pm
cp lib/ExtUtils/MakeMaker/FAQ.pod blib/lib/ExtUtils/MakeMaker/FAQ.pod
cp inc/ExtUtils/MANIFEST.SKIP blib/lib/ExtUtils/MANIFEST.SKIP
cp lib/ExtUtils/MM_NW5.pm blib/lib/ExtUtils/MM_NW5.pm
cp lib/ExtUtils/MakeMaker.pm blib/lib/ExtUtils/MakeMaker.pm
cp lib/ExtUtils/MM_OS2.pm blib/lib/ExtUtils/MM_OS2.pm
cp inc/CPAN/Meta/Feature.pm blib/lib/CPAN/Meta/Feature.pm
cp lib/ExtUtils/MM_Unix.pm blib/lib/ExtUtils/MM_Unix.pm
cp lib/ExtUtils/MM_Win32.pm blib/lib/ExtUtils/MM_Win32.pm
cp inc/JSON/PP/Boolean.pm blib/lib/JSON/PP/Boolean.pm
cp inc/CPAN/Meta/Spec.pm blib/lib/CPAN/Meta/Spec.pm
cp inc/CPAN/Meta/History.pm blib/lib/CPAN/Meta/History.pm
cp lib/ExtUtils/MY.pm blib/lib/ExtUtils/MY.pm
cp lib/ExtUtils/MM_MacOS.pm blib/lib/ExtUtils/MM_MacOS.pm
cp lib/ExtUtils/MM_VMS.pm blib/lib/ExtUtils/MM_VMS.pm
cp lib/ExtUtils/MM_BeOS.pm blib/lib/ExtUtils/MM_BeOS.pm
cp lib/ExtUtils/MakeMaker/Tutorial.pod blib/lib/ExtUtils/MakeMaker/Tutorial.pod
cp inc/CPAN/Meta/YAML.pm blib/lib/CPAN/Meta/YAML.pm
cp lib/ExtUtils/MM_QNX.pm blib/lib/ExtUtils/MM_QNX.pm
cp inc/CPAN/Meta/Converter.pm blib/lib/CPAN/Meta/Converter.pm
cp lib/ExtUtils/Command/MM.pm blib/lib/ExtUtils/Command/MM.pm
cp lib/ExtUtils/MakeMaker/Config.pm blib/lib/ExtUtils/MakeMaker/Config.pm
cp inc/JSON/PP/Compat5006.pm blib/lib/JSON/PP/Compat5006.pm
cp inc/CPAN/Meta.pm blib/lib/CPAN/Meta.pm
cp inc/Parse/CPAN/Meta.pm blib/lib/Parse/CPAN/Meta.pm
cp inc/CPAN/Meta/Prereqs.pm blib/lib/CPAN/Meta/Prereqs.pm
cp inc/CPAN/Meta/Validator.pm blib/lib/CPAN/Meta/Validator.pm
cp lib/ExtUtils/MM_Any.pm blib/lib/ExtUtils/MM_Any.pm
cp bin/instmodsh blib/script/instmodsh
/usr/bin/perl "-Iblib/arch" "-Iblib/lib" -MExtUtils::MY -e 'MY->fixin(shift)' -- blib/script/instmodsh
Manifying blib/man1/instmodsh.1p
Manifying blib/man3/CPAN::Meta.3pm
Manifying blib/man3/CPAN::Meta::Converter.3pm
Manifying blib/man3/CPAN::Meta::Feature.3pm
Manifying blib/man3/CPAN::Meta::History.3pm
Manifying blib/man3/CPAN::Meta::Prereqs.3pm
Manifying blib/man3/CPAN::Meta::Requirements.3pm
Manifying blib/man3/CPAN::Meta::Spec.3pm
Manifying blib/man3/CPAN::Meta::Validator.3pm
Manifying blib/man3/CPAN::Meta::YAML.3pm
Manifying blib/man3/ExtUtils::Manifest.3pm
Manifying blib/man3/JSON::PP.3pm
Manifying blib/man3/JSON::PP::Boolean.3pm
Manifying blib/man3/JSON::PP::Compat5006.3pm
Manifying blib/man3/Parse::CPAN::Meta.3pm
Manifying blib/man3/ExtUtils::Command::MM.3pm
Manifying blib/man3/ExtUtils::Liblist.3pm
Manifying blib/man3/ExtUtils::MM.3pm
Manifying blib/man3/ExtUtils::MM_AIX.3pm
Manifying blib/man3/ExtUtils::MM_Any.3pm
Manifying blib/man3/ExtUtils::MM_BeOS.3pm
Manifying blib/man3/ExtUtils::MM_Cygwin.3pm
Manifying blib/man3/ExtUtils::MM_DOS.3pm
Manifying blib/man3/ExtUtils::MM_Darwin.3pm
Manifying blib/man3/ExtUtils::MM_MacOS.3pm
Manifying blib/man3/ExtUtils::MM_NW5.3pm
Manifying blib/man3/ExtUtils::MM_OS2.3pm
Manifying blib/man3/ExtUtils::MM_QNX.3pm
Manifying blib/man3/ExtUtils::MM_UWIN.3pm
Manifying blib/man3/ExtUtils::MM_Unix.3pm
Manifying blib/man3/ExtUtils::MM_VMS.3pm
Manifying blib/man3/ExtUtils::MM_VOS.3pm
Manifying blib/man3/ExtUtils::MM_Win32.3pm
Manifying blib/man3/ExtUtils::MM_Win95.3pm
Manifying blib/man3/ExtUtils::MY.3pm
Manifying blib/man3/ExtUtils::MakeMaker.3pm
Manifying blib/man3/ExtUtils::MakeMaker::Config.3pm
Manifying blib/man3/ExtUtils::MakeMaker::FAQ.3pm
Manifying blib/man3/ExtUtils::MakeMaker::Tutorial.3pm
Manifying blib/man3/ExtUtils::Mkbootstrap.3pm
Manifying blib/man3/ExtUtils::Mksymlists.3pm
Manifying blib/man3/ExtUtils::testlib.3pm
  BINGOS/ExtUtils-MakeMaker-6.96.tar.gz
  /usr/bin/make -- OK
Running make test
PERL_DL_NONLAZY=1 /usr/bin/perl "-Iblib/arch" "-Iblib/lib" "-MExtUtils::Command::MM" "-MTest::Harness" "-e" "undef *Test::Harness::Switches; test_harness(0, 'blib/lib', 'blib/arch')" t/*.t
t/00compile.t ............. ok     
t/01perl_bugs.t ........... ok   
t/arch_check.t ............ ok   
t/backwards.t ............. ok   
t/basic.t ................. ok       
t/build_man.t ............. ok   
t/cd.t .................... ok   
t/config.t ................ ok   
t/dir_target.t ............ ok   
t/echo.t .................. ok    
t/FIRST_MAKEFILE.t ........ ok   
t/fix_libs.t .............. ok   
t/fixin.t ................. ok     
t/hints.t ................. ok   
t/INST.t .................. ok     
t/INST_PREFIX.t ........... ok     
t/INSTALL_BASE.t .......... ok     
t/installed_file.t ........ ok   
t/is_of_type.t ............ ok    
t/Liblist.t ............... ok   
t/Liblist_Kid.t ........... ok   
t/make.t .................. ok   
t/MakeMaker_Parameters.t .. ok   
t/maketext_filter.t ....... ok   
t/meta_convert.t .......... ok    
t/metafile_data.t ......... ok     
t/metafile_file.t ......... ok     
t/min_perl_version.t ...... ok     
t/miniperl.t .............. skipped: miniperl test only necessary for the perl core
t/Mkbootstrap.t ........... ok     
t/MM_Any.t ................ ok   
t/MM_BeOS.t ............... skipped: This is not BeOS
t/MM_Cygwin.t ............. skipped: This is not cygwin
t/MM_NW5.t ................ skipped: This is not NW5
t/MM_OS2.t ................ skipped: This is not OS/2
t/MM_Unix.t ............... ok       
t/MM_VMS.t ................ skipped: This is not VMS
t/MM_Win32.t .............. skipped: This is not Win32
t/oneliner.t .............. ok     
t/parse_abstract.t ........ ok   
t/parse_version.t ......... ok       
t/PL_FILES.t .............. ok   
t/pm.t .................... ok   
t/pm_to_blib.t ............ ok    
t/pod2man.t ............... ok   
t/postamble.t ............. ok   
t/prefixify.t ............. ok   
t/prereq.t ................ ok     
t/prereq_print.t .......... ok     
t/problems.t .............. ok   
t/prompt.t ................ ok     
t/recurs.t ................ ok     
t/revision.t .............. ok   
t/several_authors.t ....... ok     
t/split_command.t ......... ok   
t/test_boilerplate.t ...... ok   
t/testlib.t ............... ok   
t/VERSION_FROM.t .......... ok   
t/WriteEmptyMakefile.t .... ok   
t/writemakefile_args.t .... ok     
t/xs.t .................... ok   
All tests successful.
Files=61, Tests=1049, 42 wallclock secs ( 0.60 usr  0.09 sys + 33.28 cusr  2.83 csys = 36.80 CPU)
Result: PASS
  BINGOS/ExtUtils-MakeMaker-6.96.tar.gz
  /usr/bin/make test -- OK
Running make install
Installing /usr/local/share/perl/5.14.2/Parse/CPAN/Meta.pm
Installing /usr/local/share/perl/5.14.2/JSON/PP.pm
Installing /usr/local/share/perl/5.14.2/JSON/PP/Compat5006.pm
Installing /usr/local/share/perl/5.14.2/JSON/PP/Boolean.pm
Installing /usr/local/share/perl/5.14.2/CPAN/Meta.pm
Installing /usr/local/share/perl/5.14.2/CPAN/Meta/Spec.pm
Installing /usr/local/share/perl/5.14.2/CPAN/Meta/Validator.pm
Installing /usr/local/share/perl/5.14.2/CPAN/Meta/Feature.pm
Installing /usr/local/share/perl/5.14.2/CPAN/Meta/Prereqs.pm
Installing /usr/local/share/perl/5.14.2/CPAN/Meta/History.pm
Installing /usr/local/share/perl/5.14.2/CPAN/Meta/Converter.pm
Installing /usr/local/share/perl/5.14.2/CPAN/Meta/Requirements.pm
Installing /usr/local/share/perl/5.14.2/CPAN/Meta/YAML.pm
Installing /usr/local/share/perl/5.14.2/ExtUtils/MM_Win32.pm
Installing /usr/local/share/perl/5.14.2/ExtUtils/testlib.pm
Installing /usr/local/share/perl/5.14.2/ExtUtils/MM_AIX.pm
Installing /usr/local/share/perl/5.14.2/ExtUtils/MM_QNX.pm
Installing /usr/local/share/perl/5.14.2/ExtUtils/MakeMaker.pm
Installing /usr/local/share/perl/5.14.2/ExtUtils/Mkbootstrap.pm
Installing /usr/local/share/perl/5.14.2/ExtUtils/Mksymlists.pm
Installing /usr/local/share/perl/5.14.2/ExtUtils/MM_VMS.pm
Installing /usr/local/share/perl/5.14.2/ExtUtils/MM_MacOS.pm
Installing /usr/local/share/perl/5.14.2/ExtUtils/MM_BeOS.pm
Installing /usr/local/share/perl/5.14.2/ExtUtils/MM_UWIN.pm
Installing /usr/local/share/perl/5.14.2/ExtUtils/MM_Darwin.pm
Installing /usr/local/share/perl/5.14.2/ExtUtils/Manifest.pm
Installing /usr/local/share/perl/5.14.2/ExtUtils/MM.pm
Installing /usr/local/share/perl/5.14.2/ExtUtils/Liblist.pm
Installing /usr/local/share/perl/5.14.2/ExtUtils/MM_DOS.pm
Installing /usr/local/share/perl/5.14.2/ExtUtils/MM_Cygwin.pm
Installing /usr/local/share/perl/5.14.2/ExtUtils/MM_Win95.pm
Installing /usr/local/share/perl/5.14.2/ExtUtils/MM_Unix.pm
Installing /usr/local/share/perl/5.14.2/ExtUtils/MM_VOS.pm
Installing /usr/local/share/perl/5.14.2/ExtUtils/MM_OS2.pm
Installing /usr/local/share/perl/5.14.2/ExtUtils/MANIFEST.SKIP
Installing /usr/local/share/perl/5.14.2/ExtUtils/MY.pm
Installing /usr/local/share/perl/5.14.2/ExtUtils/MM_NW5.pm
Installing /usr/local/share/perl/5.14.2/ExtUtils/MM_Any.pm
Installing /usr/local/share/perl/5.14.2/ExtUtils/Command/MM.pm
Installing /usr/local/share/perl/5.14.2/ExtUtils/MakeMaker/FAQ.pod
Installing /usr/local/share/perl/5.14.2/ExtUtils/MakeMaker/Config.pm
Installing /usr/local/share/perl/5.14.2/ExtUtils/MakeMaker/Tutorial.pod
Installing /usr/local/share/perl/5.14.2/ExtUtils/Liblist/Kid.pm
Installing /usr/local/man/man1/instmodsh.1p
Installing /usr/local/man/man3/ExtUtils::MM_NW5.3pm
Installing /usr/local/man/man3/JSON::PP::Boolean.3pm
Installing /usr/local/man/man3/ExtUtils::Liblist.3pm
Installing /usr/local/man/man3/ExtUtils::MM_QNX.3pm
Installing /usr/local/man/man3/ExtUtils::MY.3pm
Installing /usr/local/man/man3/ExtUtils::Manifest.3pm
Installing /usr/local/man/man3/CPAN::Meta.3pm
Installing /usr/local/man/man3/ExtUtils::MM_Win32.3pm
Installing /usr/local/man/man3/ExtUtils::MM.3pm
Installing /usr/local/man/man3/ExtUtils::MM_UWIN.3pm
Installing /usr/local/man/man3/CPAN::Meta::Prereqs.3pm
Installing /usr/local/man/man3/ExtUtils::Mksymlists.3pm
Installing /usr/local/man/man3/ExtUtils::MM_OS2.3pm
Installing /usr/local/man/man3/ExtUtils::MakeMaker.3pm
Installing /usr/local/man/man3/CPAN::Meta::History.3pm
Installing /usr/local/man/man3/JSON::PP::Compat5006.3pm
Installing /usr/local/man/man3/ExtUtils::MM_Unix.3pm
Installing /usr/local/man/man3/ExtUtils::Command::MM.3pm
Installing /usr/local/man/man3/ExtUtils::MM_VOS.3pm
Installing /usr/local/man/man3/ExtUtils::testlib.3pm
Installing /usr/local/man/man3/ExtUtils::MM_MacOS.3pm
Installing /usr/local/man/man3/JSON::PP.3pm
Installing /usr/local/man/man3/ExtUtils::MakeMaker::Tutorial.3pm
Installing /usr/local/man/man3/ExtUtils::MM_DOS.3pm
Installing /usr/local/man/man3/ExtUtils::Mkbootstrap.3pm
Installing /usr/local/man/man3/ExtUtils::MM_VMS.3pm
Installing /usr/local/man/man3/CPAN::Meta::Converter.3pm
Installing /usr/local/man/man3/CPAN::Meta::Requirements.3pm
Installing /usr/local/man/man3/CPAN::Meta::Validator.3pm
Installing /usr/local/man/man3/ExtUtils::MM_Cygwin.3pm
Installing /usr/local/man/man3/ExtUtils::MM_BeOS.3pm
Installing /usr/local/man/man3/Parse::CPAN::Meta.3pm
Installing /usr/local/man/man3/CPAN::Meta::Feature.3pm
Installing /usr/local/man/man3/ExtUtils::MM_Any.3pm
Installing /usr/local/man/man3/ExtUtils::MakeMaker::FAQ.3pm
Installing /usr/local/man/man3/CPAN::Meta::YAML.3pm
Installing /usr/local/man/man3/ExtUtils::MM_Darwin.3pm
Installing /usr/local/man/man3/ExtUtils::MM_Win95.3pm
Installing /usr/local/man/man3/ExtUtils::MM_AIX.3pm
Installing /usr/local/man/man3/ExtUtils::MakeMaker::Config.3pm
Installing /usr/local/man/man3/CPAN::Meta::Spec.3pm
Installing /usr/local/bin/instmodsh
Appending installation info to /usr/lib/perl/5.14/perllocal.pod
  BINGOS/ExtUtils-MakeMaker-6.96.tar.gz
  /usr/bin/make install  -- OK
Running Build for T/TO/TOKUHIROM/Test-Requires-0.07.tar.gz
  Has already been unwrapped into directory /home/abacus/.cpan/build/Test-Requires-0.07-VZrEmW

  CPAN.pm: Going to build T/TO/TOKUHIROM/Test-Requires-0.07.tar.gz

Building Test-Requires
  TOKUHIROM/Test-Requires-0.07.tar.gz
  ./Build -- OK
Running Build test
t/00_compile.t ......... 1/1 # Test::More: 0.98
t/00_compile.t ......... ok   
t/01_simple.t .......... ok     
t/02_no_plan.t ......... ok   
t/03_import_hashref.t .. skipped: Test requires module 'Acme::Unknown::Missing::Module::Name' but it's not found
t/04_import_array.t .... skipped: Test requires module 'Acme::Unknown::Missing::Module::Name' but it's not found
t/05_success.t ......... ok   
t/06_perlver.t ......... ok   
All tests successful.
Files=7, Tests=15,  0 wallclock secs ( 0.07 usr  0.00 sys +  0.23 cusr  0.06 csys =  0.36 CPU)
Result: PASS
  TOKUHIROM/Test-Requires-0.07.tar.gz
  ./Build test -- OK
Running Build install
Building Test-Requires
Installing /usr/local/share/perl/5.14.2/Test/Requires.pm
Installing /usr/local/man/man3/Test::Requires.3pm
  TOKUHIROM/Test-Requires-0.07.tar.gz
  ./Build install  -- OK
Running Build for T/TO/TOKUHIROM/Test-SharedFork-0.24.tar.gz
  Has already been unwrapped into directory /home/abacus/.cpan/build/Test-SharedFork-0.24-nNZCxo

  CPAN.pm: Going to build T/TO/TOKUHIROM/Test-SharedFork-0.24.tar.gz

Building Test-SharedFork
  TOKUHIROM/Test-SharedFork-0.24.tar.gz
  ./Build -- OK
Running Build test
t/00_compile.t ........... 1/1 # Test::Builder::VERSION: 0.98
t/00_compile.t ........... ok   
t/01_simple.t ............ ok     
t/02_fork_method.t ....... ok     
t/03_toomany_run.t ....... ok     
t/04_test_before_fork.t .. ok   
t/05_nest.t .............. ok   
t/06_fail_lineno.t ....... ok   
t/07_lazy_load.t ......... ok   
t/08_threads.t ........... skipped: Not implemented yet
t/09_very_simple.t ....... ok   
t/10_subtest.t ...........     
    #   Failed test 'child three'
    #   at t/nest/subtest.ttt line 14.
t/10_subtest.t ........... ok   
t/11_failure_location.t .. ok   
t/12_is_passing.t ........ 1/? # undef
t/12_is_passing.t ........ ok   
t/store/00_simple.t ...... ok   
t/store/01_tie_scalar.t .. ok   
t/store/02_tie_array.t ... ok   
All tests successful.
Files=16, Tests=140, 43 wallclock secs ( 0.14 usr  0.02 sys +  1.74 cusr  0.28 csys =  2.18 CPU)
Result: PASS
  TOKUHIROM/Test-SharedFork-0.24.tar.gz
  ./Build test -- OK
Running Build install
Building Test-SharedFork
Installing /usr/local/share/perl/5.14.2/Test/SharedFork.pm
Installing /usr/local/share/perl/5.14.2/Test/SharedFork/Store.pm
Installing /usr/local/share/perl/5.14.2/Test/SharedFork/Scalar.pm
Installing /usr/local/share/perl/5.14.2/Test/SharedFork/Array.pm
Installing /usr/local/man/man3/Test::SharedFork.3pm
  TOKUHIROM/Test-SharedFork-0.24.tar.gz
  ./Build install  -- OK
Running Build for T/TO/TOKUHIROM/Test-TCP-2.02.tar.gz
  Has already been unwrapped into directory /home/abacus/.cpan/build/Test-TCP-2.02-lDQKpF

  CPAN.pm: Going to build T/TO/TOKUHIROM/Test-TCP-2.02.tar.gz

Building Test-TCP
  TOKUHIROM/Test-TCP-2.02.tar.gz
  ./Build -- OK
Running Build test
t/00_compile.t ................. 1/1 # Test::More: 0.98
t/00_compile.t ................. ok   
t/01_simple.t .................. ok     
t/02_abrt.t .................... 1/2 # your server received SIGABRT
t/02_abrt.t .................... ok   
t/03_return_when_sigterm.t ..... ok   
t/04_die.t ..................... ok   
t/05_sigint.t .................. ok   
t/06_nest.t .................... ok   
t/07_optional.t ................ ok   
t/08_exit.t .................... ok   
t/09_fork.t .................... ok   
t/10_oo.t ...................... ok     
t/11_net_empty_port.t .......... ok   
t/12_pass_wait_port_options.t .. ok    
t/13_undef_port.t .............. ok     
All tests successful.
Files=14, Tests=140, 11 wallclock secs ( 0.12 usr  0.04 sys +  1.80 cusr  0.22 csys =  2.18 CPU)
Result: PASS
  TOKUHIROM/Test-TCP-2.02.tar.gz
  ./Build test -- OK
Running Build install
Building Test-TCP
Installing /usr/local/share/perl/5.14.2/Test/TCP.pm
Installing /usr/local/share/perl/5.14.2/Test/TCP/CheckPort.pm
Installing /usr/local/share/perl/5.14.2/Net/EmptyPort.pm
Installing /usr/local/man/man3/Test::TCP.3pm
Installing /usr/local/man/man3/Net::EmptyPort.3pm
Installing /usr/local/man/man3/Test::TCP::CheckPort.3pm
  TOKUHIROM/Test-TCP-2.02.tar.gz
  ./Build install  -- OK
Running install for module 'Devel::StackTrace'
Running make for D/DR/DROLSKY/Devel-StackTrace-1.31.tar.gz
Fetching with LWP:
http://mirror.bytemark.co.uk/CPAN/authors/id/D/DR/DROLSKY/Devel-StackTrace-1.31.tar.gz
Fetching with LWP:
http://mirror.bytemark.co.uk/CPAN/authors/id/D/DR/DROLSKY/CHECKSUMS
Checksum for /home/abacus/.cpan/sources/authors/id/D/DR/DROLSKY/Devel-StackTrace-1.31.tar.gz ok

  CPAN.pm: Going to build D/DR/DROLSKY/Devel-StackTrace-1.31.tar.gz

Checking if your kit is complete...
Looks good
Generating a Unix-style Makefile
Writing Makefile for Devel::StackTrace
Writing MYMETA.yml and MYMETA.json
cp lib/Devel/StackTrace.pm blib/lib/Devel/StackTrace.pm
cp lib/Devel/StackTrace/Frame.pm blib/lib/Devel/StackTrace/Frame.pm
Manifying blib/man3/Devel::StackTrace.3pm
Manifying blib/man3/Devel::StackTrace::Frame.3pm
  DROLSKY/Devel-StackTrace-1.31.tar.gz
  /usr/bin/make -- OK
Running make test
PERL_DL_NONLAZY=1 /usr/bin/perl "-MExtUtils::Command::MM" "-MTest::Harness" "-e" "undef *Test::Harness::Switches; test_harness(0, 'blib/lib', 'blib/arch')" t/*.t
t/00-compile.t ............. ok   
t/01-basic.t ............... ok    
t/02-bad-utf8.t ............ skipped: These tests are not relevant with Perl 5.13.8+
t/03-message.t ............. ok   
t/04-indent.t .............. ok   
t/05-back-compat.t ......... ok   
t/06-dollar-at.t ........... ok   
t/07-no-args.t ............. ok   
t/author-pod-spell.t ....... skipped: these tests are for testing by the author
t/release-cpan-changes.t ... skipped: these tests are for release candidate testing
t/release-eol.t ............ skipped: these tests are for release candidate testing
t/release-no-tabs.t ........ skipped: these tests are for release candidate testing
t/release-pod-coverage.t ... skipped: these tests are for release candidate testing
t/release-pod-linkcheck.t .. skipped: these tests are for release candidate testing
t/release-pod-no404s.t ..... skipped: these tests are for release candidate testing
t/release-pod-syntax.t ..... skipped: these tests are for release candidate testing
t/release-synopsis.t ....... skipped: these tests are for release candidate testing
All tests successful.
Files=17, Tests=58,  1 wallclock secs ( 0.10 usr  0.03 sys +  0.63 cusr  0.10 csys =  0.86 CPU)
Result: PASS
  DROLSKY/Devel-StackTrace-1.31.tar.gz
  /usr/bin/make test -- OK
Running make install
Installing /usr/local/share/perl/5.14.2/Devel/StackTrace.pm
Installing /usr/local/share/perl/5.14.2/Devel/StackTrace/Frame.pm
Installing /usr/local/man/man3/Devel::StackTrace::Frame.3pm
Installing /usr/local/man/man3/Devel::StackTrace.3pm
Appending installation info to /usr/lib/perl/5.14/perllocal.pod
  DROLSKY/Devel-StackTrace-1.31.tar.gz
  /usr/bin/make install  -- OK
Running install for module 'HTTP::Body'
Running make for G/GE/GETTY/HTTP-Body-1.19.tar.gz
Fetching with LWP:
http://mirror.bytemark.co.uk/CPAN/authors/id/G/GE/GETTY/HTTP-Body-1.19.tar.gz
Fetching with LWP:
http://mirror.bytemark.co.uk/CPAN/authors/id/G/GE/GETTY/CHECKSUMS
Checksum for /home/abacus/.cpan/sources/authors/id/G/GE/GETTY/HTTP-Body-1.19.tar.gz ok

  CPAN.pm: Going to build G/GE/GETTY/HTTP-Body-1.19.tar.gz

Checking if your kit is complete...
Looks good
Generating a Unix-style Makefile
Writing Makefile for HTTP::Body
Writing MYMETA.yml and MYMETA.json
---- Unsatisfied dependencies detected during ----
----        GETTY/HTTP-Body-1.19.tar.gz       ----
    Test::Deep [requires]
Running make test
  Delayed until after prerequisites
Running make install
  Delayed until after prerequisites
Running install for module 'Test::Deep'
Running make for R/RJ/RJBS/Test-Deep-0.112.tar.gz
Fetching with LWP:
http://mirror.bytemark.co.uk/CPAN/authors/id/R/RJ/RJBS/Test-Deep-0.112.tar.gz
Checksum for /home/abacus/.cpan/sources/authors/id/R/RJ/RJBS/Test-Deep-0.112.tar.gz ok

  CPAN.pm: Going to build R/RJ/RJBS/Test-Deep-0.112.tar.gz

Checking if your kit is complete...
Looks good
Warning: prerequisite Test::NoWarnings 0.02 not found.
Warning: prerequisite Test::Tester 0.04 not found.
Generating a Unix-style Makefile
Writing Makefile for Test::Deep
Writing MYMETA.yml and MYMETA.json
---- Unsatisfied dependencies detected during ----
----        RJBS/Test-Deep-0.112.tar.gz       ----
    Test::NoWarnings [requires]
    Test::Tester [requires]
Running make test
  Delayed until after prerequisites
Running make install
  Delayed until after prerequisites
Running install for module 'Test::NoWarnings'
Running make for A/AD/ADAMK/Test-NoWarnings-1.04.tar.gz
Fetching with LWP:
http://mirror.bytemark.co.uk/CPAN/authors/id/A/AD/ADAMK/Test-NoWarnings-1.04.tar.gz
Fetching with LWP:
http://mirror.bytemark.co.uk/CPAN/authors/id/A/AD/ADAMK/CHECKSUMS
Checksum for /home/abacus/.cpan/sources/authors/id/A/AD/ADAMK/Test-NoWarnings-1.04.tar.gz ok

  CPAN.pm: Going to build A/AD/ADAMK/Test-NoWarnings-1.04.tar.gz

Checking if your kit is complete...
Looks good
Warning: prerequisite Test::Tester 0.107 not found.
Generating a Unix-style Makefile
Writing Makefile for Test::NoWarnings
Writing MYMETA.yml and MYMETA.json
---- Unsatisfied dependencies detected during ----
----     ADAMK/Test-NoWarnings-1.04.tar.gz    ----
    Test::Tester [build_requires]
Running make test
  Delayed until after prerequisites
Running make install
  Delayed until after prerequisites
Running install for module 'Test::Tester'
Running make for F/FD/FDALY/Test-Tester-0.109.tar.gz
Fetching with LWP:
http://mirror.bytemark.co.uk/CPAN/authors/id/F/FD/FDALY/Test-Tester-0.109.tar.gz
Fetching with LWP:
http://mirror.bytemark.co.uk/CPAN/authors/id/F/FD/FDALY/CHECKSUMS
Checksum for /home/abacus/.cpan/sources/authors/id/F/FD/FDALY/Test-Tester-0.109.tar.gz ok

  CPAN.pm: Going to build F/FD/FDALY/Test-Tester-0.109.tar.gz

Checking if your kit is complete...
Looks good
Generating a Unix-style Makefile
Writing Makefile for Test::Tester
Writing MYMETA.yml and MYMETA.json
cp lib/Test/Tester/Capture.pm blib/lib/Test/Tester/Capture.pm
cp lib/Test/Tester.pm blib/lib/Test/Tester.pm
cp lib/Test/Tester/CaptureRunner.pm blib/lib/Test/Tester/CaptureRunner.pm
cp lib/Test/Tester/Delegate.pm blib/lib/Test/Tester/Delegate.pm
Manifying blib/man3/Test::Tester.3pm
Manifying blib/man3/Test::Tester::Capture.3pm
Manifying blib/man3/Test::Tester::CaptureRunner.3pm
  FDALY/Test-Tester-0.109.tar.gz
  /usr/bin/make -- OK
Running make test
PERL_DL_NONLAZY=1 /usr/bin/perl "-MExtUtils::Command::MM" "-MTest::Harness" "-e" "undef *Test::Harness::Switches; test_harness(0, 'blib/lib', 'blib/arch')" t/*.t
t/auto.t ......... ok   
t/capture.t ...... ok   
t/check_tests.t .. ok       
t/depth.t ........ ok   
t/run_test.t ..... ok     
All tests successful.
Files=5, Tests=169,  0 wallclock secs ( 0.08 usr  0.02 sys +  0.22 cusr  0.03 csys =  0.35 CPU)
Result: PASS
  FDALY/Test-Tester-0.109.tar.gz
  /usr/bin/make test -- OK
Running make install
Installing /usr/local/share/perl/5.14.2/Test/Tester.pm
Installing /usr/local/share/perl/5.14.2/Test/Tester/Capture.pm
Installing /usr/local/share/perl/5.14.2/Test/Tester/Delegate.pm
Installing /usr/local/share/perl/5.14.2/Test/Tester/CaptureRunner.pm
Installing /usr/local/man/man3/Test::Tester::Capture.3pm
Installing /usr/local/man/man3/Test::Tester::CaptureRunner.3pm
Installing /usr/local/man/man3/Test::Tester.3pm
Appending installation info to /usr/lib/perl/5.14/perllocal.pod
  FDALY/Test-Tester-0.109.tar.gz
  /usr/bin/make install  -- OK
Running make for A/AD/ADAMK/Test-NoWarnings-1.04.tar.gz
  Has already been unwrapped into directory /home/abacus/.cpan/build/Test-NoWarnings-1.04-3MCosg

  CPAN.pm: Going to build A/AD/ADAMK/Test-NoWarnings-1.04.tar.gz

cp lib/Test/NoWarnings.pm blib/lib/Test/NoWarnings.pm
cp lib/Test/NoWarnings/Warning.pm blib/lib/Test/NoWarnings/Warning.pm
Manifying blib/man3/Test::NoWarnings.3pm
  ADAMK/Test-NoWarnings-1.04.tar.gz
  /usr/bin/make -- OK
Running make test
PERL_DL_NONLAZY=1 /usr/bin/perl "-MExtUtils::Command::MM" "-MTest::Harness" "-e" "undef *Test::Harness::Switches; test_harness(0, 'blib/lib', 'blib/arch')" t/*.t
t/01_compile.t ... ok   
t/02_none.t ...... ok    
t/03_end.t ....... ok   
t/04_no_tests.t .. ok   
t/05_no_end.t .... ok   
t/06_fork.t ...... ok   
All tests successful.
Files=6, Tests=46,  0 wallclock secs ( 0.06 usr  0.02 sys +  0.27 cusr  0.05 csys =  0.40 CPU)
Result: PASS
  ADAMK/Test-NoWarnings-1.04.tar.gz
  /usr/bin/make test -- OK
Running make install
Installing /usr/local/share/perl/5.14.2/Test/NoWarnings.pm
Installing /usr/local/share/perl/5.14.2/Test/NoWarnings/Warning.pm
Installing /usr/local/man/man3/Test::NoWarnings.3pm
Appending installation info to /usr/lib/perl/5.14/perllocal.pod
  ADAMK/Test-NoWarnings-1.04.tar.gz
  /usr/bin/make install  -- OK
Running make for R/RJ/RJBS/Test-Deep-0.112.tar.gz
  Has already been unwrapped into directory /home/abacus/.cpan/build/Test-Deep-0.112-8Plojb

  CPAN.pm: Going to build R/RJ/RJBS/Test-Deep-0.112.tar.gz

cp lib/Test/Deep/Regexp.pm blib/lib/Test/Deep/Regexp.pm
cp lib/Test/Deep/RegexpVersion.pm blib/lib/Test/Deep/RegexpVersion.pm
cp lib/Test/Deep/RegexpOnly.pm blib/lib/Test/Deep/RegexpOnly.pm
cp lib/Test/Deep/ArrayLength.pm blib/lib/Test/Deep/ArrayLength.pm
cp lib/Test/Deep/ScalarRefOnly.pm blib/lib/Test/Deep/ScalarRefOnly.pm
cp lib/Test/Deep/HashEach.pm blib/lib/Test/Deep/HashEach.pm
cp lib/Test/Deep/ListMethods.pm blib/lib/Test/Deep/ListMethods.pm
cp lib/Test/Deep/Isa.pm blib/lib/Test/Deep/Isa.pm
cp lib/Test/Deep/Code.pm blib/lib/Test/Deep/Code.pm
cp lib/Test/Deep/RegexpRefOnly.pm blib/lib/Test/Deep/RegexpRefOnly.pm
cp lib/Test/Deep/RefType.pm blib/lib/Test/Deep/RefType.pm
cp lib/Test/Deep/Boolean.pm blib/lib/Test/Deep/Boolean.pm
cp lib/Test/Deep/RegexpRef.pm blib/lib/Test/Deep/RegexpRef.pm
cp lib/Test/Deep/Cache.pm blib/lib/Test/Deep/Cache.pm
cp lib/Test/Deep/Any.pm blib/lib/Test/Deep/Any.pm
cp lib/Test/Deep/Array.pm blib/lib/Test/Deep/Array.pm
cp lib/Test/Deep/String.pm blib/lib/Test/Deep/String.pm
cp lib/Test/Deep/NoTest.pm blib/lib/Test/Deep/NoTest.pm
cp lib/Test/Deep/HashElements.pm blib/lib/Test/Deep/HashElements.pm
cp lib/Test/Deep/Blessed.pm blib/lib/Test/Deep/Blessed.pm
cp lib/Test/Deep/Class.pm blib/lib/Test/Deep/Class.pm
cp lib/Test/Deep.pm blib/lib/Test/Deep.pm
cp lib/Test/Deep/Ref.pm blib/lib/Test/Deep/Ref.pm
cp lib/Test/Deep/Set.pm blib/lib/Test/Deep/Set.pm
cp lib/Test/Deep/MM.pm blib/lib/Test/Deep/MM.pm
cp lib/Test/Deep/All.pm blib/lib/Test/Deep/All.pm
cp lib/Test/Deep/Cmp.pm blib/lib/Test/Deep/Cmp.pm
cp lib/Test/Deep/Ignore.pm blib/lib/Test/Deep/Ignore.pm
cp lib/Test/Deep/Number.pm blib/lib/Test/Deep/Number.pm
cp lib/Test/Deep/RegexpMatches.pm blib/lib/Test/Deep/RegexpMatches.pm
cp lib/Test/Deep/Cache/Simple.pm blib/lib/Test/Deep/Cache/Simple.pm
cp lib/Test/Deep/Shallow.pm blib/lib/Test/Deep/Shallow.pm
cp lib/Test/Deep/HashKeysOnly.pm blib/lib/Test/Deep/HashKeysOnly.pm
cp lib/Test/Deep/Methods.pm blib/lib/Test/Deep/Methods.pm
cp lib/Test/Deep/Stack.pm blib/lib/Test/Deep/Stack.pm
cp lib/Test/Deep/Hash.pm blib/lib/Test/Deep/Hash.pm
cp lib/Test/Deep/ArrayLengthOnly.pm blib/lib/Test/Deep/ArrayLengthOnly.pm
cp lib/Test/Deep/Obj.pm blib/lib/Test/Deep/Obj.pm
cp lib/Test/Deep/ArrayEach.pm blib/lib/Test/Deep/ArrayEach.pm
cp lib/Test/Deep/ArrayElementsOnly.pm blib/lib/Test/Deep/ArrayElementsOnly.pm
cp lib/Test/Deep/ScalarRef.pm blib/lib/Test/Deep/ScalarRef.pm
cp lib/Test/Deep/HashKeys.pm blib/lib/Test/Deep/HashKeys.pm
Manifying blib/man3/Test::Deep.3pm
Manifying blib/man3/Test::Deep::NoTest.3pm
  RJBS/Test-Deep-0.112.tar.gz
  /usr/bin/make -- OK
Running make test
PERL_DL_NONLAZY=1 /usr/bin/perl "-MExtUtils::Command::MM" "-MTest::Harness" "-e" "undef *Test::Harness::Switches; test_harness(0, 'blib/lib', 'blib/arch')" t/*.t
t/all.t ..................... ok    
t/any.t ..................... ok    
t/array.t ................... ok    
t/array_each.t .............. ok    
t/arraylength.t ............. ok    
t/bag.t ..................... ok     
t/bagrecursion.t ............ ok   
t/blessed.t ................. ok    
t/boolean.t ................. ok    
t/cache.t ................... ok   
t/circular.t ................ ok    
t/class.t ................... ok    
t/code.t .................... ok    
t/deep_utils.t .............. ok   
t/descend.t ................. ok    
t/error.t ................... ok   
t/hash.t .................... ok    
t/hash_each.t ............... ok    
t/hashkeys.t ................ ok    
t/ignore.t .................. ok   
t/isa.t ..................... ok    
t/listmethods.t ............. ok    
t/memory.t .................. ok   
t/methods.t ................. ok    
t/notest.t .................. ok   
t/notest_extra.t ............ ok   
t/number.t .................. ok    
t/reftype.t ................. ok    
t/regexp.t .................. ok    
t/regexpref.t ............... ok    
t/rt78288_blessed_object.t .. ok   
t/scalar.t .................. ok    
t/scalarref.t ............... ok    
t/set.t ..................... ok     
t/shallow.t ................. ok    
t/string.t .................. ok    
All tests successful.
Files=36, Tests=1170,  5 wallclock secs ( 0.56 usr  0.07 sys +  3.87 cusr  0.38 csys =  4.88 CPU)
Result: PASS
  RJBS/Test-Deep-0.112.tar.gz
  /usr/bin/make test -- OK
Running make install
Installing /usr/local/share/perl/5.14.2/Test/Deep.pm
Installing /usr/local/share/perl/5.14.2/Test/Deep/Set.pm
Installing /usr/local/share/perl/5.14.2/Test/Deep/ArrayElementsOnly.pm
Installing /usr/local/share/perl/5.14.2/Test/Deep/RegexpVersion.pm
Installing /usr/local/share/perl/5.14.2/Test/Deep/HashKeys.pm
Installing /usr/local/share/perl/5.14.2/Test/Deep/RegexpMatches.pm
Installing /usr/local/share/perl/5.14.2/Test/Deep/Number.pm
Installing /usr/local/share/perl/5.14.2/Test/Deep/RegexpOnly.pm
Installing /usr/local/share/perl/5.14.2/Test/Deep/Cmp.pm
Installing /usr/local/share/perl/5.14.2/Test/Deep/ScalarRef.pm
Installing /usr/local/share/perl/5.14.2/Test/Deep/ScalarRefOnly.pm
Installing /usr/local/share/perl/5.14.2/Test/Deep/NoTest.pm
Installing /usr/local/share/perl/5.14.2/Test/Deep/Regexp.pm
Installing /usr/local/share/perl/5.14.2/Test/Deep/Ignore.pm
Installing /usr/local/share/perl/5.14.2/Test/Deep/Cache.pm
Installing /usr/local/share/perl/5.14.2/Test/Deep/RegexpRefOnly.pm
Installing /usr/local/share/perl/5.14.2/Test/Deep/Hash.pm
Installing /usr/local/share/perl/5.14.2/Test/Deep/ArrayLength.pm
Installing /usr/local/share/perl/5.14.2/Test/Deep/Code.pm
Installing /usr/local/share/perl/5.14.2/Test/Deep/Array.pm
Installing /usr/local/share/perl/5.14.2/Test/Deep/Any.pm
Installing /usr/local/share/perl/5.14.2/Test/Deep/RegexpRef.pm
Installing /usr/local/share/perl/5.14.2/Test/Deep/Class.pm
Installing /usr/local/share/perl/5.14.2/Test/Deep/MM.pm
Installing /usr/local/share/perl/5.14.2/Test/Deep/Shallow.pm
Installing /usr/local/share/perl/5.14.2/Test/Deep/Blessed.pm
Installing /usr/local/share/perl/5.14.2/Test/Deep/All.pm
Installing /usr/local/share/perl/5.14.2/Test/Deep/Boolean.pm
Installing /usr/local/share/perl/5.14.2/Test/Deep/ArrayEach.pm
Installing /usr/local/share/perl/5.14.2/Test/Deep/Methods.pm
Installing /usr/local/share/perl/5.14.2/Test/Deep/Stack.pm
Installing /usr/local/share/perl/5.14.2/Test/Deep/String.pm
Installing /usr/local/share/perl/5.14.2/Test/Deep/Isa.pm
Installing /usr/local/share/perl/5.14.2/Test/Deep/HashKeysOnly.pm
Installing /usr/local/share/perl/5.14.2/Test/Deep/Obj.pm
Installing /usr/local/share/perl/5.14.2/Test/Deep/Ref.pm
Installing /usr/local/share/perl/5.14.2/Test/Deep/ArrayLengthOnly.pm
Installing /usr/local/share/perl/5.14.2/Test/Deep/HashElements.pm
Installing /usr/local/share/perl/5.14.2/Test/Deep/ListMethods.pm
Installing /usr/local/share/perl/5.14.2/Test/Deep/HashEach.pm
Installing /usr/local/share/perl/5.14.2/Test/Deep/RefType.pm
Installing /usr/local/share/perl/5.14.2/Test/Deep/Cache/Simple.pm
Installing /usr/local/man/man3/Test::Deep::NoTest.3pm
Installing /usr/local/man/man3/Test::Deep.3pm
Appending installation info to /usr/lib/perl/5.14/perllocal.pod
  RJBS/Test-Deep-0.112.tar.gz
  /usr/bin/make install  -- OK
Running make for G/GE/GETTY/HTTP-Body-1.19.tar.gz
  Has already been unwrapped into directory /home/abacus/.cpan/build/HTTP-Body-1.19-btkCec

  CPAN.pm: Going to build G/GE/GETTY/HTTP-Body-1.19.tar.gz

cp lib/HTTP/Body/OctetStream.pm blib/lib/HTTP/Body/OctetStream.pm
cp lib/HTTP/Body/XForms.pm blib/lib/HTTP/Body/XForms.pm
cp lib/HTTP/Body/UrlEncoded.pm blib/lib/HTTP/Body/UrlEncoded.pm
cp lib/HTTP/Body.pm blib/lib/HTTP/Body.pm
cp lib/HTTP/Body/XFormsMultipart.pm blib/lib/HTTP/Body/XFormsMultipart.pm
cp lib/HTTP/Body/MultiPart.pm blib/lib/HTTP/Body/MultiPart.pm
Manifying blib/man3/HTTP::Body.3pm
Manifying blib/man3/HTTP::Body::MultiPart.3pm
Manifying blib/man3/HTTP::Body::OctetStream.3pm
Manifying blib/man3/HTTP::Body::UrlEncoded.3pm
Manifying blib/man3/HTTP::Body::XForms.3pm
Manifying blib/man3/HTTP::Body::XFormsMultipart.3pm
  GETTY/HTTP-Body-1.19.tar.gz
  /usr/bin/make -- OK
Running make test
PERL_DL_NONLAZY=1 /usr/bin/perl "-MExtUtils::Command::MM" "-MTest::Harness" "-e" "undef *Test::Harness::Switches; test_harness(0, 'blib/lib', 'blib/arch')" t/*.t
t/01use.t ............... ok   
t/02pod.t ............... skipped: Test::Pod 1.14 required
t/03podcoverage.t ....... skipped: Test::Pod::Coverage 1.04 required
t/04critic.t ............ skipped: Critic test only for developers.
t/04multipart.t ......... ok       
t/05urlencoded.t ........ ok     
t/06octetstream.t ....... ok     
t/07xforms.t ............ ok     
t/08multipart-suffix.t .. ok   
t/09rt88342.t ........... ok   
All tests successful.
Files=10, Tests=226,  2 wallclock secs ( 0.14 usr  0.05 sys +  1.40 cusr  0.15 csys =  1.74 CPU)
Result: PASS
  GETTY/HTTP-Body-1.19.tar.gz
  /usr/bin/make test -- OK
Running make install
Installing /usr/local/share/perl/5.14.2/HTTP/Body.pm
Installing /usr/local/share/perl/5.14.2/HTTP/Body/XForms.pm
Installing /usr/local/share/perl/5.14.2/HTTP/Body/UrlEncoded.pm
Installing /usr/local/share/perl/5.14.2/HTTP/Body/OctetStream.pm
Installing /usr/local/share/perl/5.14.2/HTTP/Body/MultiPart.pm
Installing /usr/local/share/perl/5.14.2/HTTP/Body/XFormsMultipart.pm
Installing /usr/local/man/man3/HTTP::Body::OctetStream.3pm
Installing /usr/local/man/man3/HTTP::Body::UrlEncoded.3pm
Installing /usr/local/man/man3/HTTP::Body::XFormsMultipart.3pm
Installing /usr/local/man/man3/HTTP::Body::MultiPart.3pm
Installing /usr/local/man/man3/HTTP::Body.3pm
Installing /usr/local/man/man3/HTTP::Body::XForms.3pm
Appending installation info to /usr/lib/perl/5.14/perllocal.pod
  GETTY/HTTP-Body-1.19.tar.gz
  /usr/bin/make install  -- OK
Test::Requires is up to date (0.07).
Running install for module 'File::ShareDir'
Running make for A/AD/ADAMK/File-ShareDir-1.03.tar.gz
Fetching with LWP:
http://mirror.bytemark.co.uk/CPAN/authors/id/A/AD/ADAMK/File-ShareDir-1.03.tar.gz
Checksum for /home/abacus/.cpan/sources/authors/id/A/AD/ADAMK/File-ShareDir-1.03.tar.gz ok

  CPAN.pm: Going to build A/AD/ADAMK/File-ShareDir-1.03.tar.gz

Checking if your kit is complete...
Looks good
Warning: prerequisite Class::Inspector 1.12 not found.
Generating a Unix-style Makefile
Writing Makefile for File::ShareDir
Writing MYMETA.yml and MYMETA.json
---- Unsatisfied dependencies detected during ----
----      ADAMK/File-ShareDir-1.03.tar.gz     ----
    Class::Inspector [requires]
Running make test
  Delayed until after prerequisites
Running make install
  Delayed until after prerequisites
Running install for module 'Class::Inspector'
Running make for A/AD/ADAMK/Class-Inspector-1.28.tar.gz
Fetching with LWP:
http://mirror.bytemark.co.uk/CPAN/authors/id/A/AD/ADAMK/Class-Inspector-1.28.tar.gz
Checksum for /home/abacus/.cpan/sources/authors/id/A/AD/ADAMK/Class-Inspector-1.28.tar.gz ok

  CPAN.pm: Going to build A/AD/ADAMK/Class-Inspector-1.28.tar.gz

Checking if your kit is complete...
Looks good
Generating a Unix-style Makefile
Writing Makefile for Class::Inspector
Writing MYMETA.yml and MYMETA.json
cp lib/Class/Inspector.pm blib/lib/Class/Inspector.pm
cp lib/Class/Inspector/Functions.pm blib/lib/Class/Inspector/Functions.pm
Manifying blib/man3/Class::Inspector.3pm
Manifying blib/man3/Class::Inspector::Functions.3pm
  ADAMK/Class-Inspector-1.28.tar.gz
  /usr/bin/make -- OK
Running make test
PERL_DL_NONLAZY=1 /usr/bin/perl "-MExtUtils::Command::MM" "-MTest::Harness" "-e" "undef *Test::Harness::Switches; test_harness(0, 'inc', 'blib/lib', 'blib/arch')" t/*.t
t/01_compile.t ......... ok   
t/02_main.t ............ ok     
t/03_inc_to_local.t .... ok   
t/04_main_functions.t .. ok     
All tests successful.
Files=4, Tests=79,  0 wallclock secs ( 0.05 usr  0.02 sys +  0.17 cusr  0.02 csys =  0.26 CPU)
Result: PASS
  ADAMK/Class-Inspector-1.28.tar.gz
  /usr/bin/make test -- OK
Running make install
Installing /usr/local/share/perl/5.14.2/Class/Inspector.pm
Installing /usr/local/share/perl/5.14.2/Class/Inspector/Functions.pm
Installing /usr/local/man/man3/Class::Inspector.3pm
Installing /usr/local/man/man3/Class::Inspector::Functions.3pm
Appending installation info to /usr/lib/perl/5.14/perllocal.pod
  ADAMK/Class-Inspector-1.28.tar.gz
  /usr/bin/make install  -- OK
Running make for A/AD/ADAMK/File-ShareDir-1.03.tar.gz
  Has already been unwrapped into directory /home/abacus/.cpan/build/File-ShareDir-1.03-KidwoJ

  CPAN.pm: Going to build A/AD/ADAMK/File-ShareDir-1.03.tar.gz

cp lib/File/ShareDir.pm blib/lib/File/ShareDir.pm
Manifying blib/man3/File::ShareDir.3pm
  ADAMK/File-ShareDir-1.03.tar.gz
  /usr/bin/make -- OK
Running make test
PERL_DL_NONLAZY=1 /usr/bin/perl "-MExtUtils::Command::MM" "-MTest::Harness" "-e" "undef *Test::Harness::Switches; test_harness(0, 'inc', 'blib/lib', 'blib/arch')" t/*.t
t/01_compile.t .. ok   
t/02_main.t ..... ok     
All tests successful.
Files=2, Tests=32,  1 wallclock secs ( 0.04 usr  0.01 sys +  0.09 cusr  0.01 csys =  0.15 CPU)
Result: PASS
  ADAMK/File-ShareDir-1.03.tar.gz
  /usr/bin/make test -- OK
Running make install
Installing /usr/local/share/perl/5.14.2/auto/share/module/File-ShareDir/test_file.txt
Installing /usr/local/share/perl/5.14.2/auto/share/dist/File-ShareDir/sample.txt
Installing /usr/local/share/perl/5.14.2/auto/share/dist/File-ShareDir/subdir/sample.txt
Installing /usr/local/share/perl/5.14.2/File/ShareDir.pm
Installing /usr/local/man/man3/File::ShareDir.3pm
Appending installation info to /usr/lib/perl/5.14/perllocal.pod
  ADAMK/File-ShareDir-1.03.tar.gz
  /usr/bin/make install  -- OK
Running install for module 'Hash::MultiValue'
Running make for M/MI/MIYAGAWA/Hash-MultiValue-0.15.tar.gz
Fetching with LWP:
http://mirror.bytemark.co.uk/CPAN/authors/id/M/MI/MIYAGAWA/Hash-MultiValue-0.15.tar.gz
Checksum for /home/abacus/.cpan/sources/authors/id/M/MI/MIYAGAWA/Hash-MultiValue-0.15.tar.gz ok

  CPAN.pm: Going to build M/MI/MIYAGAWA/Hash-MultiValue-0.15.tar.gz

Checking if your kit is complete...
Looks good
Generating a Unix-style Makefile
Writing Makefile for Hash::MultiValue
Writing MYMETA.yml and MYMETA.json
cp lib/Hash/MultiValue.pm blib/lib/Hash/MultiValue.pm
Manifying blib/man3/Hash::MultiValue.3pm
  MIYAGAWA/Hash-MultiValue-0.15.tar.gz
  /usr/bin/make -- OK
Running make test
PERL_DL_NONLAZY=1 /usr/bin/perl "-MExtUtils::Command::MM" "-MTest::Harness" "-e" "undef *Test::Harness::Switches; test_harness(0, 'blib/lib', 'blib/arch')" t/*.t
t/00_compile.t .......... ok   
t/from_mixed.t .......... ok   
t/hash.t ................ ok    
t/multi.t ............... ok   
t/ref.t ................. skipped: No UNIVERSAL::ref
t/release-pod-syntax.t .. skipped: these tests are for release candidate testing
t/set.t ................. ok   
t/storable.t ............ ok   
t/threads.t ............. ok   
t/write.t ............... ok   
All tests successful.
Files=10, Tests=57,  1 wallclock secs ( 0.07 usr  0.02 sys +  0.40 cusr  0.05 csys =  0.54 CPU)
Result: PASS
  MIYAGAWA/Hash-MultiValue-0.15.tar.gz
  /usr/bin/make test -- OK
Running make install
Installing /usr/local/share/perl/5.14.2/Hash/MultiValue.pm
Installing /usr/local/man/man3/Hash::MultiValue.3pm
Appending installation info to /usr/lib/perl/5.14/perllocal.pod
  MIYAGAWA/Hash-MultiValue-0.15.tar.gz
  /usr/bin/make install  -- OK
Running install for module 'Apache::LogFormat::Compiler'
Running make for K/KA/KAZEBURO/Apache-LogFormat-Compiler-0.30.tar.gz
Fetching with LWP:
http://mirror.bytemark.co.uk/CPAN/authors/id/K/KA/KAZEBURO/Apache-LogFormat-Compiler-0.30.tar.gz
Fetching with LWP:
http://mirror.bytemark.co.uk/CPAN/authors/id/K/KA/KAZEBURO/CHECKSUMS
Checksum for /home/abacus/.cpan/sources/authors/id/K/KA/KAZEBURO/Apache-LogFormat-Compiler-0.30.tar.gz ok

  CPAN.pm: Going to build K/KA/KAZEBURO/Apache-LogFormat-Compiler-0.30.tar.gz

Created MYMETA.yml and MYMETA.json
Creating new 'Build' script for 'Apache-LogFormat-Compiler' version '0.30'
Merging cpanfile prereqs to MYMETA.yml
Merging cpanfile prereqs to MYMETA.json
----    Unsatisfied dependencies detected during    ----
---- KAZEBURO/Apache-LogFormat-Compiler-0.30.tar.gz ----
    POSIX::strftime::Compiler [requires]
    Test::MockTime [build_requires]
Running Build test
  Delayed until after prerequisites
Running Build install
  Delayed until after prerequisites
Running install for module 'POSIX::strftime::Compiler'
Running make for K/KA/KAZEBURO/POSIX-strftime-Compiler-0.31.tar.gz
Fetching with LWP:
http://mirror.bytemark.co.uk/CPAN/authors/id/K/KA/KAZEBURO/POSIX-strftime-Compiler-0.31.tar.gz
Checksum for /home/abacus/.cpan/sources/authors/id/K/KA/KAZEBURO/POSIX-strftime-Compiler-0.31.tar.gz ok

  CPAN.pm: Going to build K/KA/KAZEBURO/POSIX-strftime-Compiler-0.31.tar.gz

Created MYMETA.yml and MYMETA.json
Creating new 'Build' script for 'POSIX-strftime-Compiler' version '0.31'
Merging cpanfile prereqs to MYMETA.yml
Merging cpanfile prereqs to MYMETA.json
Building POSIX-strftime-Compiler
  KAZEBURO/POSIX-strftime-Compiler-0.31.tar.gz
  ./Build -- OK
Running Build test
t/00_compile.t ... ok   
t/01_basic.t ..... ok     
t/02_timezone.t .. ok   
t/03_isoweek.t ... ok   
t/04_tzset.t ..... ok   
All tests successful.
Files=5, Tests=381,  1 wallclock secs ( 0.14 usr  0.01 sys +  0.58 cusr  0.07 csys =  0.80 CPU)
Result: PASS
  KAZEBURO/POSIX-strftime-Compiler-0.31.tar.gz
  ./Build test -- OK
Running Build install
Building POSIX-strftime-Compiler
Installing /usr/local/share/perl/5.14.2/POSIX/strftime/Compiler.pm
Installing /usr/local/man/man3/POSIX::strftime::Compiler.3pm
  KAZEBURO/POSIX-strftime-Compiler-0.31.tar.gz
  ./Build install  -- OK
Running install for module 'Test::MockTime'
Running make for D/DD/DDICK/Test-MockTime-0.12.tar.gz
Fetching with LWP:
http://mirror.bytemark.co.uk/CPAN/authors/id/D/DD/DDICK/Test-MockTime-0.12.tar.gz
Fetching with LWP:
http://mirror.bytemark.co.uk/CPAN/authors/id/D/DD/DDICK/CHECKSUMS
Checksum for /home/abacus/.cpan/sources/authors/id/D/DD/DDICK/Test-MockTime-0.12.tar.gz ok

  CPAN.pm: Going to build D/DD/DDICK/Test-MockTime-0.12.tar.gz

Checking if your kit is complete...
Looks good
Generating a Unix-style Makefile
Writing Makefile for Test::MockTime
Writing MYMETA.yml and MYMETA.json
cp lib/Test/MockTime.pm blib/lib/Test/MockTime.pm
cp lib/Test/MockTime.pod blib/lib/Test/MockTime.pod
Manifying blib/man3/Test::MockTime.3pm
  DDICK/Test-MockTime-0.12.tar.gz
  /usr/bin/make -- OK
Running make test
PERL_DL_NONLAZY=1 /usr/bin/perl "-MExtUtils::Command::MM" "-MTest::Harness" "-e" "undef *Test::Harness::Switches; test_harness(0, 'blib/lib', 'blib/arch')" t/*.t
t/export.t ....... ok   
t/pod.t .......... skipped: Test::Pod 1.00 required for testing POD
t/prototypes.t ... ok   
t/string-time.t .. ok     
t/test.t ......... ok     
All tests successful.
Files=5, Tests=33, 28 wallclock secs ( 0.05 usr  0.02 sys +  0.18 cusr  0.04 csys =  0.29 CPU)
Result: PASS
  DDICK/Test-MockTime-0.12.tar.gz
  /usr/bin/make test -- OK
Running make install
Installing /usr/local/share/perl/5.14.2/Test/MockTime.pm
Installing /usr/local/share/perl/5.14.2/Test/MockTime.pod
Installing /usr/local/man/man3/Test::MockTime.3pm
Appending installation info to /usr/lib/perl/5.14/perllocal.pod
  DDICK/Test-MockTime-0.12.tar.gz
  /usr/bin/make install  -- OK
Running Build for K/KA/KAZEBURO/Apache-LogFormat-Compiler-0.30.tar.gz
  Has already been unwrapped into directory /home/abacus/.cpan/build/Apache-LogFormat-Compiler-0.30-hrjTQd

  CPAN.pm: Going to build K/KA/KAZEBURO/Apache-LogFormat-Compiler-0.30.tar.gz

Building Apache-LogFormat-Compiler
  KAZEBURO/Apache-LogFormat-Compiler-0.30.tar.gz
  ./Build -- OK
Running Build test
t/00_compile.t .. ok   
t/01_basic.t .... ok   
t/02_custom.t ... ok   
t/03_extra.t .... ok   
t/04_tz.t ....... ok    
All tests successful.
Files=5, Tests=30,  1 wallclock secs ( 0.04 usr  0.03 sys +  0.45 cusr  0.06 csys =  0.58 CPU)
Result: PASS
  KAZEBURO/Apache-LogFormat-Compiler-0.30.tar.gz
  ./Build test -- OK
Running Build install
Building Apache-LogFormat-Compiler
Installing /usr/local/share/perl/5.14.2/Apache/LogFormat/Compiler.pm
Installing /usr/local/man/man3/Apache::LogFormat::Compiler.3pm
  KAZEBURO/Apache-LogFormat-Compiler-0.30.tar.gz
  ./Build install  -- OK
Running install for module 'Filesys::Notify::Simple'
Running make for M/MI/MIYAGAWA/Filesys-Notify-Simple-0.12.tar.gz
Fetching with LWP:
http://mirror.bytemark.co.uk/CPAN/authors/id/M/MI/MIYAGAWA/Filesys-Notify-Simple-0.12.tar.gz
Checksum for /home/abacus/.cpan/sources/authors/id/M/MI/MIYAGAWA/Filesys-Notify-Simple-0.12.tar.gz ok

  CPAN.pm: Going to build M/MI/MIYAGAWA/Filesys-Notify-Simple-0.12.tar.gz

Checking if your kit is complete...
Looks good
Generating a Unix-style Makefile
Writing Makefile for Filesys::Notify::Simple
Writing MYMETA.yml and MYMETA.json
cp lib/Filesys/Notify/Simple.pm blib/lib/Filesys/Notify/Simple.pm
Manifying blib/man3/Filesys::Notify::Simple.3pm
  MIYAGAWA/Filesys-Notify-Simple-0.12.tar.gz
  /usr/bin/make -- OK
Running make test
PERL_DL_NONLAZY=1 /usr/bin/perl "-MExtUtils::Command::MM" "-MTest::Harness" "-e" "undef *Test::Harness::Switches; test_harness(0, 'blib/lib', 'blib/arch')" t/*.t
t/00_compile.t .......... ok   
t/move.t ................ ok   
t/non_existent_path.t ... ok   
t/release-pod-syntax.t .. skipped: these tests are for release candidate testing
t/rm_create.t ........... ok   
All tests successful.
Files=5, Tests=6, 13 wallclock secs ( 0.04 usr  0.02 sys +  0.30 cusr  0.06 csys =  0.42 CPU)
Result: PASS
  MIYAGAWA/Filesys-Notify-Simple-0.12.tar.gz
  /usr/bin/make test -- OK
Running make install
Installing /usr/local/share/perl/5.14.2/Filesys/Notify/Simple.pm
Installing /usr/local/man/man3/Filesys::Notify::Simple.3pm
Appending installation info to /usr/lib/perl/5.14/perllocal.pod
  MIYAGAWA/Filesys-Notify-Simple-0.12.tar.gz
  /usr/bin/make install  -- OK
Running install for module 'Devel::StackTrace::AsHTML'
Running make for M/MI/MIYAGAWA/Devel-StackTrace-AsHTML-0.14.tar.gz
Fetching with LWP:
http://mirror.bytemark.co.uk/CPAN/authors/id/M/MI/MIYAGAWA/Devel-StackTrace-AsHTML-0.14.tar.gz
Checksum for /home/abacus/.cpan/sources/authors/id/M/MI/MIYAGAWA/Devel-StackTrace-AsHTML-0.14.tar.gz ok

  CPAN.pm: Going to build M/MI/MIYAGAWA/Devel-StackTrace-AsHTML-0.14.tar.gz

Checking if your kit is complete...
Looks good
Generating a Unix-style Makefile
Writing Makefile for Devel::StackTrace::AsHTML
Writing MYMETA.yml and MYMETA.json
cp lib/Devel/StackTrace/AsHTML.pm blib/lib/Devel/StackTrace/AsHTML.pm
Manifying blib/man3/Devel::StackTrace::AsHTML.3pm
  MIYAGAWA/Devel-StackTrace-AsHTML-0.14.tar.gz
  /usr/bin/make -- OK
Running make test
PERL_DL_NONLAZY=1 /usr/bin/perl "-MExtUtils::Command::MM" "-MTest::Harness" "-e" "undef *Test::Harness::Switches; test_harness(0, 'inc', 'blib/lib', 'blib/arch')" t/*.t
t/00_compile.t .. ok   
t/encoding.t .... ok   
t/output.t ...... ok   
All tests successful.
Files=3, Tests=4,  0 wallclock secs ( 0.05 usr  0.00 sys +  0.14 cusr  0.02 csys =  0.21 CPU)
Result: PASS
  MIYAGAWA/Devel-StackTrace-AsHTML-0.14.tar.gz
  /usr/bin/make test -- OK
Running make install
Installing /usr/local/share/perl/5.14.2/Devel/StackTrace/AsHTML.pm
Installing /usr/local/man/man3/Devel::StackTrace::AsHTML.3pm
Appending installation info to /usr/lib/perl/5.14/perllocal.pod
  MIYAGAWA/Devel-StackTrace-AsHTML-0.14.tar.gz
  /usr/bin/make install  -- OK
Running make for M/MI/MIYAGAWA/Plack-1.0030.tar.gz
  Has already been unwrapped into directory /home/abacus/.cpan/build/Plack-1.0030-2pg8N8

  CPAN.pm: Going to build M/MI/MIYAGAWA/Plack-1.0030.tar.gz

cp share/#foo blib/lib/auto/share/dist/Plack/#foo
cp share/baybridge.jpg blib/lib/auto/share/dist/Plack/baybridge.jpg
cp share/face.jpg blib/lib/auto/share/dist/Plack/face.jpg
cp lib/Plack/Util/Accessor.pm blib/lib/Plack/Util/Accessor.pm
cp lib/Plack/App/CGIBin.pm blib/lib/Plack/App/CGIBin.pm
cp lib/Plack/App/PSGIBin.pm blib/lib/Plack/App/PSGIBin.pm
cp lib/Plack/Middleware/NullLogger.pm blib/lib/Plack/Middleware/NullLogger.pm
cp lib/Plack/Middleware/ContentMD5.pm blib/lib/Plack/Middleware/ContentMD5.pm
cp lib/Plack/Middleware/Log4perl.pm blib/lib/Plack/Middleware/Log4perl.pm
cp lib/Plack/Handler/Apache2.pm blib/lib/Plack/Handler/Apache2.pm
cp lib/Plack/Response.pm blib/lib/Plack/Response.pm
cp lib/Plack/Middleware/Recursive.pm blib/lib/Plack/Middleware/Recursive.pm
cp lib/Plack/App/File.pm blib/lib/Plack/App/File.pm
cp lib/Plack/Handler/CGI.pm blib/lib/Plack/Handler/CGI.pm
cp lib/Plack/Middleware/Lint.pm blib/lib/Plack/Middleware/Lint.pm
cp lib/Plack/Test/MockHTTP.pm blib/lib/Plack/Test/MockHTTP.pm
cp lib/Plack/Handler.pm blib/lib/Plack/Handler.pm
cp lib/Plack/Middleware.pm blib/lib/Plack/Middleware.pm
cp lib/Plack/Handler/Apache2/Registry.pm blib/lib/Plack/Handler/Apache2/Registry.pm
cp lib/Plack/Runner.pm blib/lib/Plack/Runner.pm
cp lib/Plack/Loader/Restarter.pm blib/lib/Plack/Loader/Restarter.pm
cp lib/Plack/Middleware/BufferedStreaming.pm blib/lib/Plack/Middleware/BufferedStreaming.pm
cp lib/Plack/Test/Server.pm blib/lib/Plack/Test/Server.pm
cp lib/Plack/HTTPParser.pm blib/lib/Plack/HTTPParser.pm
cp lib/Plack/Test.pm blib/lib/Plack/Test.pm
cp lib/Plack/Middleware/StackTrace.pm blib/lib/Plack/Middleware/StackTrace.pm
cp lib/Plack/Middleware/AccessLog/Timed.pm blib/lib/Plack/Middleware/AccessLog/Timed.pm
cp lib/Plack/Middleware/LighttpdScriptNameFix.pm blib/lib/Plack/Middleware/LighttpdScriptNameFix.pm
cp lib/Plack/Middleware/Chunked.pm blib/lib/Plack/Middleware/Chunked.pm
cp lib/Plack/Request.pm blib/lib/Plack/Request.pm
cp lib/Plack/App/Cascade.pm blib/lib/Plack/App/Cascade.pm
cp lib/Plack/Middleware/Conditional.pm blib/lib/Plack/Middleware/Conditional.pm
cp lib/Plack/Middleware/Runtime.pm blib/lib/Plack/Middleware/Runtime.pm
cp lib/Plack/Middleware/SimpleLogger.pm blib/lib/Plack/Middleware/SimpleLogger.pm
cp lib/Plack/App/WrapCGI.pm blib/lib/Plack/App/WrapCGI.pm
cp lib/Plack/TempBuffer.pm blib/lib/Plack/TempBuffer.pm
cp lib/Plack/Middleware/Auth/Basic.pm blib/lib/Plack/Middleware/Auth/Basic.pm
cp lib/Plack/Middleware/Static.pm blib/lib/Plack/Middleware/Static.pm
cp lib/Plack/Util.pm blib/lib/Plack/Util.pm
cp lib/Plack/Handler/Apache1.pm blib/lib/Plack/Handler/Apache1.pm
cp lib/Plack/Loader/Shotgun.pm blib/lib/Plack/Loader/Shotgun.pm
cp lib/Plack/Middleware/SimpleContentFilter.pm blib/lib/Plack/Middleware/SimpleContentFilter.pm
cp lib/Plack/Middleware/IIS7KeepAliveFix.pm blib/lib/Plack/Middleware/IIS7KeepAliveFix.pm
cp lib/Plack/Test/Suite.pm blib/lib/Plack/Test/Suite.pm
cp lib/Plack/Handler/HTTP/Server/PSGI.pm blib/lib/Plack/Handler/HTTP/Server/PSGI.pm
cp lib/Plack/Middleware/Refresh.pm blib/lib/Plack/Middleware/Refresh.pm
cp lib/Plack/Middleware/JSONP.pm blib/lib/Plack/Middleware/JSONP.pm
cp lib/Plack/Middleware/IIS6ScriptNameFix.pm blib/lib/Plack/Middleware/IIS6ScriptNameFix.pm
cp lib/Plack/Middleware/ErrorDocument.pm blib/lib/Plack/Middleware/ErrorDocument.pm
cp lib/Plack/Loader.pm blib/lib/Plack/Loader.pm
cp lib/Plack/Builder.pm blib/lib/Plack/Builder.pm
cp lib/Plack/Middleware/Head.pm blib/lib/Plack/Middleware/Head.pm
cp lib/Plack/Middleware/XSendfile.pm blib/lib/Plack/Middleware/XSendfile.pm
cp lib/Plack/Loader/Delayed.pm blib/lib/Plack/Loader/Delayed.pm
cp lib/Plack/Handler/FCGI.pm blib/lib/Plack/Handler/FCGI.pm
cp lib/Plack/Request/Upload.pm blib/lib/Plack/Request/Upload.pm
cp lib/Plack/LWPish.pm blib/lib/Plack/LWPish.pm
cp lib/Plack/Middleware/LogDispatch.pm blib/lib/Plack/Middleware/LogDispatch.pm
cp lib/HTTP/Server/PSGI.pm blib/lib/HTTP/Server/PSGI.pm
cp lib/Plack/Middleware/ContentLength.pm blib/lib/Plack/Middleware/ContentLength.pm
cp lib/Plack/MIME.pm blib/lib/Plack/MIME.pm
cp lib/Plack/Middleware/HTTPExceptions.pm blib/lib/Plack/Middleware/HTTPExceptions.pm
cp lib/Plack/App/Directory.pm blib/lib/Plack/App/Directory.pm
cp lib/Plack/Middleware/ConditionalGET.pm blib/lib/Plack/Middleware/ConditionalGET.pm
cp lib/Plack/App/URLMap.pm blib/lib/Plack/App/URLMap.pm
cp lib/Plack.pm blib/lib/Plack.pm
cp lib/Plack/Middleware/RearrangeHeaders.pm blib/lib/Plack/Middleware/RearrangeHeaders.pm
cp lib/Plack/Component.pm blib/lib/Plack/Component.pm
cp lib/Plack/Middleware/AccessLog.pm blib/lib/Plack/Middleware/AccessLog.pm
cp lib/Plack/Handler/Standalone.pm blib/lib/Plack/Handler/Standalone.pm
cp lib/HTTP/Message/PSGI.pm blib/lib/HTTP/Message/PSGI.pm
cp lib/Plack/HTTPParser/PP.pm blib/lib/Plack/HTTPParser/PP.pm
cp lib/Plack/Middleware/XFramework.pm blib/lib/Plack/Middleware/XFramework.pm
cp script/plackup blib/script/plackup
/usr/bin/perl -MExtUtils::MY -e 'MY->fixin(shift)' -- blib/script/plackup
Manifying blib/man1/plackup.1p
Manifying blib/man3/Plack::App::CGIBin.3pm
Manifying blib/man3/Plack::Util::Accessor.3pm
Manifying blib/man3/Plack::App::PSGIBin.3pm
Manifying blib/man3/Plack::Handler::Apache2.3pm
Manifying blib/man3/Plack::Middleware::Log4perl.3pm
Manifying blib/man3/Plack::Middleware::Recursive.3pm
Manifying blib/man3/Plack::Response.3pm
Manifying blib/man3/Plack::Test::MockHTTP.3pm
Manifying blib/man3/Plack::Middleware::Lint.3pm
Manifying blib/man3/Plack::Middleware::BufferedStreaming.3pm
Manifying blib/man3/Plack::HTTPParser.3pm
Manifying blib/man3/Plack::Middleware::StackTrace.3pm
Manifying blib/man3/Plack::Middleware::AccessLog::Timed.3pm
Manifying blib/man3/Plack::Middleware::LighttpdScriptNameFix.3pm
Manifying blib/man3/Plack::Middleware::Chunked.3pm
Manifying blib/man3/Plack::Request.3pm
Manifying blib/man3/Plack::App::Cascade.3pm
Manifying blib/man3/Plack::Middleware::Conditional.3pm
Manifying blib/man3/Plack::Middleware::Runtime.3pm
Manifying blib/man3/Plack::Middleware::SimpleLogger.3pm
Manifying blib/man3/Plack::App::WrapCGI.3pm
Manifying blib/man3/Plack::Middleware::Auth::Basic.3pm
Manifying blib/man3/Plack::Middleware::Static.3pm
Manifying blib/man3/Plack::Util.3pm
Manifying blib/man3/Plack::Handler::Apache1.3pm
Manifying blib/man3/Plack::Loader::Shotgun.3pm
Manifying blib/man3/Plack::Middleware::SimpleContentFilter.3pm
Manifying blib/man3/Plack::Middleware::IIS7KeepAliveFix.3pm
Manifying blib/man3/Plack::Middleware::NullLogger.3pm
Manifying blib/man3/Plack::Middleware::ContentMD5.3pm
Manifying blib/man3/Plack::Handler::CGI.3pm
Manifying blib/man3/Plack::App::File.3pm
Manifying blib/man3/Plack::Handler.3pm
Manifying blib/man3/Plack::Middleware.3pm
Manifying blib/man3/Plack::Runner.3pm
Manifying blib/man3/Plack::Handler::Apache2::Registry.3pm
Manifying blib/man3/Plack::Loader::Restarter.3pm
Manifying blib/man3/Plack::Test::Server.3pm
Manifying blib/man3/Plack::Test.3pm
Manifying blib/man3/Plack::Handler::FCGI.3pm
Manifying blib/man3/Plack::Request::Upload.3pm
Manifying blib/man3/Plack::LWPish.3pm
Manifying blib/man3/HTTP::Server::PSGI.3pm
Manifying blib/man3/Plack::Middleware::ContentLength.3pm
Manifying blib/man3/Plack::MIME.3pm
Manifying blib/man3/Plack::Middleware::HTTPExceptions.3pm
Manifying blib/man3/Plack.3pm
Manifying blib/man3/Plack::HTTPParser::PP.3pm
Manifying blib/man3/Plack::Middleware::XFramework.3pm
Manifying blib/man3/Plack::Test::Suite.3pm
Manifying blib/man3/Plack::Middleware::Refresh.3pm
Manifying blib/man3/Plack::Handler::HTTP::Server::PSGI.3pm
Manifying blib/man3/Plack::Middleware::JSONP.3pm
Manifying blib/man3/Plack::Middleware::IIS6ScriptNameFix.3pm
Manifying blib/man3/Plack::Loader.3pm
Manifying blib/man3/Plack::Middleware::ErrorDocument.3pm
Manifying blib/man3/Plack::Builder.3pm
Manifying blib/man3/Plack::Middleware::XSendfile.3pm
Manifying blib/man3/Plack::Middleware::Head.3pm
Manifying blib/man3/Plack::Loader::Delayed.3pm
Manifying blib/man3/Plack::Middleware::LogDispatch.3pm
Manifying blib/man3/Plack::App::Directory.3pm
Manifying blib/man3/Plack::App::URLMap.3pm
Manifying blib/man3/Plack::Middleware::ConditionalGET.3pm
Manifying blib/man3/Plack::Component.3pm
Manifying blib/man3/Plack::Middleware::RearrangeHeaders.3pm
Manifying blib/man3/Plack::Middleware::AccessLog.3pm
Manifying blib/man3/HTTP::Message::PSGI.3pm
Manifying blib/man3/Plack::Handler::Standalone.3pm
  MIYAGAWA/Plack-1.0030.tar.gz
  /usr/bin/make -- OK
Running make test
Skip blib/lib/auto/share/dist/Plack/#foo (unchanged)
Skip blib/lib/auto/share/dist/Plack/baybridge.jpg (unchanged)
Skip blib/lib/auto/share/dist/Plack/face.jpg (unchanged)
PERL_DL_NONLAZY=1 /usr/bin/perl "-MExtUtils::Command::MM" "-e" "test_harness(0, 'blib/lib', 'blib/arch')" t/*.t t/HTTP-Message-PSGI/*.t t/HTTP-Server-PSGI/*.t t/Plack-Builder/*.t t/Plack-HTTPParser-PP/*.t t/Plack-Handler/*.t t/Plack-Loader/*.t t/Plack-MIME/*.t t/Plack-Middleware/*.t t/Plack-Middleware/cascade/*.t t/Plack-Middleware/recursive/*.t t/Plack-Middleware/stacktrace/*.t t/Plack-Request/*.t t/Plack-Response/*.t t/Plack-Runner/*.t t/Plack-TempBuffer/*.t t/Plack-Test/*.t t/Plack-Util/*.t
t/HTTP-Message-PSGI/content_length.t ............... ok   
t/HTTP-Message-PSGI/empty_streamed_response.t ...... ok   
t/HTTP-Message-PSGI/host.t ......................... ok   
t/HTTP-Message-PSGI/path_info.t .................... ok   
t/HTTP-Message-PSGI/utf8_req.t ..................... ok    
t/HTTP-Server-PSGI/harakiri.t ...................... ok   
t/HTTP-Server-PSGI/post.t .......................... ok   
t/Plack-Builder/builder.t .......................... ok   
t/Plack-Builder/mount.t ............................ ok   
t/Plack-Builder/oo_interface.t ..................... ok    
t/Plack-Handler/apache1.t .......................... skipped: TEST_APACHE1 is not set
t/Plack-Handler/apache2-registry.t ................. skipped: TEST_APACHE2 is not set
t/Plack-Handler/apache2.t .......................... skipped: TEST_APACHE2 is not set
t/Plack-Handler/cgi.t .............................. skipped: Test requires module 'HTTP::Request::AsCGI' but it's not found
t/Plack-Handler/fcgi.t ............................. skipped: Test requires module 'FCGI' but it's not found
t/Plack-Handler/output_encoding.t .................. ok   
t/Plack-Handler/standalone.t ....................... ok     
t/Plack-HTTPParser-PP/simple.t ..................... ok    
t/Plack-Loader/auto.t .............................. ok   
t/Plack-Loader/auto_fallback.t ..................... ok   
t/Plack-Loader/delayed.t ........................... ok   
t/Plack-Loader/restarter.t ......................... skipped: release test only
t/Plack-Loader/restarter_valid.t ................... Possible attempt to put comments in qw() list at t/Plack-Loader/restarter_valid.t line 16.
t/Plack-Loader/restarter_valid.t ................... ok    
t/Plack-Loader/shotgun.t ........................... ok     
t/Plack-Middleware/access_log.t .................... ok   
t/Plack-Middleware/access_log_timed.t .............. ok   
t/Plack-Middleware/access_log_value_zero.t ......... ok   
t/Plack-Middleware/auth_basic.t .................... ok   
t/Plack-Middleware/auth_basic_env.t ................ ok   
t/Plack-Middleware/auth_basic_simple.t ............. skipped: Test requires module 'Authen::Simple::Passwd' but it's not found
t/Plack-Middleware/bufferedstreaming.t ............. ok   
t/Plack-Middleware/cascade/basic.t ................. ok   
t/Plack-Middleware/cascade/streaming.t ............. ok   
t/Plack-Middleware/cgibin.t ........................ skipped: Test requires module 'CGI::Emulate::PSGI' but it's not found
t/Plack-Middleware/cgibin_exec.t ................... skipped: Test requires module 'CGI::Emulate::PSGI' but it's not found
t/Plack-Middleware/chunked.t ....................... skipped: Test requires module 'IO::Handle::Util' but it's not found
t/Plack-Middleware/component-leak.t ................ ok   
t/Plack-Middleware/component.t ..................... skipped: Test requires module 'IO::Handle::Util' but it's not found
t/Plack-Middleware/conditional.t ................... ok   
t/Plack-Middleware/conditional_new.t ............... ok   
t/Plack-Middleware/conditionalget.t ................ ok     
t/Plack-Middleware/conditionalget_writer.t ......... ok   
t/Plack-Middleware/content_length.t ................ ok   
t/Plack-Middleware/directory.t ..................... ok   
t/Plack-Middleware/error_document.t ................ ok   
t/Plack-Middleware/error_document_streaming_app.t .. ok    
t/Plack-Middleware/file.t .......................... ok   
t/Plack-Middleware/head.t .......................... ok   
t/Plack-Middleware/head_streaming.t ................ ok   
t/Plack-Middleware/httpexceptions.t ................ ok   
t/Plack-Middleware/httpexceptions_streaming.t ...... ok   
t/Plack-Middleware/iis6_script_name_fix.t .......... ok   
t/Plack-Middleware/iis7_keep_alive_fix.t ........... ok   
t/Plack-Middleware/jsonp.t ......................... ok   
t/Plack-Middleware/lint.t .......................... ok    
t/Plack-Middleware/lint_env.t ...................... ok   
t/Plack-Middleware/lint_utf8_false_alarm.t ......... ok   
t/Plack-Middleware/log4perl.t ...................... skipped: Test requires module 'Log::Log4perl' but it's not found
t/Plack-Middleware/log_dispatch.t .................. skipped: Test requires module 'Log::Dispatch::Array' but it's not found
t/Plack-Middleware/order.t ......................... ok   
t/Plack-Middleware/prefix.t ........................ ok   
t/Plack-Middleware/psgibin.t ....................... ok   
t/Plack-Middleware/rearrange_headers.t ............. ok   
t/Plack-Middleware/recursive/base.t ................ ok   
t/Plack-Middleware/recursive/streaming.t ........... ok   
t/Plack-Middleware/recursive/throw.t ............... ok   
t/Plack-Middleware/recursive/throw_streaming.t ..... ok   
t/Plack-Middleware/refresh-init.t .................. skipped: Test requires module 'Module::Refresh' but it's not found
t/Plack-Middleware/runtime.t ....................... ok   
t/Plack-Middleware/simple_content_filter.t ......... ok   
t/Plack-Middleware/simple_logger.t ................. ok   
t/Plack-Middleware/stacktrace/basic.t .............. ok   
t/Plack-Middleware/stacktrace/force.t .............. ok   
t/Plack-Middleware/stacktrace/sigdie.t ............. ok   
t/Plack-Middleware/stacktrace/streaming.t .......... ok   
t/Plack-Middleware/stacktrace/utf8.t ............... ok   
t/Plack-Middleware/static.t ........................ ok    
t/Plack-Middleware/static_env.t .................... ok   
t/Plack-Middleware/urlmap.t ........................ ok    
t/Plack-Middleware/urlmap_builder.t ................ ok   
t/Plack-Middleware/urlmap_env.t .................... ok   
t/Plack-Middleware/urlmap_ports.t .................. ok   
t/Plack-Middleware/wrapcgi.t ....................... skipped: Test requires module 'CGI::Emulate::PSGI' but it's not found
t/Plack-Middleware/wrapcgi_exec.t .................. skipped: Test requires module 'CGI::Emulate::PSGI' but it's not found
t/Plack-Middleware/xframework.t .................... ok   
t/Plack-Middleware/xsendfile.t ..................... ok   
t/Plack-MIME/add_type.t ............................ ok   
t/Plack-MIME/basic.t ............................... ok   
t/Plack-MIME/fallback.t ............................ skipped: Test requires module 'MIME::Types' but it's not found
t/Plack-Request/base.t ............................. ok   
t/Plack-Request/body.t ............................. ok   
t/Plack-Request/content-on-get.t ................... ok   
t/Plack-Request/content.t .......................... ok   
t/Plack-Request/cookie.t ........................... ok   
t/Plack-Request/double_port.t ...................... ok   
t/Plack-Request/hostname.t ......................... ok   
t/Plack-Request/many_upload.t ...................... ok   
t/Plack-Request/multi_read.t ....................... ok   
t/Plack-Request/new.t .............................. ok   
t/Plack-Request/parameters.t ....................... ok   
t/Plack-Request/params.t ........................... ok    
t/Plack-Request/path_info.t ........................ ok   
t/Plack-Request/path_info_escaped.t ................ ok   
t/Plack-Request/readbody.t ......................... ok   
t/Plack-Request/request_uri.t ...................... ok   
t/Plack-Request/upload-basename.t .................. ok   
t/Plack-Request/upload-large.t ..................... ok   
t/Plack-Request/upload.t ........................... ok    
t/Plack-Request/uri.t .............................. ok     
t/Plack-Request/uri_utf8.t ......................... ok   
t/Plack-Response/body.t ............................ ok   
t/Plack-Response/compatible.t ...................... ok   
t/Plack-Response/cookie.t .......................... ok   
t/Plack-Response/new.t ............................. ok   
t/Plack-Response/redirect.t ........................ ok   
t/Plack-Response/response.t ........................ ok   
t/Plack-Response/to_app.t .......................... ok   
t/Plack-Runner/options.t ........................... ok    
t/Plack-Runner/path.t .............................. skipped: release test only
t/Plack-TempBuffer/print.t ......................... ok    
t/Plack-Test/2args.t ............................... ok   
t/Plack-Test/cookie.t .............................. ok   
t/Plack-Test/hello.t ............................... ok   
t/Plack-Test/hello_server.t ........................ ok   
t/Plack-Test/suite.t ............................... ok     
t/Plack-Util/foreach.t ............................. ok    
t/Plack-Util/headers.t ............................. ok    
t/Plack-Util/headers_obj.t ......................... ok   
t/Plack-Util/inline_object.t ....................... ok   
t/Plack-Util/io_with_path.t ........................ ok   
t/Plack-Util/is_real_fh.t .......................... ok   
t/Plack-Util/load.t ................................ ok    
t/Plack-Util/response_cb.t ......................... ok   
t/release-pod-syntax.t ............................. skipped: these tests are for release candidate testing
All tests successful.
Files=134, Tests=921, 20 wallclock secs ( 0.79 usr  0.22 sys + 15.76 cusr  2.24 csys = 19.01 CPU)
Result: PASS
  MIYAGAWA/Plack-1.0030.tar.gz
  /usr/bin/make test -- OK
Running make install
Skip blib/lib/auto/share/dist/Plack/#foo (unchanged)
Skip blib/lib/auto/share/dist/Plack/baybridge.jpg (unchanged)
Skip blib/lib/auto/share/dist/Plack/face.jpg (unchanged)
Installing /usr/local/share/perl/5.14.2/Plack.pm
Installing /usr/local/share/perl/5.14.2/auto/share/dist/Plack/baybridge.jpg
Installing /usr/local/share/perl/5.14.2/auto/share/dist/Plack/face.jpg
Installing /usr/local/share/perl/5.14.2/auto/share/dist/Plack/#foo
Installing /usr/local/share/perl/5.14.2/HTTP/Server/PSGI.pm
Installing /usr/local/share/perl/5.14.2/HTTP/Message/PSGI.pm
Installing /usr/local/share/perl/5.14.2/Plack/TempBuffer.pm
Installing /usr/local/share/perl/5.14.2/Plack/Request.pm
Installing /usr/local/share/perl/5.14.2/Plack/Util.pm
Installing /usr/local/share/perl/5.14.2/Plack/Middleware.pm
Installing /usr/local/share/perl/5.14.2/Plack/Runner.pm
Installing /usr/local/share/perl/5.14.2/Plack/Component.pm
Installing /usr/local/share/perl/5.14.2/Plack/MIME.pm
Installing /usr/local/share/perl/5.14.2/Plack/Builder.pm
Installing /usr/local/share/perl/5.14.2/Plack/Response.pm
Installing /usr/local/share/perl/5.14.2/Plack/HTTPParser.pm
Installing /usr/local/share/perl/5.14.2/Plack/Handler.pm
Installing /usr/local/share/perl/5.14.2/Plack/Test.pm
Installing /usr/local/share/perl/5.14.2/Plack/Loader.pm
Installing /usr/local/share/perl/5.14.2/Plack/LWPish.pm
Installing /usr/local/share/perl/5.14.2/Plack/Request/Upload.pm
Installing /usr/local/share/perl/5.14.2/Plack/Util/Accessor.pm
Installing /usr/local/share/perl/5.14.2/Plack/HTTPParser/PP.pm
Installing /usr/local/share/perl/5.14.2/Plack/Middleware/BufferedStreaming.pm
Installing /usr/local/share/perl/5.14.2/Plack/Middleware/Recursive.pm
Installing /usr/local/share/perl/5.14.2/Plack/Middleware/LighttpdScriptNameFix.pm
Installing /usr/local/share/perl/5.14.2/Plack/Middleware/SimpleLogger.pm
Installing /usr/local/share/perl/5.14.2/Plack/Middleware/JSONP.pm
Installing /usr/local/share/perl/5.14.2/Plack/Middleware/HTTPExceptions.pm
Installing /usr/local/share/perl/5.14.2/Plack/Middleware/XFramework.pm
Installing /usr/local/share/perl/5.14.2/Plack/Middleware/ContentMD5.pm
Installing /usr/local/share/perl/5.14.2/Plack/Middleware/Static.pm
Installing /usr/local/share/perl/5.14.2/Plack/Middleware/LogDispatch.pm
Installing /usr/local/share/perl/5.14.2/Plack/Middleware/Refresh.pm
Installing /usr/local/share/perl/5.14.2/Plack/Middleware/Conditional.pm
Installing /usr/local/share/perl/5.14.2/Plack/Middleware/Lint.pm
Installing /usr/local/share/perl/5.14.2/Plack/Middleware/ErrorDocument.pm
Installing /usr/local/share/perl/5.14.2/Plack/Middleware/Log4perl.pm
Installing /usr/local/share/perl/5.14.2/Plack/Middleware/IIS7KeepAliveFix.pm
Installing /usr/local/share/perl/5.14.2/Plack/Middleware/RearrangeHeaders.pm
Installing /usr/local/share/perl/5.14.2/Plack/Middleware/StackTrace.pm
Installing /usr/local/share/perl/5.14.2/Plack/Middleware/AccessLog.pm
Installing /usr/local/share/perl/5.14.2/Plack/Middleware/NullLogger.pm
Installing /usr/local/share/perl/5.14.2/Plack/Middleware/XSendfile.pm
Installing /usr/local/share/perl/5.14.2/Plack/Middleware/SimpleContentFilter.pm
Installing /usr/local/share/perl/5.14.2/Plack/Middleware/Head.pm
Installing /usr/local/share/perl/5.14.2/Plack/Middleware/Runtime.pm
Installing /usr/local/share/perl/5.14.2/Plack/Middleware/ContentLength.pm
Installing /usr/local/share/perl/5.14.2/Plack/Middleware/IIS6ScriptNameFix.pm
Installing /usr/local/share/perl/5.14.2/Plack/Middleware/ConditionalGET.pm
Installing /usr/local/share/perl/5.14.2/Plack/Middleware/Chunked.pm
Installing /usr/local/share/perl/5.14.2/Plack/Middleware/AccessLog/Timed.pm
Installing /usr/local/share/perl/5.14.2/Plack/Middleware/Auth/Basic.pm
Installing /usr/local/share/perl/5.14.2/Plack/Loader/Restarter.pm
Installing /usr/local/share/perl/5.14.2/Plack/Loader/Delayed.pm
Installing /usr/local/share/perl/5.14.2/Plack/Loader/Shotgun.pm
Installing /usr/local/share/perl/5.14.2/Plack/Handler/FCGI.pm
Installing /usr/local/share/perl/5.14.2/Plack/Handler/CGI.pm
Installing /usr/local/share/perl/5.14.2/Plack/Handler/Apache2.pm
Installing /usr/local/share/perl/5.14.2/Plack/Handler/Standalone.pm
Installing /usr/local/share/perl/5.14.2/Plack/Handler/Apache1.pm
Installing /usr/local/share/perl/5.14.2/Plack/Handler/Apache2/Registry.pm
Installing /usr/local/share/perl/5.14.2/Plack/Handler/HTTP/Server/PSGI.pm
Installing /usr/local/share/perl/5.14.2/Plack/App/File.pm
Installing /usr/local/share/perl/5.14.2/Plack/App/Cascade.pm
Installing /usr/local/share/perl/5.14.2/Plack/App/PSGIBin.pm
Installing /usr/local/share/perl/5.14.2/Plack/App/WrapCGI.pm
Installing /usr/local/share/perl/5.14.2/Plack/App/URLMap.pm
Installing /usr/local/share/perl/5.14.2/Plack/App/Directory.pm
Installing /usr/local/share/perl/5.14.2/Plack/App/CGIBin.pm
Installing /usr/local/share/perl/5.14.2/Plack/Test/Suite.pm
Installing /usr/local/share/perl/5.14.2/Plack/Test/Server.pm
Installing /usr/local/share/perl/5.14.2/Plack/Test/MockHTTP.pm
Installing /usr/local/man/man1/plackup.1p
Installing /usr/local/man/man3/Plack::Component.3pm
Installing /usr/local/man/man3/Plack::Util::Accessor.3pm
Installing /usr/local/man/man3/Plack.3pm
Installing /usr/local/man/man3/Plack::Middleware::ErrorDocument.3pm
Installing /usr/local/man/man3/Plack::Middleware::SimpleContentFilter.3pm
Installing /usr/local/man/man3/Plack::App::Cascade.3pm
Installing /usr/local/man/man3/Plack::Middleware::Log4perl.3pm
Installing /usr/local/man/man3/Plack::Handler::Apache2.3pm
Installing /usr/local/man/man3/Plack::Loader::Restarter.3pm
Installing /usr/local/man/man3/Plack::Middleware::RearrangeHeaders.3pm
Installing /usr/local/man/man3/Plack::Middleware::HTTPExceptions.3pm
Installing /usr/local/man/man3/Plack::Test::MockHTTP.3pm
Installing /usr/local/man/man3/Plack::Handler.3pm
Installing /usr/local/man/man3/Plack::Loader::Delayed.3pm
Installing /usr/local/man/man3/Plack::Middleware::ContentMD5.3pm
Installing /usr/local/man/man3/Plack::Middleware::LogDispatch.3pm
Installing /usr/local/man/man3/Plack::App::WrapCGI.3pm
Installing /usr/local/man/man3/Plack::LWPish.3pm
Installing /usr/local/man/man3/Plack::App::Directory.3pm
Installing /usr/local/man/man3/Plack::MIME.3pm
Installing /usr/local/man/man3/Plack::Middleware::AccessLog::Timed.3pm
Installing /usr/local/man/man3/Plack::Middleware::Conditional.3pm
Installing /usr/local/man/man3/Plack::Middleware::LighttpdScriptNameFix.3pm
Installing /usr/local/man/man3/Plack::Util.3pm
Installing /usr/local/man/man3/Plack::Middleware::SimpleLogger.3pm
Installing /usr/local/man/man3/Plack::Handler::CGI.3pm
Installing /usr/local/man/man3/Plack::Middleware::Recursive.3pm
Installing /usr/local/man/man3/Plack::Middleware::BufferedStreaming.3pm
Installing /usr/local/man/man3/Plack::Response.3pm
Installing /usr/local/man/man3/Plack::Test::Suite.3pm
Installing /usr/local/man/man3/Plack::Middleware::IIS6ScriptNameFix.3pm
Installing /usr/local/man/man3/Plack::Middleware::ConditionalGET.3pm
Installing /usr/local/man/man3/Plack::Middleware::StackTrace.3pm
Installing /usr/local/man/man3/Plack::Test::Server.3pm
Installing /usr/local/man/man3/Plack::Middleware::JSONP.3pm
Installing /usr/local/man/man3/HTTP::Server::PSGI.3pm
Installing /usr/local/man/man3/HTTP::Message::PSGI.3pm
Installing /usr/local/man/man3/Plack::App::PSGIBin.3pm
Installing /usr/local/man/man3/Plack::Middleware::Auth::Basic.3pm
Installing /usr/local/man/man3/Plack::Middleware::Runtime.3pm
Installing /usr/local/man/man3/Plack::Middleware::AccessLog.3pm
Installing /usr/local/man/man3/Plack::Middleware::XSendfile.3pm
Installing /usr/local/man/man3/Plack::Runner.3pm
Installing /usr/local/man/man3/Plack::Middleware::Refresh.3pm
Installing /usr/local/man/man3/Plack::Loader.3pm
Installing /usr/local/man/man3/Plack::Handler::FCGI.3pm
Installing /usr/local/man/man3/Plack::Request::Upload.3pm
Installing /usr/local/man/man3/Plack::App::CGIBin.3pm
Installing /usr/local/man/man3/Plack::Builder.3pm
Installing /usr/local/man/man3/Plack::Middleware::XFramework.3pm
Installing /usr/local/man/man3/Plack::Middleware::Head.3pm
Installing /usr/local/man/man3/Plack::HTTPParser::PP.3pm
Installing /usr/local/man/man3/Plack::Handler::Standalone.3pm
Installing /usr/local/man/man3/Plack::Middleware::NullLogger.3pm
Installing /usr/local/man/man3/Plack::Request.3pm
Installing /usr/local/man/man3/Plack::Handler::Apache2::Registry.3pm
Installing /usr/local/man/man3/Plack::Handler::HTTP::Server::PSGI.3pm
Installing /usr/local/man/man3/Plack::Middleware.3pm
Installing /usr/local/man/man3/Plack::Middleware::Lint.3pm
Installing /usr/local/man/man3/Plack::Middleware::ContentLength.3pm
Installing /usr/local/man/man3/Plack::Test.3pm
Installing /usr/local/man/man3/Plack::Middleware::IIS7KeepAliveFix.3pm
Installing /usr/local/man/man3/Plack::HTTPParser.3pm
Installing /usr/local/man/man3/Plack::Loader::Shotgun.3pm
Installing /usr/local/man/man3/Plack::App::URLMap.3pm
Installing /usr/local/man/man3/Plack::Middleware::Chunked.3pm
Installing /usr/local/man/man3/Plack::App::File.3pm
Installing /usr/local/man/man3/Plack::Handler::Apache1.3pm
Installing /usr/local/man/man3/Plack::Middleware::Static.3pm
Installing /usr/local/bin/plackup
Appending installation info to /usr/local/lib/perl/5.14.2/perllocal.pod
  MIYAGAWA/Plack-1.0030.tar.gz
  /usr/bin/make install  -- OK
Running make for A/AV/AVAR/Hijk-0.12.tar.gz
  Has already been unwrapped into directory /home/abacus/.cpan/build/Hijk-0.12-fN3Li2

  CPAN.pm: Going to build A/AV/AVAR/Hijk-0.12.tar.gz

Warning: Prerequisite 'Net::Ping => 2.41' for 'AVAR/Hijk-0.12.tar.gz' failed when processing 'SMPETERS/Net-Ping-2.41.tar.gz' with 'make_test => NO'. Continuing, but chances to succeed are limited.
cp lib/Hijk.pm blib/lib/Hijk.pm
Manifying blib/man3/Hijk.3pm
  AVAR/Hijk-0.12.tar.gz
  /usr/bin/make -- OK
Running make test
PERL_DL_NONLAZY=1 /usr/bin/perl "-MExtUtils::Command::MM" "-e" "test_harness(0, 'inc', 'blib/lib', 'blib/arch')" t/*.t
t/build_http_message.t ................... ok    
t/live-connect-timeout.t ................. skipped: Enable live testing by setting env: TEST_LIVE=1
t/live-elasticsearch.t ................... skipped: Enable live testing by setting env: TEST_LIVE=1
t/live-google.t .......................... skipped: Enable live testing by setting env: TEST_LIVE=1
t/live-invalid-domain.t .................. skipped: Enable live testing by setting env: TEST_LIVE=1
t/live-plack.t ........................... skipped: Enable live testing by setting env: TEST_LIVE=1
t/parse-http-connection-close-message.t .. ok   
t/parse-http-message.t ................... ok   
All tests successful.
Files=8, Tests=27,  1 wallclock secs ( 0.06 usr  0.02 sys +  0.53 cusr  0.06 csys =  0.67 CPU)
Result: PASS
  AVAR/Hijk-0.12.tar.gz
  /usr/bin/make test -- OK
Running make install
Installing /usr/local/share/perl/5.14.2/Hijk.pm
Installing /usr/local/man/man3/Hijk.3pm
Appending installation info to /usr/local/lib/perl/5.14.2/perllocal.pod
  AVAR/Hijk-0.12.tar.gz
  /usr/bin/make install  -- OK
Test::Deep is up to date (0.112).
Test::Exception is up to date (0.32).
Running install for module 'Moo::Role'
Running make for H/HA/HAARG/Moo-1.004002.tar.gz
Fetching with LWP:
http://mirror.bytemark.co.uk/CPAN/authors/id/H/HA/HAARG/Moo-1.004002.tar.gz
Checksum for /home/abacus/.cpan/sources/authors/id/H/HA/HAARG/Moo-1.004002.tar.gz ok
---- Unsatisfied dependencies detected during ----
----         HAARG/Moo-1.004002.tar.gz        ----
    Dist::CheckConflicts [build_requires]
Running make test
  Make had some problems, won't test
  Delayed until after prerequisites
Running make install
  Make had some problems, won't install
  Delayed until after prerequisites
Running install for module 'Dist::CheckConflicts'
Running make for D/DO/DOY/Dist-CheckConflicts-0.11.tar.gz
Fetching with LWP:
http://mirror.bytemark.co.uk/CPAN/authors/id/D/DO/DOY/Dist-CheckConflicts-0.11.tar.gz
Checksum for /home/abacus/.cpan/sources/authors/id/D/DO/DOY/Dist-CheckConflicts-0.11.tar.gz ok

  CPAN.pm: Going to build D/DO/DOY/Dist-CheckConflicts-0.11.tar.gz

Checking if your kit is complete...
Looks good
Generating a Unix-style Makefile
Writing Makefile for Dist::CheckConflicts
Writing MYMETA.yml and MYMETA.json
---- Unsatisfied dependencies detected during ----
----    DOY/Dist-CheckConflicts-0.11.tar.gz   ----
    Test::Fatal [build_requires]
Running make test
  Delayed until after prerequisites
Running make install
  Delayed until after prerequisites
Running install for module 'Test::Fatal'
Running make for R/RJ/RJBS/Test-Fatal-0.013.tar.gz
Fetching with LWP:
http://mirror.bytemark.co.uk/CPAN/authors/id/R/RJ/RJBS/Test-Fatal-0.013.tar.gz
Checksum for /home/abacus/.cpan/sources/authors/id/R/RJ/RJBS/Test-Fatal-0.013.tar.gz ok

  CPAN.pm: Going to build R/RJ/RJBS/Test-Fatal-0.013.tar.gz

Checking if your kit is complete...
Looks good
Generating a Unix-style Makefile
Writing Makefile for Test::Fatal
Writing MYMETA.yml and MYMETA.json
cp lib/Test/Fatal.pm blib/lib/Test/Fatal.pm
Manifying blib/man3/Test::Fatal.3pm
  RJBS/Test-Fatal-0.013.tar.gz
  /usr/bin/make -- OK
Running make test
PERL_DL_NONLAZY=1 /usr/bin/perl "-MExtUtils::Command::MM" "-MTest::Harness" "-e" "undef *Test::Harness::Switches; test_harness(0, 'blib/lib', 'blib/arch')" t/*.t
t/00-compile.t ................ ok   
t/000-report-versions-tiny.t .. # 
# 
# Generated by Dist::Zilla::Plugin::ReportVersions::Tiny v1.09
# perl: 5.014002 (wanted any version) on linux from /usr/bin/perl
# 
# Carp                                          => 1.20       (want any version)
# Exporter                                      => 5.64_03    (want 5.57)   
# ExtUtils::MakeMaker                           => 6.96       (want 6.30)   
# File::Spec                                    => 3.33       (want any version)
# IO::Handle                                    => 1.31       (want any version)
# IPC::Open3                                    => 1.09       (want any version)
# Test::Builder                                 => 0.98       (want any version)
# Test::Builder::Tester                         => 1.22       (want any version)
# Test::More                                    => 0.98       (want 0.96)   
# Test::Pod                                     => module not found. (want 1.41)   
# Try::Tiny                                     => 0.12       (want 0.07)   
# overload                                      => 1.13       (want any version)
# strict                                        => 1.04       (want any version)
# version                                       => 0.88       (want 0.9901) 
# warnings                                      => 1.12       (want any version)
# 
# Thanks for using my code.  I hope it works for you.
# If not, please try and include this output in the bug report.
# That will help me reproduce the issue and solve your problem.
# 
t/000-report-versions-tiny.t .. ok   
t/basic.t ..................... ok   
t/like-exception.t ............ ok   
t/todo.t ...................... ok   
All tests successful.
Files=5, Tests=17,  0 wallclock secs ( 0.06 usr  0.01 sys +  0.36 cusr  0.04 csys =  0.47 CPU)
Result: PASS
  RJBS/Test-Fatal-0.013.tar.gz
  /usr/bin/make test -- OK
Running make install
Installing /usr/local/share/perl/5.14.2/Test/Fatal.pm
Installing /usr/local/man/man3/Test::Fatal.3pm
Appending installation info to /usr/lib/perl/5.14/perllocal.pod
  RJBS/Test-Fatal-0.013.tar.gz
  /usr/bin/make install  -- OK
Running make for D/DO/DOY/Dist-CheckConflicts-0.11.tar.gz
  Has already been unwrapped into directory /home/abacus/.cpan/build/Dist-CheckConflicts-0.11-7lo93Q

  CPAN.pm: Going to build D/DO/DOY/Dist-CheckConflicts-0.11.tar.gz

cp lib/Dist/CheckConflicts.pm blib/lib/Dist/CheckConflicts.pm
Manifying blib/man3/Dist::CheckConflicts.3pm
  DOY/Dist-CheckConflicts-0.11.tar.gz
  /usr/bin/make -- OK
Running make test
PERL_DL_NONLAZY=1 /usr/bin/perl "-MExtUtils::Command::MM" "-MTest::Harness" "-e" "undef *Test::Harness::Switches; test_harness(0, 'blib/lib', 'blib/arch')" t/*.t
t/00-compile.t .. ok   
t/also.t ........ ok   
t/basic.t ....... ok   
t/conflicts.t ... ok    
t/dist.t ........ ok    
t/merge.t ....... ok   
t/runtime.t ..... ok   
t/warn.t ........ ok   
All tests successful.
Files=8, Tests=40,  1 wallclock secs ( 0.08 usr  0.01 sys +  0.37 cusr  0.06 csys =  0.52 CPU)
Result: PASS
  DOY/Dist-CheckConflicts-0.11.tar.gz
  /usr/bin/make test -- OK
Running make install
Installing /usr/local/share/perl/5.14.2/Dist/CheckConflicts.pm
Installing /usr/local/man/man3/Dist::CheckConflicts.3pm
Appending installation info to /usr/lib/perl/5.14/perllocal.pod
  DOY/Dist-CheckConflicts-0.11.tar.gz
  /usr/bin/make install  -- OK
Running make for H/HA/HAARG/Moo-1.004002.tar.gz

  CPAN.pm: Going to build H/HA/HAARG/Moo-1.004002.tar.gz

Checking if your kit is complete...
Looks good
Warning: prerequisite Class::Method::Modifiers 1.1 not found.
Warning: prerequisite Import::Into 1.002 not found.
Warning: prerequisite Role::Tiny 1.003002 not found.
Warning: prerequisite strictures 1.004003 not found.
Generating a Unix-style Makefile
Writing Makefile for Moo
Writing MYMETA.yml and MYMETA.json
---- Unsatisfied dependencies detected during ----
----         HAARG/Moo-1.004002.tar.gz        ----
    Class::Method::Modifiers [requires]
    strictures [requires]
    Import::Into [requires]
    Role::Tiny [requires]
Running make test
  Delayed until after prerequisites
Running make install
  Delayed until after prerequisites
Running install for module 'Class::Method::Modifiers'
Running make for E/ET/ETHER/Class-Method-Modifiers-2.10.tar.gz
Fetching with LWP:
http://mirror.bytemark.co.uk/CPAN/authors/id/E/ET/ETHER/Class-Method-Modifiers-2.10.tar.gz
Fetching with LWP:
http://mirror.bytemark.co.uk/CPAN/authors/id/E/ET/ETHER/CHECKSUMS
Checksum for /home/abacus/.cpan/sources/authors/id/E/ET/ETHER/Class-Method-Modifiers-2.10.tar.gz ok

  CPAN.pm: Going to build E/ET/ETHER/Class-Method-Modifiers-2.10.tar.gz

Checking if your kit is complete...
Looks good
Generating a Unix-style Makefile
Writing Makefile for Class::Method::Modifiers
Writing MYMETA.yml and MYMETA.json
cp lib/Class/Method/Modifiers.pm blib/lib/Class/Method/Modifiers.pm
Manifying blib/man3/Class::Method::Modifiers.3pm
  ETHER/Class-Method-Modifiers-2.10.tar.gz
  /usr/bin/make -- OK
Running make test
PERL_DL_NONLAZY=1 /usr/bin/perl "-MExtUtils::Command::MM" "-MTest::Harness" "-e" "undef *Test::Harness::Switches; test_harness(0, 'blib/lib', 'blib/arch')" t/*.t
t/00-report-prereqs.t ............... # 
# Versions for all modules listed in MYMETA.json (including optional ones):
#    Version Module                  
#   -------- ------------------------
#       1.29 B                       
#   2.120351 CPAN::Meta              
#   2.120351 CPAN::Meta::Requirements
#       1.20 Carp                    
#    5.64_03 Exporter                
#       6.96 ExtUtils::MakeMaker     
#       3.33 File::Spec::Functions   
#       1.23 List::Util              
#      0.013 Test::Fatal             
#       0.98 Test::More              
#       2.16 base                    
#     0.0601 if                      
#       1.04 strict                  
#       0.88 version                 
#       1.12 warnings                
t/00-report-prereqs.t ............... ok   
t/000-load.t ........................ ok   
t/001-error.t ....................... ok   
t/002-cache.t ....................... ok   
t/003-basic.t ....................... ok   
t/004-around.t ...................... ok   
t/005-return.t ...................... ok   
t/010-before-args.t ................. ok   
t/011-after-args.t .................. ok   
t/012-around-args.t ................. ok   
t/020-multiple-inheritance.t ........ ok    
t/030-multiple-before.t ............. ok   
t/031-multiple-after.t .............. ok   
t/032-multiple-around.t ............. ok   
t/034-multiple-everything.t ......... ok   
t/035-multiple-everything-twice.t ... ok   
t/040-twice-orig.t .................. ok   
t/041-modify-parent.t ............... ok   
t/051-undef-list-ctxt.t ............. ok   
t/060-caller.t ...................... ok   
t/070-modify-multiple-at-once.t ..... ok   
t/080-multiple-modifiers.t .......... ok   
t/081-sub-and-modifier.t ............ ok    
t/090-diamond.t ..................... ok   
t/100-class-mop-method-modifiers.t .. ok   
t/110-namespace-clean.t ............. skipped: Test requires Moose
t/120-fresh.t ....................... ok    
t/130-clean-underscore.t ............ ok   
t/140-lvalue.t ...................... ok   
All tests successful.
Files=29, Tests=127,  2 wallclock secs ( 0.15 usr  0.06 sys +  1.30 cusr  0.20 csys =  1.71 CPU)
Result: PASS
  ETHER/Class-Method-Modifiers-2.10.tar.gz
  /usr/bin/make test -- OK
Running make install
Installing /usr/local/share/perl/5.14.2/Class/Method/Modifiers.pm
Installing /usr/local/man/man3/Class::Method::Modifiers.3pm
Appending installation info to /usr/lib/perl/5.14/perllocal.pod
  ETHER/Class-Method-Modifiers-2.10.tar.gz
  /usr/bin/make install  -- OK
Running install for module 'strictures'
Running make for H/HA/HAARG/strictures-1.005004.tar.gz
Fetching with LWP:
http://mirror.bytemark.co.uk/CPAN/authors/id/H/HA/HAARG/strictures-1.005004.tar.gz
Checksum for /home/abacus/.cpan/sources/authors/id/H/HA/HAARG/strictures-1.005004.tar.gz ok

  CPAN.pm: Going to build H/HA/HAARG/strictures-1.005004.tar.gz

Checking if your kit is complete...
Looks good
Warning: prerequisite bareword::filehandles 0 not found.
Warning: prerequisite indirect 0 not found.
Warning: prerequisite multidimensional 0 not found.
Generating a Unix-style Makefile
Writing Makefile for strictures
Writing MYMETA.yml and MYMETA.json
---- Unsatisfied dependencies detected during ----
----     HAARG/strictures-1.005004.tar.gz     ----
    multidimensional [requires]
    bareword::filehandles [requires]
    indirect [requires]
Running make test
  Delayed until after prerequisites
Running make install
  Delayed until after prerequisites
Running install for module 'multidimensional'
Running make for I/IL/ILMARI/multidimensional-0.011.tar.gz
Fetching with LWP:
http://mirror.bytemark.co.uk/CPAN/authors/id/I/IL/ILMARI/multidimensional-0.011.tar.gz
Fetching with LWP:
http://mirror.bytemark.co.uk/CPAN/authors/id/I/IL/ILMARI/CHECKSUMS
Checksum for /home/abacus/.cpan/sources/authors/id/I/IL/ILMARI/multidimensional-0.011.tar.gz ok
---- Unsatisfied dependencies detected during ----
----   ILMARI/multidimensional-0.011.tar.gz   ----
    B::Hooks::OP::Check [build_requires]
    ExtUtils::Depends [build_requires]
Running make test
  Make had some problems, won't test
  Delayed until after prerequisites
Running make install
  Make had some problems, won't install
  Delayed until after prerequisites
Running install for module 'B::Hooks::OP::Check'
Running make for Z/ZE/ZEFRAM/B-Hooks-OP-Check-0.19.tar.gz
Fetching with LWP:
http://mirror.bytemark.co.uk/CPAN/authors/id/Z/ZE/ZEFRAM/B-Hooks-OP-Check-0.19.tar.gz
Fetching with LWP:
http://mirror.bytemark.co.uk/CPAN/authors/id/Z/ZE/ZEFRAM/CHECKSUMS
Checksum for /home/abacus/.cpan/sources/authors/id/Z/ZE/ZEFRAM/B-Hooks-OP-Check-0.19.tar.gz ok
---- Unsatisfied dependencies detected during ----
----    ZEFRAM/B-Hooks-OP-Check-0.19.tar.gz   ----
    ExtUtils::Depends [build_requires]
Running make test
  Make had some problems, won't test
  Delayed until after prerequisites
Running make install
  Make had some problems, won't install
  Delayed until after prerequisites
Running install for module 'ExtUtils::Depends'
Running make for X/XA/XAOC/ExtUtils-Depends-0.306.tar.gz
Fetching with LWP:
http://mirror.bytemark.co.uk/CPAN/authors/id/X/XA/XAOC/ExtUtils-Depends-0.306.tar.gz
Fetching with LWP:
http://mirror.bytemark.co.uk/CPAN/authors/id/X/XA/XAOC/CHECKSUMS
Checksum for /home/abacus/.cpan/sources/authors/id/X/XA/XAOC/ExtUtils-Depends-0.306.tar.gz ok

  CPAN.pm: Going to build X/XA/XAOC/ExtUtils-Depends-0.306.tar.gz

Checking if your kit is complete...
Looks good
Generating a Unix-style Makefile
Writing Makefile for ExtUtils::Depends
Writing MYMETA.yml and MYMETA.json
cp lib/ExtUtils/Depends.pm blib/lib/ExtUtils/Depends.pm
Manifying blib/man3/ExtUtils::Depends.3pm
  XAOC/ExtUtils-Depends-0.306.tar.gz
  /usr/bin/make -- OK
Running make test
PERL_DL_NONLAZY=1 /usr/bin/perl "-MExtUtils::Command::MM" "-MTest::Harness" "-e" "undef *Test::Harness::Switches; test_harness(0, 'blib/lib', 'blib/arch')" t/*.t
t/01_load.t ........ ok   
t/02_save_load.t ... ok     
t/03_deps.t ........ ok   
t/04_extra_libs.t .. skipped: test only applicable to MSWin32 and cygwin
All tests successful.
Files=4, Tests=27,  0 wallclock secs ( 0.05 usr  0.01 sys +  0.38 cusr  0.07 csys =  0.51 CPU)
Result: PASS
  XAOC/ExtUtils-Depends-0.306.tar.gz
  /usr/bin/make test -- OK
Running make install
Installing /usr/local/share/perl/5.14.2/ExtUtils/Depends.pm
Installing /usr/local/man/man3/ExtUtils::Depends.3pm
Appending installation info to /usr/lib/perl/5.14/perllocal.pod
  XAOC/ExtUtils-Depends-0.306.tar.gz
  /usr/bin/make install  -- OK
Running make for Z/ZE/ZEFRAM/B-Hooks-OP-Check-0.19.tar.gz

  CPAN.pm: Going to build Z/ZE/ZEFRAM/B-Hooks-OP-Check-0.19.tar.gz

Checking if your kit is complete...
Looks good
Generating a Unix-style Makefile
Writing Makefile for B::Hooks::OP::Check
Writing MYMETA.yml and MYMETA.json
cp build/IFiles.pm blib/arch/B/Hooks/OP/Check/Install/Files.pm
cp lib/B/Hooks/OP/Check.pm blib/lib/B/Hooks/OP/Check.pm
cp hook_op_check.h blib/arch/B/Hooks/OP/Check/Install/hook_op_check.h
Running Mkbootstrap for B::Hooks::OP::Check ()
chmod 644 Check.bs
/usr/bin/perl "-Iinc" /usr/share/perl/5.14/ExtUtils/xsubpp  -typemap /usr/share/perl/5.14/ExtUtils/typemap  Check.xs > Check.xsc && mv Check.xsc Check.c
cc -c   -D_REENTRANT -D_GNU_SOURCE -DDEBIAN -fstack-protector -fno-strict-aliasing -pipe -I/usr/local/include -D_LARGEFILE_SOURCE -D_FILE_OFFSET_BITS=64 -O2 -g   -DVERSION=\"0.19\" -DXS_VERSION=\"0.19\" -fPIC "-I/usr/lib/perl/5.14/CORE"   Check.c
rm -f blib/arch/auto/B/Hooks/OP/Check/Check.so
cc  -shared -L/usr/local/lib -fstack-protector Check.o  -o blib/arch/auto/B/Hooks/OP/Check/Check.so 	\
	     	\
	  
chmod 755 blib/arch/auto/B/Hooks/OP/Check/Check.so
/usr/bin/perl "-Iinc" -MExtUtils::Command::MM -e 'cp_nonempty' -- Check.bs blib/arch/auto/B/Hooks/OP/Check/Check.bs 644
Manifying blib/man3/B::Hooks::OP::Check.3pm
  ZEFRAM/B-Hooks-OP-Check-0.19.tar.gz
  /usr/bin/make -- OK
Running make test
Running Mkbootstrap for B::Hooks::OP::Check ()
chmod 644 Check.bs
/usr/bin/perl "-Iinc" "-MModule::Install::ExtraTests" "-e" "Module::Install::ExtraTests::__harness('Test::Harness', 0, 'xt/author', '', '', 0, 'blib/lib', 'blib/arch')" t/*.t
t/use.t .. ok   
All tests successful.
Files=1, Tests=1,  0 wallclock secs ( 0.05 usr  0.00 sys +  0.02 cusr  0.01 csys =  0.08 CPU)
Result: PASS
  ZEFRAM/B-Hooks-OP-Check-0.19.tar.gz
  /usr/bin/make test -- OK
Running make install
Files found in blib/arch: installing files in blib/lib into architecture dependent library tree
Installing /usr/local/lib/perl/5.14.2/auto/B/Hooks/OP/Check/Check.so
Installing /usr/local/lib/perl/5.14.2/B/Hooks/OP/Check/Install/Files.pm
Installing /usr/local/lib/perl/5.14.2/B/Hooks/OP/Check/Install/hook_op_check.h
Installing /usr/local/lib/perl/5.14.2/B/Hooks/OP/Check.pm
Installing /usr/local/man/man3/B::Hooks::OP::Check.3pm
Appending installation info to /usr/lib/perl/5.14/perllocal.pod
  ZEFRAM/B-Hooks-OP-Check-0.19.tar.gz
  /usr/bin/make install  -- OK
Running make for I/IL/ILMARI/multidimensional-0.011.tar.gz

  CPAN.pm: Going to build I/IL/ILMARI/multidimensional-0.011.tar.gz

Checking if your kit is complete...
Looks good
Warning: prerequisite Lexical::SealRequireHints 0.005 not found.
Generating a Unix-style Makefile
Writing Makefile for multidimensional
Writing MYMETA.yml and MYMETA.json
---- Unsatisfied dependencies detected during ----
----   ILMARI/multidimensional-0.011.tar.gz   ----
    Lexical::SealRequireHints [requires]
Running make test
  Delayed until after prerequisites
Running make install
  Delayed until after prerequisites
Running install for module 'Lexical::SealRequireHints'
Running make for Z/ZE/ZEFRAM/Lexical-SealRequireHints-0.007.tar.gz
Fetching with LWP:
http://mirror.bytemark.co.uk/CPAN/authors/id/Z/ZE/ZEFRAM/Lexical-SealRequireHints-0.007.tar.gz
Checksum for /home/abacus/.cpan/sources/authors/id/Z/ZE/ZEFRAM/Lexical-SealRequireHints-0.007.tar.gz ok

  CPAN.pm: Going to build Z/ZE/ZEFRAM/Lexical-SealRequireHints-0.007.tar.gz

Created MYMETA.yml and MYMETA.json
Creating new 'Build' script for 'Lexical-SealRequireHints' version '0.007'
Building Lexical-SealRequireHints
cc -I/usr/lib/perl/5.14/CORE -DXS_VERSION="0.007" -DVERSION="0.007" -fPIC -c -D_REENTRANT -D_GNU_SOURCE -DDEBIAN -fstack-protector -fno-strict-aliasing -pipe -I/usr/local/include -D_LARGEFILE_SOURCE -D_FILE_OFFSET_BITS=64 -O2 -g -o lib/Lexical/SealRequireHints.o lib/Lexical/SealRequireHints.c
ExtUtils::Mkbootstrap::Mkbootstrap('blib/arch/auto/Lexical/SealRequireHints/SealRequireHints.bs')
cc -shared -L/usr/local/lib -fstack-protector -o blib/arch/auto/Lexical/SealRequireHints/SealRequireHints.so lib/Lexical/SealRequireHints.o
  ZEFRAM/Lexical-SealRequireHints-0.007.tar.gz
  ./Build -- OK
Running Build test
t/before_warnings.t ..... skipped: no problem on this Perl
t/before_warnings_pp.t .. skipped: no problem on this Perl
t/context.t ............. ok     
t/context_pp.t .......... ok     
t/eval.t ................ ok   
t/eval_pp.t ............. ok   
t/override.t ............ ok     
t/override_pp.t ......... ok     
t/package.t ............. ok   
t/package_pp.t .......... ok   
t/pod_cvg.t ............. skipped: Test::Pod::Coverage not available
t/pod_cvg_pp.t .......... skipped: Test::Pod::Coverage not available
t/pod_syn.t ............. skipped: Test::Pod not available
t/seal.t ................ ok     
t/seal_pp.t ............. ok     
t/swash.t ............... ok   
t/swash_pp.t ............ ok   
t/threads.t ............. ok   
t/threads_pp.t .......... ok   
All tests successful.
Files=19, Tests=136,  1 wallclock secs ( 0.17 usr  0.04 sys +  0.85 cusr  0.14 csys =  1.20 CPU)
Result: PASS
  ZEFRAM/Lexical-SealRequireHints-0.007.tar.gz
  ./Build test -- OK
Running Build install
Building Lexical-SealRequireHints
Files found in blib/arch: installing files in blib/lib into architecture dependent library tree
Installing /usr/local/lib/perl/5.14.2/auto/Lexical/SealRequireHints/SealRequireHints.bs
Installing /usr/local/lib/perl/5.14.2/auto/Lexical/SealRequireHints/SealRequireHints.so
Installing /usr/local/lib/perl/5.14.2/Lexical/SealRequireHints.pm
Installing /usr/local/man/man3/Lexical::SealRequireHints.3pm
  ZEFRAM/Lexical-SealRequireHints-0.007.tar.gz
  ./Build install  -- OK
Running make for I/IL/ILMARI/multidimensional-0.011.tar.gz
  Has already been unwrapped into directory /home/abacus/.cpan/build/multidimensional-0.011-Zrn_7O

  CPAN.pm: Going to build I/IL/ILMARI/multidimensional-0.011.tar.gz

cp lib/multidimensional.pm blib/lib/multidimensional.pm
Running Mkbootstrap for multidimensional ()
chmod 644 multidimensional.bs
/usr/bin/perl /usr/share/perl/5.14/ExtUtils/xsubpp  -typemap /usr/share/perl/5.14/ExtUtils/typemap  multidimensional.xs > multidimensional.xsc && mv multidimensional.xsc multidimensional.c
cc -c  -I/usr/local/lib/perl/5.14.2/B/Hooks/OP/Check/Install -D_REENTRANT -D_GNU_SOURCE -DDEBIAN -fstack-protector -fno-strict-aliasing -pipe -I/usr/local/include -D_LARGEFILE_SOURCE -D_FILE_OFFSET_BITS=64 -O2 -g   -DVERSION=\"0.011\" -DXS_VERSION=\"0.011\" -fPIC "-I/usr/lib/perl/5.14/CORE"   multidimensional.c
rm -f blib/arch/auto/multidimensional/multidimensional.so
cc  -shared -L/usr/local/lib -fstack-protector multidimensional.o  -o blib/arch/auto/multidimensional/multidimensional.so 	\
	     	\
	  
chmod 755 blib/arch/auto/multidimensional/multidimensional.so
/usr/bin/perl -MExtUtils::Command::MM -e 'cp_nonempty' -- multidimensional.bs blib/arch/auto/multidimensional/multidimensional.bs 644
Manifying blib/man3/multidimensional.3pm
  ILMARI/multidimensional-0.011.tar.gz
  /usr/bin/make -- OK
Running make test
Running Mkbootstrap for multidimensional ()
chmod 644 multidimensional.bs
PERL_DL_NONLAZY=1 /usr/bin/perl "-MExtUtils::Command::MM" "-MTest::Harness" "-e" "undef *Test::Harness::Switches; test_harness(0, 'blib/lib', 'blib/arch')" t/*.t
t/basic.t ................. ok    
t/release-pod-coverage.t .. skipped: these tests are for release candidate testing
t/release-pod-syntax.t .... skipped: these tests are for release candidate testing
All tests successful.
Files=3, Tests=14,  0 wallclock secs ( 0.06 usr  0.01 sys +  0.11 cusr  0.01 csys =  0.19 CPU)
Result: PASS
  ILMARI/multidimensional-0.011.tar.gz
  /usr/bin/make test -- OK
Running make install
Files found in blib/arch: installing files in blib/lib into architecture dependent library tree
Installing /usr/local/lib/perl/5.14.2/auto/multidimensional/multidimensional.so
Installing /usr/local/lib/perl/5.14.2/multidimensional.pm
Installing /usr/local/man/man3/multidimensional.3pm
Appending installation info to /usr/lib/perl/5.14/perllocal.pod
  ILMARI/multidimensional-0.011.tar.gz
  /usr/bin/make install  -- OK
Running install for module 'bareword::filehandles'
Running make for I/IL/ILMARI/bareword-filehandles-0.003.tar.gz
Fetching with LWP:
http://mirror.bytemark.co.uk/CPAN/authors/id/I/IL/ILMARI/bareword-filehandles-0.003.tar.gz
Checksum for /home/abacus/.cpan/sources/authors/id/I/IL/ILMARI/bareword-filehandles-0.003.tar.gz ok

  CPAN.pm: Going to build I/IL/ILMARI/bareword-filehandles-0.003.tar.gz

Checking if your kit is complete...
Looks good
Generating a Unix-style Makefile
Writing Makefile for bareword::filehandles
Writing MYMETA.yml and MYMETA.json
cp lib/bareword/filehandles.pm blib/lib/bareword/filehandles.pm
Running Mkbootstrap for bareword::filehandles ()
chmod 644 filehandles.bs
/usr/bin/perl /usr/share/perl/5.14/ExtUtils/xsubpp  -typemap /usr/share/perl/5.14/ExtUtils/typemap  filehandles.xs > filehandles.xsc && mv filehandles.xsc filehandles.c
cc -c  -I/usr/local/lib/perl/5.14.2/B/Hooks/OP/Check/Install -D_REENTRANT -D_GNU_SOURCE -DDEBIAN -fstack-protector -fno-strict-aliasing -pipe -I/usr/local/include -D_LARGEFILE_SOURCE -D_FILE_OFFSET_BITS=64 -O2 -g   -DVERSION=\"0.003\" -DXS_VERSION=\"0.003\" -fPIC "-I/usr/lib/perl/5.14/CORE"   filehandles.c
rm -f blib/arch/auto/bareword/filehandles/filehandles.so
cc  -shared -L/usr/local/lib -fstack-protector filehandles.o  -o blib/arch/auto/bareword/filehandles/filehandles.so 	\
	     	\
	  
chmod 755 blib/arch/auto/bareword/filehandles/filehandles.so
/usr/bin/perl -MExtUtils::Command::MM -e 'cp_nonempty' -- filehandles.bs blib/arch/auto/bareword/filehandles/filehandles.bs 644
Manifying blib/man3/bareword::filehandles.3pm
  ILMARI/bareword-filehandles-0.003.tar.gz
  /usr/bin/make -- OK
Running make test
Running Mkbootstrap for bareword::filehandles ()
chmod 644 filehandles.bs
PERL_DL_NONLAZY=1 /usr/bin/perl "-MExtUtils::Command::MM" "-MTest::Harness" "-e" "undef *Test::Harness::Switches; test_harness(0, 'blib/lib', 'blib/arch')" t/*.t
t/basic.t ................. ok     
t/release-pod-coverage.t .. skipped: these tests are for release candidate testing
t/release-pod-syntax.t .... skipped: these tests are for release candidate testing
All tests successful.
Files=3, Tests=480,  0 wallclock secs ( 0.16 usr  0.02 sys +  0.32 cusr  0.02 csys =  0.52 CPU)
Result: PASS
  ILMARI/bareword-filehandles-0.003.tar.gz
  /usr/bin/make test -- OK
Running make install
Files found in blib/arch: installing files in blib/lib into architecture dependent library tree
Installing /usr/local/lib/perl/5.14.2/auto/bareword/filehandles/filehandles.so
Installing /usr/local/lib/perl/5.14.2/bareword/filehandles.pm
Installing /usr/local/man/man3/bareword::filehandles.3pm
Appending installation info to /usr/lib/perl/5.14/perllocal.pod
  ILMARI/bareword-filehandles-0.003.tar.gz
  /usr/bin/make install  -- OK
Running install for module 'indirect'
Running make for V/VP/VPIT/indirect-0.31.tar.gz
Fetching with LWP:
http://mirror.bytemark.co.uk/CPAN/authors/id/V/VP/VPIT/indirect-0.31.tar.gz
Fetching with LWP:
http://mirror.bytemark.co.uk/CPAN/authors/id/V/VP/VPIT/CHECKSUMS
Checksum for /home/abacus/.cpan/sources/authors/id/V/VP/VPIT/indirect-0.31.tar.gz ok

  CPAN.pm: Going to build V/VP/VPIT/indirect-0.31.tar.gz

Checking if this is gcc 3.4 on Windows trying to link against an import library... no
Checking if your kit is complete...
Looks good
Generating a Unix-style Makefile
Writing Makefile for indirect
Writing MYMETA.yml and MYMETA.json
cp lib/indirect.pm blib/lib/indirect.pm
Running Mkbootstrap for indirect ()
chmod 644 indirect.bs
/usr/bin/perl /usr/share/perl/5.14/ExtUtils/xsubpp  -typemap /usr/share/perl/5.14/ExtUtils/typemap  indirect.xs > indirect.xsc && mv indirect.xsc indirect.c
cc -c   -D_REENTRANT -D_GNU_SOURCE -DDEBIAN -fstack-protector -fno-strict-aliasing -pipe -I/usr/local/include -D_LARGEFILE_SOURCE -D_FILE_OFFSET_BITS=64 -O2 -g   -DVERSION=\"0.31\" -DXS_VERSION=\"0.31\" -fPIC "-I/usr/lib/perl/5.14/CORE"   indirect.c
rm -f blib/arch/auto/indirect/indirect.so
cc  -shared -L/usr/local/lib -fstack-protector indirect.o  -o blib/arch/auto/indirect/indirect.so 	\
	     	\
	  
chmod 755 blib/arch/auto/indirect/indirect.so
/usr/bin/perl -MExtUtils::Command::MM -e 'cp_nonempty' -- indirect.bs blib/arch/auto/indirect/indirect.bs 644
Manifying blib/man3/indirect.3pm
  VPIT/indirect-0.31.tar.gz
  /usr/bin/make -- OK
Running make test
Running Mkbootstrap for indirect ()
chmod 644 indirect.bs
PERL_DL_NONLAZY=1 /usr/bin/perl "-MExtUtils::Command::MM" "-MTest::Harness" "-e" "undef *Test::Harness::Switches; test_harness(0, 'blib/lib', 'blib/arch')" t/*.t
t/00-load.t .............. 1/1 # Testing indirect 0.31, Perl 5.014002, /usr/bin/perl
t/00-load.t .............. ok   
t/10-args.t .............. ok     
t/11-line.t .............. ok     
t/12-env.t ............... ok   
t/20-good.t .............. ok       
t/21-bad.t ............... ok         
t/22-bad-mixed.t ......... ok     
t/23-bad-notaint.t ....... ok   
t/30-scope.t ............. ok     
t/31-hints.t ............. ok   
t/32-global.t ............ ok     
t/40-threads.t ........... # Using threads 1.83
t/40-threads.t ........... ok     
t/41-threads-teardown.t .. # Using threads 1.83
t/41-threads-teardown.t .. ok   
t/42-threads-global.t .... # Using threads 1.83
t/42-threads-global.t .... ok    
t/45-memory.t ............ ok   
t/46-stress.t ............ ok         
t/47-stress-use.t ........ ok   
t/50-external.t .......... ok   
t/51-dd-newlines.t ....... skipped: Could not load Devel::Declare 0.006007
All tests successful.
Files=19, Tests=4623,  2 wallclock secs ( 0.92 usr  0.06 sys +  2.13 cusr  0.18 csys =  3.29 CPU)
Result: PASS
  VPIT/indirect-0.31.tar.gz
  /usr/bin/make test -- OK
Running make install
Files found in blib/arch: installing files in blib/lib into architecture dependent library tree
Installing /usr/local/lib/perl/5.14.2/auto/indirect/indirect.so
Installing /usr/local/lib/perl/5.14.2/indirect.pm
Installing /usr/local/man/man3/indirect.3pm
Appending installation info to /usr/lib/perl/5.14/perllocal.pod
  VPIT/indirect-0.31.tar.gz
  /usr/bin/make install  -- OK
Running make for H/HA/HAARG/strictures-1.005004.tar.gz
  Has already been unwrapped into directory /home/abacus/.cpan/build/strictures-1.005004-GT4OBg

  CPAN.pm: Going to build H/HA/HAARG/strictures-1.005004.tar.gz

cp lib/strictures.pm blib/lib/strictures.pm
Manifying blib/man3/strictures.3pm
  HAARG/strictures-1.005004.tar.gz
  /usr/bin/make -- OK
Running make test
PERL_DL_NONLAZY=1 /usr/bin/perl "-MExtUtils::Command::MM" "-MTest::Harness" "-e" "undef *Test::Harness::Switches; test_harness(0, 'blib/lib', 'blib/arch')" t/*.t
t/crash.t ....... ok   
t/strictures.t .. ok    
All tests successful.
Files=2, Tests=12,  0 wallclock secs ( 0.04 usr  0.01 sys +  0.07 cusr  0.02 csys =  0.14 CPU)
Result: PASS
  HAARG/strictures-1.005004.tar.gz
  /usr/bin/make test -- OK
Running make install
Installing /usr/local/share/perl/5.14.2/strictures.pm
Installing /usr/local/man/man3/strictures.3pm
Appending installation info to /usr/lib/perl/5.14/perllocal.pod
  HAARG/strictures-1.005004.tar.gz
  /usr/bin/make install  -- OK
Running install for module 'Import::Into'
Running make for H/HA/HAARG/Import-Into-1.002001.tar.gz
Fetching with LWP:
http://mirror.bytemark.co.uk/CPAN/authors/id/H/HA/HAARG/Import-Into-1.002001.tar.gz
Checksum for /home/abacus/.cpan/sources/authors/id/H/HA/HAARG/Import-Into-1.002001.tar.gz ok

  CPAN.pm: Going to build H/HA/HAARG/Import-Into-1.002001.tar.gz

Checking if your kit is complete...
Looks good
Generating a Unix-style Makefile
Writing Makefile for Import::Into
Writing MYMETA.yml and MYMETA.json
cp lib/Import/Into.pm blib/lib/Import/Into.pm
Manifying blib/man3/Import::Into.3pm
  HAARG/Import-Into-1.002001.tar.gz
  /usr/bin/make -- OK
Running make test
PERL_DL_NONLAZY=1 /usr/bin/perl "-MExtUtils::Command::MM" "-MTest::Harness" "-e" "undef *Test::Harness::Switches; test_harness(0, 'blib/lib', 'blib/arch')" t/*.t
t/import_into.t .. ok    
All tests successful.
Files=1, Tests=10,  0 wallclock secs ( 0.04 usr  0.00 sys +  0.04 cusr  0.00 csys =  0.08 CPU)
Result: PASS
  HAARG/Import-Into-1.002001.tar.gz
  /usr/bin/make test -- OK
Running make install
Installing /usr/local/share/perl/5.14.2/Import/Into.pm
Installing /usr/local/man/man3/Import::Into.3pm
Appending installation info to /usr/lib/perl/5.14/perllocal.pod
  HAARG/Import-Into-1.002001.tar.gz
  /usr/bin/make install  -- OK
Running install for module 'Role::Tiny'
Running make for H/HA/HAARG/Role-Tiny-1.003003.tar.gz
Fetching with LWP:
http://mirror.bytemark.co.uk/CPAN/authors/id/H/HA/HAARG/Role-Tiny-1.003003.tar.gz
Checksum for /home/abacus/.cpan/sources/authors/id/H/HA/HAARG/Role-Tiny-1.003003.tar.gz ok

  CPAN.pm: Going to build H/HA/HAARG/Role-Tiny-1.003003.tar.gz

Checking if your kit is complete...
Looks good
Generating a Unix-style Makefile
Writing Makefile for Role::Tiny
Writing MYMETA.yml and MYMETA.json
cp lib/Role/Tiny/With.pm blib/lib/Role/Tiny/With.pm
cp lib/Role/Tiny.pm blib/lib/Role/Tiny.pm
Manifying blib/man3/Role::Tiny.3pm
Manifying blib/man3/Role::Tiny::With.3pm
  HAARG/Role-Tiny-1.003003.tar.gz
  /usr/bin/make -- OK
Running make test
PERL_DL_NONLAZY=1 /usr/bin/perl "-MExtUtils::Command::MM" "-MTest::Harness" "-e" "undef *Test::Harness::Switches; test_harness(0, 'blib/lib', 'blib/arch')" t/*.t
t/around-does.t ............. ok   
t/compose-modifiers.t ....... ok    
t/concrete-methods.t ........ ok   
t/create-hook.t ............. ok   
t/does.t .................... ok     
t/load-module.t ............. ok   
t/method-conflicts.t ........ ok   
t/modifiers.t ............... ok   
t/namespace-clean.t ......... skipped: test requires namespace::autoclean
t/overload.t ................ ok    
t/role-basic-basic.t ........ ok   
t/role-basic-bugs.t ......... ok    
t/role-basic-composition.t .. ok    
t/role-basic-exceptions.t ... ok   
t/role-duplication.t ........ ok   
t/role-long-package-name.t .. ok   
t/role-tiny-composition.t ... ok   
t/role-tiny-with.t .......... ok   
t/role-tiny.t ............... ok    
t/role-with-inheritance.t ... ok   
t/subclass.t ................ ok   
All tests successful.
Files=21, Tests=146,  1 wallclock secs ( 0.13 usr  0.06 sys +  0.94 cusr  0.16 csys =  1.29 CPU)
Result: PASS
  HAARG/Role-Tiny-1.003003.tar.gz
  /usr/bin/make test -- OK
Running make install
Installing /usr/local/share/perl/5.14.2/Role/Tiny.pm
Installing /usr/local/share/perl/5.14.2/Role/Tiny/With.pm
Installing /usr/local/man/man3/Role::Tiny.3pm
Installing /usr/local/man/man3/Role::Tiny::With.3pm
Appending installation info to /usr/lib/perl/5.14/perllocal.pod
  HAARG/Role-Tiny-1.003003.tar.gz
  /usr/bin/make install  -- OK
Running make for H/HA/HAARG/Moo-1.004002.tar.gz
  Has already been unwrapped into directory /home/abacus/.cpan/build/Moo-1.004002-VTDHOp

  CPAN.pm: Going to build H/HA/HAARG/Moo-1.004002.tar.gz

cp lib/Moo/HandleMoose/_TypeMap.pm blib/lib/Moo/HandleMoose/_TypeMap.pm
cp lib/oo.pm blib/lib/oo.pm
cp lib/Sub/Defer.pm blib/lib/Sub/Defer.pm
cp lib/Moo/_Utils.pm blib/lib/Moo/_Utils.pm
cp lib/Moo/Conflicts.pm blib/lib/Moo/Conflicts.pm
cp lib/Moo/Role.pm blib/lib/Moo/Role.pm
cp lib/Moo.pm blib/lib/Moo.pm
cp lib/Method/Generate/Constructor.pm blib/lib/Method/Generate/Constructor.pm
cp lib/Method/Generate/DemolishAll.pm blib/lib/Method/Generate/DemolishAll.pm
cp lib/Moo/Object.pm blib/lib/Moo/Object.pm
cp lib/Method/Inliner.pm blib/lib/Method/Inliner.pm
cp lib/Method/Generate/BuildAll.pm blib/lib/Method/Generate/BuildAll.pm
cp lib/Moo/sification.pm blib/lib/Moo/sification.pm
cp lib/Method/Generate/Accessor.pm blib/lib/Method/Generate/Accessor.pm
cp lib/Moo/HandleMoose.pm blib/lib/Moo/HandleMoose.pm
cp lib/Moo/_mro.pm blib/lib/Moo/_mro.pm
cp lib/Moo/HandleMoose/FakeMetaClass.pm blib/lib/Moo/HandleMoose/FakeMetaClass.pm
cp lib/Sub/Quote.pm blib/lib/Sub/Quote.pm
cp bin/moo-outdated blib/script/moo-outdated
/usr/bin/perl -MExtUtils::MY -e 'MY->fixin(shift)' -- blib/script/moo-outdated
Manifying blib/man3/Moo.3pm
Manifying blib/man3/Moo::Role.3pm
Manifying blib/man3/Sub::Defer.3pm
Manifying blib/man3/Sub::Quote.3pm
  HAARG/Moo-1.004002.tar.gz
  /usr/bin/make -- OK
Running make test
PERL_DL_NONLAZY=1 /usr/bin/perl "-MExtUtils::Command::MM" "-MTest::Harness" "-e" "undef *Test::Harness::Switches; test_harness(0, 'blib/lib', 'blib/arch')" t/*.t
t/accessor-coerce.t ................ ok    
t/accessor-default.t ............... ok    
t/accessor-generator-extension.t ... ok   
t/accessor-handles.t ............... ok    
t/accessor-isa.t ................... ok    
t/accessor-mixed.t ................. ok   
t/accessor-pred-clear.t ............ ok    
t/accessor-reader-writer.t ......... ok    
t/accessor-roles.t ................. ok    
t/accessor-shortcuts.t ............. ok    
t/accessor-trigger.t ............... ok    
t/accessor-weaken-pre-5_8_3.t ...... ok    
t/accessor-weaken.t ................ ok    
t/buildall-subconstructor.t ........ ok    
t/buildall.t ....................... ok   
t/buildargs-error.t ................ ok   
t/buildargs.t ...................... ok    
t/compose-non-role.t ............... ok   
t/compose-roles.t .................. ok    
t/demolish-basics.t ................ ok   
t/demolish-bugs-eats_exceptions.t .. ok     
t/demolish-bugs-eats_mini.t ........ ok   
t/demolish-global_destruction.t .... ok   
t/extend-constructor.t ............. ok   
t/extends-non-moo.t ................ ok   
t/extends-role.t ................... ok   
t/foreignbuildargs.t ............... ok   
t/global_underscore.t .............. ok   
t/has-array.t ...................... ok   
t/has-before-extends.t ............. ok   
t/has-plus.t ....................... ok   
t/init-arg.t ....................... ok   
t/lazy_isa.t ....................... ok   
t/load_module.t .................... ok   
t/load_module_error.t .............. ok   
t/load_module_role_tiny.t .......... ok   
t/method-generate-accessor.t ....... ok    
t/method-generate-constructor.t .... ok   
t/modify_lazy_handlers.t ........... ok   
t/moo-accessors.t .................. ok   
t/moo.t ............................ ok   
t/mutual-requires.t ................ ok   
t/no-moo.t ......................... ok    
t/non-moo-extends.t ................ ok   
t/not-both.t ....................... ok   
t/overloaded-coderefs.t ............ ok    
t/sub-and-handles.t ................ ok   
t/sub-defer-threads.t .............. ok   
t/sub-defer.t ...................... ok    
t/sub-quote-threads.t .............. ok   
t/sub-quote.t ...................... ok    
t/subconstructor.t ................. ok   
t/undef-bug.t ...................... ok   
t/use-after-no.t ................... ok   
All tests successful.
Files=54, Tests=670,  6 wallclock secs ( 0.42 usr  0.06 sys +  4.56 cusr  0.60 csys =  5.64 CPU)
Result: PASS
  HAARG/Moo-1.004002.tar.gz
  /usr/bin/make test -- OK
Running make install
Installing /usr/local/share/perl/5.14.2/oo.pm
Installing /usr/local/share/perl/5.14.2/Moo.pm
Installing /usr/local/share/perl/5.14.2/Method/Inliner.pm
Installing /usr/local/share/perl/5.14.2/Method/Generate/Accessor.pm
Installing /usr/local/share/perl/5.14.2/Method/Generate/DemolishAll.pm
Installing /usr/local/share/perl/5.14.2/Method/Generate/Constructor.pm
Installing /usr/local/share/perl/5.14.2/Method/Generate/BuildAll.pm
Installing /usr/local/share/perl/5.14.2/Sub/Quote.pm
Installing /usr/local/share/perl/5.14.2/Sub/Defer.pm
Installing /usr/local/share/perl/5.14.2/Moo/Conflicts.pm
Installing /usr/local/share/perl/5.14.2/Moo/_Utils.pm
Installing /usr/local/share/perl/5.14.2/Moo/HandleMoose.pm
Installing /usr/local/share/perl/5.14.2/Moo/Role.pm
Installing /usr/local/share/perl/5.14.2/Moo/_mro.pm
Installing /usr/local/share/perl/5.14.2/Moo/sification.pm
Installing /usr/local/share/perl/5.14.2/Moo/Object.pm
Installing /usr/local/share/perl/5.14.2/Moo/HandleMoose/FakeMetaClass.pm
Installing /usr/local/share/perl/5.14.2/Moo/HandleMoose/_TypeMap.pm
Installing /usr/local/man/man3/Moo.3pm
Installing /usr/local/man/man3/Sub::Defer.3pm
Installing /usr/local/man/man3/Moo::Role.3pm
Installing /usr/local/man/man3/Sub::Quote.3pm
Installing /usr/local/bin/moo-outdated
Appending installation info to /usr/lib/perl/5.14/perllocal.pod
  HAARG/Moo-1.004002.tar.gz
  /usr/bin/make install  -- OK
Running install for module 'Any::URI::Escape'
Running make for P/PH/PHRED/Any-URI-Escape-0.01.tar.gz
Fetching with LWP:
http://mirror.bytemark.co.uk/CPAN/authors/id/P/PH/PHRED/Any-URI-Escape-0.01.tar.gz
Fetching with LWP:
http://mirror.bytemark.co.uk/CPAN/authors/id/P/PH/PHRED/CHECKSUMS
Checksum for /home/abacus/.cpan/sources/authors/id/P/PH/PHRED/Any-URI-Escape-0.01.tar.gz ok

  CPAN.pm: Going to build P/PH/PHRED/Any-URI-Escape-0.01.tar.gz

Checking if your kit is complete...
Looks good
Generating a Unix-style Makefile
Writing Makefile for Any::URI::Escape
Writing MYMETA.yml and MYMETA.json
cp lib/Any/URI/Escape.pm blib/lib/Any/URI/Escape.pm
Manifying blib/man3/Any::URI::Escape.3pm
  PHRED/Any-URI-Escape-0.01.tar.gz
  /usr/bin/make -- OK
Running make test
PERL_DL_NONLAZY=1 /usr/bin/perl "-MExtUtils::Command::MM" "-MTest::Harness" "-e" "undef *Test::Harness::Switches; test_harness(0, 'blib/lib', 'blib/arch')" t/*.t
t/Any-URI-Escape.t .. ok   
All tests successful.
Files=1, Tests=4,  0 wallclock secs ( 0.06 usr  0.01 sys +  0.06 cusr  0.00 csys =  0.13 CPU)
Result: PASS
  PHRED/Any-URI-Escape-0.01.tar.gz
  /usr/bin/make test -- OK
Running make install
Installing /usr/local/share/perl/5.14.2/Any/URI/Escape.pm
Installing /usr/local/man/man3/Any::URI::Escape.3pm
Appending installation info to /usr/lib/perl/5.14/perllocal.pod
  PHRED/Any-URI-Escape-0.01.tar.gz
  /usr/bin/make install  -- OK
Moo is up to date (1.004002).
Running install for module 'namespace::clean'
Running make for R/RI/RIBASUSHI/namespace-clean-0.25.tar.gz
Fetching with LWP:
http://mirror.bytemark.co.uk/CPAN/authors/id/R/RI/RIBASUSHI/namespace-clean-0.25.tar.gz
Fetching with LWP:
http://mirror.bytemark.co.uk/CPAN/authors/id/R/RI/RIBASUSHI/CHECKSUMS
Checksum for /home/abacus/.cpan/sources/authors/id/R/RI/RIBASUSHI/namespace-clean-0.25.tar.gz ok

  CPAN.pm: Going to build R/RI/RIBASUSHI/namespace-clean-0.25.tar.gz

Checking if your kit is complete...
Looks good
Warning: prerequisite B::Hooks::EndOfScope 0.12 not found.
Generating a Unix-style Makefile
Writing Makefile for namespace::clean
Writing MYMETA.yml and MYMETA.json
---- Unsatisfied dependencies detected during ----
----   RIBASUSHI/namespace-clean-0.25.tar.gz  ----
    B::Hooks::EndOfScope [requires]
Running make test
  Delayed until after prerequisites
Running make install
  Delayed until after prerequisites
Running install for module 'B::Hooks::EndOfScope'
Running make for E/ET/ETHER/B-Hooks-EndOfScope-0.13.tar.gz
Fetching with LWP:
http://mirror.bytemark.co.uk/CPAN/authors/id/E/ET/ETHER/B-Hooks-EndOfScope-0.13.tar.gz
Checksum for /home/abacus/.cpan/sources/authors/id/E/ET/ETHER/B-Hooks-EndOfScope-0.13.tar.gz ok

  CPAN.pm: Going to build E/ET/ETHER/B-Hooks-EndOfScope-0.13.tar.gz

Checking if your kit is complete...
Looks good
Warning: prerequisite Variable::Magic 0.48 not found.
Generating a Unix-style Makefile
Writing Makefile for B::Hooks::EndOfScope
Writing MYMETA.yml and MYMETA.json
---- Unsatisfied dependencies detected during ----
----   ETHER/B-Hooks-EndOfScope-0.13.tar.gz   ----
    Variable::Magic [requires]
Running make test
  Delayed until after prerequisites
Running make install
  Delayed until after prerequisites
Running install for module 'Variable::Magic'
Running make for V/VP/VPIT/Variable-Magic-0.53.tar.gz
Fetching with LWP:
http://mirror.bytemark.co.uk/CPAN/authors/id/V/VP/VPIT/Variable-Magic-0.53.tar.gz
Checksum for /home/abacus/.cpan/sources/authors/id/V/VP/VPIT/Variable-Magic-0.53.tar.gz ok

  CPAN.pm: Going to build V/VP/VPIT/Variable-Magic-0.53.tar.gz

Checking if this is ActiveState Perl 5.8.8 build 822 or higher... no
Checking if this is gcc 3.4 on Windows trying to link against an import library... no
Checking if your kit is complete...
Looks good
Generating a Unix-style Makefile
Writing Makefile for Variable::Magic
Writing MYMETA.yml and MYMETA.json
cp lib/Variable/Magic.pm blib/lib/Variable/Magic.pm
Running Mkbootstrap for Variable::Magic ()
chmod 644 Magic.bs
/usr/bin/perl /usr/share/perl/5.14/ExtUtils/xsubpp  -typemap /usr/share/perl/5.14/ExtUtils/typemap  Magic.xs > Magic.xsc && mv Magic.xsc Magic.c
cc -c   -D_REENTRANT -D_GNU_SOURCE -DDEBIAN -fstack-protector -fno-strict-aliasing -pipe -I/usr/local/include -D_LARGEFILE_SOURCE -D_FILE_OFFSET_BITS=64 -O2 -g   -DVERSION=\"0.53\" -DXS_VERSION=\"0.53\" -fPIC "-I/usr/lib/perl/5.14/CORE"   Magic.c
rm -f blib/arch/auto/Variable/Magic/Magic.so
cc  -shared -L/usr/local/lib -fstack-protector Magic.o  -o blib/arch/auto/Variable/Magic/Magic.so 	\
	     	\
	  
chmod 755 blib/arch/auto/Variable/Magic/Magic.so
/usr/bin/perl -MExtUtils::Command::MM -e 'cp_nonempty' -- Magic.bs blib/arch/auto/Variable/Magic/Magic.bs 644
Manifying blib/man3/Variable::Magic.3pm
  VPIT/Variable-Magic-0.53.tar.gz
  /usr/bin/make -- OK
Running make test
Running Mkbootstrap for Variable::Magic ()
chmod 644 Magic.bs
PERL_DL_NONLAZY=1 /usr/bin/perl "-MExtUtils::Command::MM" "-MTest::Harness" "-e" "undef *Test::Harness::Switches; test_harness(0, 'blib/lib', 'blib/arch')" t/*.t
t/00-load.t ....... 1/1 # Testing Variable::Magic 0.53, Perl 5.014002 (no patchlevel), /usr/bin/perl
t/00-load.t ....... ok   
t/01-import.t ..... ok     
t/02-constants.t .. ok   
t/10-simple.t ..... ok     
t/11-multiple.t ... ok     
t/13-data.t ....... ok     
t/14-callbacks.t .. ok     
t/15-self.t ....... ok       
t/16-huf.t ........ # Using Hash::Util::FieldHash 1.09
t/16-huf.t ........ ok     
t/17-ctl.t ........ 1/96 # Using Capture::Tiny 0.24
t/17-ctl.t ........ ok     
t/18-opinfo.t ..... ok       
t/20-get.t ........ ok     
t/21-set.t ........ ok     
t/22-len.t ........ ok     
t/23-clear.t ...... ok     
t/24-free.t ....... ok     
t/25-copy.t ....... 1/45 # Using Tie::Array 1.04
# Using Tie::Hash 1.04
t/25-copy.t ....... ok     
t/27-local.t ...... ok     
t/28-uvar.t ....... 1/75 # Using Tie::Hash 1.04
t/28-uvar.t ....... ok     
t/30-scalar.t ..... 1/76 # Using Tie::Array 1.04
t/30-scalar.t ..... ok     
t/31-array.t ...... ok     
t/32-hash.t ....... ok     
t/33-code.t ....... ok     
t/34-glob.t ....... # Using Symbol 1.07
t/34-glob.t ....... ok     
t/35-stash.t ...... ok     
t/40-threads.t .... # Using threads 1.83
# Using threads::shared 1.37
t/40-threads.t .... ok     
t/41-clone.t ...... # Using threads 1.83
# Using threads::shared 1.37
t/41-clone.t ...... ok    
t/80-leaks.t ...... ok     
All tests successful.
Files=28, Tests=1466,  4 wallclock secs ( 0.51 usr  0.07 sys +  2.53 cusr  0.27 csys =  3.38 CPU)
Result: PASS
  VPIT/Variable-Magic-0.53.tar.gz
  /usr/bin/make test -- OK
Running make install
Files found in blib/arch: installing files in blib/lib into architecture dependent library tree
Installing /usr/local/lib/perl/5.14.2/auto/Variable/Magic/Magic.so
Installing /usr/local/lib/perl/5.14.2/Variable/Magic.pm
Installing /usr/local/man/man3/Variable::Magic.3pm
Appending installation info to /usr/lib/perl/5.14/perllocal.pod
  VPIT/Variable-Magic-0.53.tar.gz
  /usr/bin/make install  -- OK
Running make for E/ET/ETHER/B-Hooks-EndOfScope-0.13.tar.gz
  Has already been unwrapped into directory /home/abacus/.cpan/build/B-Hooks-EndOfScope-0.13-VjrGG8

  CPAN.pm: Going to build E/ET/ETHER/B-Hooks-EndOfScope-0.13.tar.gz

cp lib/B/Hooks/EndOfScope/PP/FieldHash.pm blib/lib/B/Hooks/EndOfScope/PP/FieldHash.pm
cp lib/B/Hooks/EndOfScope/PP.pm blib/lib/B/Hooks/EndOfScope/PP.pm
cp lib/B/Hooks/EndOfScope/XS.pm blib/lib/B/Hooks/EndOfScope/XS.pm
cp lib/B/Hooks/EndOfScope/PP/HintHash.pm blib/lib/B/Hooks/EndOfScope/PP/HintHash.pm
cp lib/B/Hooks/EndOfScope.pm blib/lib/B/Hooks/EndOfScope.pm
Manifying blib/man3/B::Hooks::EndOfScope.3pm
Manifying blib/man3/B::Hooks::EndOfScope::PP.3pm
Manifying blib/man3/B::Hooks::EndOfScope::XS.3pm
  ETHER/B-Hooks-EndOfScope-0.13.tar.gz
  /usr/bin/make -- OK
Running make test
PERL_DL_NONLAZY=1 /usr/bin/perl "-MExtUtils::Command::MM" "-MTest::Harness" "-e" "undef *Test::Harness::Switches; test_harness(0, 'blib/lib', 'blib/arch')" t/*.t
t/00-basic.t .................... ok   
t/00-report-prereqs.t ........... # 
# Versions for all modules listed in MYMETA.json (including optional ones):
#    Version Module                    
#   -------- --------------------------
#   2.120351 CPAN::Meta                
#   2.120351 CPAN::Meta::Requirements  
#   0.280203 ExtUtils::CBuilder        
#       6.96 ExtUtils::MakeMaker       
#       0.06 Module::Implementation    
#      0.013 Module::Runtime           
#   0.001011 Sub::Exporter::Progressive
#       0.98 Test::More                
#       0.53 Variable::Magic           
t/00-report-prereqs.t ........... ok   
t/01-eval.t ..................... ok   
t/02-localise.t ................. ok   
t/05-exception_xs.t ............. ok   
t/06-exception_pp.t ............. skipped: Skipping PP fallback test in XS mode
t/10-test_without_vm_pure_pp.t .. ok   
t/11-direct_xs.t ................ ok   
t/12-direct_pp.t ................ ok   
All tests successful.
Files=9, Tests=32,  1 wallclock secs ( 0.10 usr  0.02 sys +  1.20 cusr  0.08 csys =  1.40 CPU)
Result: PASS
  ETHER/B-Hooks-EndOfScope-0.13.tar.gz
  /usr/bin/make test -- OK
Running make install
Installing /usr/local/share/perl/5.14.2/B/Hooks/EndOfScope.pm
Installing /usr/local/share/perl/5.14.2/B/Hooks/EndOfScope/XS.pm
Installing /usr/local/share/perl/5.14.2/B/Hooks/EndOfScope/PP.pm
Installing /usr/local/share/perl/5.14.2/B/Hooks/EndOfScope/PP/HintHash.pm
Installing /usr/local/share/perl/5.14.2/B/Hooks/EndOfScope/PP/FieldHash.pm
Installing /usr/local/man/man3/B::Hooks::EndOfScope.3pm
Installing /usr/local/man/man3/B::Hooks::EndOfScope::PP.3pm
Installing /usr/local/man/man3/B::Hooks::EndOfScope::XS.3pm
Appending installation info to /usr/lib/perl/5.14/perllocal.pod
  ETHER/B-Hooks-EndOfScope-0.13.tar.gz
  /usr/bin/make install  -- OK
Running make for R/RI/RIBASUSHI/namespace-clean-0.25.tar.gz
  Has already been unwrapped into directory /home/abacus/.cpan/build/namespace-clean-0.25-Gr5aBi

  CPAN.pm: Going to build R/RI/RIBASUSHI/namespace-clean-0.25.tar.gz

cp lib/namespace/clean.pm blib/lib/namespace/clean.pm
Manifying blib/man3/namespace::clean.3pm
  RIBASUSHI/namespace-clean-0.25.tar.gz
  /usr/bin/make -- OK
Running make test
PERL_DL_NONLAZY=1 /usr/bin/perl "-MExtUtils::Command::MM" "-MTest::Harness" "-e" "undef *Test::Harness::Switches; test_harness(0, 'blib/lib', 'blib/arch')" t/*.t
t/00-basic.t ............. ok   
t/01-function-wipeout.t .. ok   
t/02-inheritance.t ....... ok     
t/03-unimport.t .......... ok   
t/04-except.t ............ ok   
t/05-explicit-cleanee.t .. ok         
t/05-syntax-error.t ...... ok   
t/06-other-types.t ....... ok     
t/07-debugger.t .......... skipped: Test requires Sub::Identify
t/08-const-sub.t ......... ok   
t/09-fiddle-hinthash.t ... ok   
t/10-pure-perl.t ......... ok    
All tests successful.
Files=12, Tests=2090,  3 wallclock secs ( 0.80 usr  0.05 sys +  3.05 cusr  0.30 csys =  4.20 CPU)
Result: PASS
  RIBASUSHI/namespace-clean-0.25.tar.gz
  /usr/bin/make test -- OK
Running make install
Installing /usr/local/share/perl/5.14.2/namespace/clean.pm
Installing /usr/local/man/man3/namespace::clean.3pm
Appending installation info to /usr/lib/perl/5.14/perllocal.pod
  RIBASUSHI/namespace-clean-0.25.tar.gz
  /usr/bin/make install  -- OK
Running make for D/DR/DRTECH/Elasticsearch-1.05.tar.gz
  Has already been unwrapped into directory /home/abacus/.cpan/build/Elasticsearch-1.05-AAouFs

  CPAN.pm: Going to build D/DR/DRTECH/Elasticsearch-1.05.tar.gz

cp lib/Elasticsearch/Role/Serializer.pm blib/lib/Elasticsearch/Role/Serializer.pm
cp lib/Elasticsearch/TestServer.pm blib/lib/Elasticsearch/TestServer.pm
cp lib/Elasticsearch/Client/Direct/Cluster.pm blib/lib/Elasticsearch/Client/Direct/Cluster.pm
cp lib/Elasticsearch/Role/API.pm blib/lib/Elasticsearch/Role/API.pm
cp lib/Elasticsearch/Role/Client.pm blib/lib/Elasticsearch/Role/Client.pm
cp lib/Elasticsearch/Bulk.pm blib/lib/Elasticsearch/Bulk.pm
cp lib/Elasticsearch/Cxn/Factory.pm blib/lib/Elasticsearch/Cxn/Factory.pm
cp lib/Elasticsearch/Role/CxnPool/Sniff.pm blib/lib/Elasticsearch/Role/CxnPool/Sniff.pm
cp lib/Elasticsearch/Transport.pm blib/lib/Elasticsearch/Transport.pm
cp lib/Elasticsearch/Role/Scroll.pm blib/lib/Elasticsearch/Role/Scroll.pm
cp lib/Elasticsearch/Role/Cxn.pm blib/lib/Elasticsearch/Role/Cxn.pm
cp lib/Elasticsearch/Client/0_90/Direct.pm blib/lib/Elasticsearch/Client/0_90/Direct.pm
cp lib/Elasticsearch/Cxn/LWP.pm blib/lib/Elasticsearch/Cxn/LWP.pm
cp lib/Elasticsearch/Util/API/Path.pm blib/lib/Elasticsearch/Util/API/Path.pm
cp lib/Elasticsearch/Client/0_90/Direct/Indices.pm blib/lib/Elasticsearch/Client/0_90/Direct/Indices.pm
cp lib/Elasticsearch/Serializer/JSON.pm blib/lib/Elasticsearch/Serializer/JSON.pm
cp lib/Elasticsearch/Role/API/0_90.pm blib/lib/Elasticsearch/Role/API/0_90.pm
cp lib/Elasticsearch/Client/Direct/Indices.pm blib/lib/Elasticsearch/Client/Direct/Indices.pm
cp lib/Elasticsearch/Role/Is_Sync.pm blib/lib/Elasticsearch/Role/Is_Sync.pm
cp lib/Elasticsearch/CxnPool/Static/NoPing.pm blib/lib/Elasticsearch/CxnPool/Static/NoPing.pm
cp lib/Elasticsearch/Role/Transport.pm blib/lib/Elasticsearch/Role/Transport.pm
cp lib/Elasticsearch/Client/Direct/Cat.pm blib/lib/Elasticsearch/Client/Direct/Cat.pm
cp lib/Elasticsearch/Role/CxnPool/Static.pm blib/lib/Elasticsearch/Role/CxnPool/Static.pm
cp lib/Elasticsearch/Role/Cxn/HTTP.pm blib/lib/Elasticsearch/Role/Cxn/HTTP.pm
cp lib/Elasticsearch/Role/Bulk.pm blib/lib/Elasticsearch/Role/Bulk.pm
cp lib/Elasticsearch.pm blib/lib/Elasticsearch.pm
cp lib/Elasticsearch/Client/0_90/Direct/Cluster.pm blib/lib/Elasticsearch/Client/0_90/Direct/Cluster.pm
cp lib/Elasticsearch/Role/Client/Direct.pm blib/lib/Elasticsearch/Role/Client/Direct.pm
cp lib/Elasticsearch/Role/Logger.pm blib/lib/Elasticsearch/Role/Logger.pm
cp lib/Elasticsearch/Client/Direct.pm blib/lib/Elasticsearch/Client/Direct.pm
cp lib/Elasticsearch/Client/Direct/Nodes.pm blib/lib/Elasticsearch/Client/Direct/Nodes.pm
cp lib/Elasticsearch/CxnPool/Static.pm blib/lib/Elasticsearch/CxnPool/Static.pm
cp lib/Elasticsearch/Role/CxnPool/Static/NoPing.pm blib/lib/Elasticsearch/Role/CxnPool/Static/NoPing.pm
cp lib/Elasticsearch/Error.pm blib/lib/Elasticsearch/Error.pm
cp lib/Elasticsearch/Cxn/HTTPTiny.pm blib/lib/Elasticsearch/Cxn/HTTPTiny.pm
cp lib/Elasticsearch/Role/CxnPool.pm blib/lib/Elasticsearch/Role/CxnPool.pm
cp lib/Elasticsearch/Util/API/QS.pm blib/lib/Elasticsearch/Util/API/QS.pm
cp lib/Elasticsearch/CxnPool/Sniff.pm blib/lib/Elasticsearch/CxnPool/Sniff.pm
cp lib/Elasticsearch/Logger/LogAny.pm blib/lib/Elasticsearch/Logger/LogAny.pm
cp lib/Elasticsearch/Client/Direct/Snapshot.pm blib/lib/Elasticsearch/Client/Direct/Snapshot.pm
cp lib/Elasticsearch/Util.pm blib/lib/Elasticsearch/Util.pm
cp lib/Elasticsearch/Cxn/Hijk.pm blib/lib/Elasticsearch/Cxn/Hijk.pm
cp lib/Elasticsearch/Scroll.pm blib/lib/Elasticsearch/Scroll.pm
Manifying blib/man3/Elasticsearch::Role::Serializer.3pm
Manifying blib/man3/Elasticsearch::TestServer.3pm
Manifying blib/man3/Elasticsearch::Client::Direct::Cluster.3pm
Manifying blib/man3/Elasticsearch::Role::API.3pm
Manifying blib/man3/Elasticsearch::Role::Client.3pm
Manifying blib/man3/Elasticsearch::Bulk.3pm
Manifying blib/man3/Elasticsearch::Cxn::Factory.3pm
Manifying blib/man3/Elasticsearch::Role::CxnPool::Sniff.3pm
Manifying blib/man3/Elasticsearch::Transport.3pm
Manifying blib/man3/Elasticsearch::Role::Scroll.3pm
Manifying blib/man3/Elasticsearch::Role::Cxn.3pm
Manifying blib/man3/Elasticsearch::Client::0_90::Direct.3pm
Manifying blib/man3/Elasticsearch::Cxn::LWP.3pm
Manifying blib/man3/Elasticsearch::Util::API::Path.3pm
Manifying blib/man3/Elasticsearch::Client::0_90::Direct::Indices.3pm
Manifying blib/man3/Elasticsearch::Role::API::0_90.3pm
Manifying blib/man3/Elasticsearch::Serializer::JSON.3pm
Manifying blib/man3/Elasticsearch::Client::Direct::Indices.3pm
Manifying blib/man3/Elasticsearch::Role::Is_Sync.3pm
Manifying blib/man3/Elasticsearch::CxnPool::Static::NoPing.3pm
Manifying blib/man3/Elasticsearch::Role::Transport.3pm
Manifying blib/man3/Elasticsearch::Client::Direct::Cat.3pm
Manifying blib/man3/Elasticsearch::Role::CxnPool::Static.3pm
Manifying blib/man3/Elasticsearch::Role::Cxn::HTTP.3pm
Manifying blib/man3/Elasticsearch::Role::Bulk.3pm
Manifying blib/man3/Elasticsearch.3pm
Manifying blib/man3/Elasticsearch::Client::0_90::Direct::Cluster.3pm
Manifying blib/man3/Elasticsearch::Role::Client::Direct.3pm
Manifying blib/man3/Elasticsearch::Role::Logger.3pm
Manifying blib/man3/Elasticsearch::Client::Direct.3pm
Manifying blib/man3/Elasticsearch::Client::Direct::Nodes.3pm
Manifying blib/man3/Elasticsearch::CxnPool::Static.3pm
Manifying blib/man3/Elasticsearch::Role::CxnPool::Static::NoPing.3pm
Manifying blib/man3/Elasticsearch::Util.3pm
Manifying blib/man3/Elasticsearch::Cxn::Hijk.3pm
Manifying blib/man3/Elasticsearch::Scroll.3pm
Manifying blib/man3/Elasticsearch::Cxn::HTTPTiny.3pm
Manifying blib/man3/Elasticsearch::Error.3pm
Manifying blib/man3/Elasticsearch::Role::CxnPool.3pm
Manifying blib/man3/Elasticsearch::Util::API::QS.3pm
Manifying blib/man3/Elasticsearch::Logger::LogAny.3pm
Manifying blib/man3/Elasticsearch::CxnPool::Sniff.3pm
Manifying blib/man3/Elasticsearch::Client::Direct::Snapshot.3pm
  DRTECH/Elasticsearch-1.05.tar.gz
  /usr/bin/make -- OK
Running make test
PERL_DL_NONLAZY=1 /usr/bin/perl "-MExtUtils::Command::MM" "-e" "test_harness(0, 'blib/lib', 'blib/arch')" t/*.t t/10_Basic/*.t t/20_Serializer/*.t t/30_Logger/*.t t/40_Transport/*.t t/50_Cxn_Pool/*.t t/60_Cxn/*.t t/70_Helper/*.t t/90_Client_Spec/*.t
t/10_Basic/10_load.t .......................... ok   
t/20_Serializer/10_encode_decode.t ............ ok    
t/20_Serializer/20_encode_bulk.t .............. ok    
t/20_Serializer/30_encode_pretty.t ............ ok    
t/30_Logger/10_explicit.t ..................... 1/? Current cxns: ['http://localhost:9200']
Forcing ping before next use on all live cxns
Ping [http://localhost:9200] before next request
t/30_Logger/10_explicit.t ..................... ok    
t/30_Logger/20_implicit.t ..................... 1/? Current cxns: ['http://localhost:9200']
Forcing ping before next use on all live cxns
Ping [http://localhost:9200] before next request
t/30_Logger/20_implicit.t ..................... ok   
t/30_Logger/30_log_methods.t .................. ok    
t/30_Logger/40_trace_request.t ................ ok    
t/30_Logger/50_trace_response.t ............... ok   
t/30_Logger/60_trace_error.t .................. ok   
t/30_Logger/70_trace_comment.t ................ ok   
t/40_Transport/10_tidy_request.t .............. ok    
t/40_Transport/20_send_body_as.t .............. ok   
t/40_Transport/30_perform_request.t ........... ok   
t/50_Cxn_Pool/10_static_normal.t .............. ok   
t/50_Cxn_Pool/11_static_node_missing.t ........ ok   
t/50_Cxn_Pool/12_static_node_fails.t .......... ok   
t/50_Cxn_Pool/13_static_node_timesout.t ....... ok   
t/50_Cxn_Pool/14_static_both_nodes_timeout.t .. ok   
t/50_Cxn_Pool/15_static_both_nodes_fail.t ..... ok   
t/50_Cxn_Pool/16_static_nodes_starting.t ...... ok   
t/50_Cxn_Pool/17_static_runaway_nodes.t ....... ok   
t/50_Cxn_Pool/30_sniff_normal.t ............... ok   
t/50_Cxn_Pool/31_sniff_new_nodes.t ............ ok   
t/50_Cxn_Pool/32_sniff_node_fails.t ........... ok   
t/50_Cxn_Pool/33_sniff_both_nodes_fail.t ...... ok   
t/50_Cxn_Pool/34_sniff_node_timeout.t ......... ok   
t/50_Cxn_Pool/35_sniff_both_nodes_timeout.t ... ok   
t/50_Cxn_Pool/36_sniff_nodes_starting.t ....... ok   
t/50_Cxn_Pool/37_sniff_runaway_nodes.t ........ ok   
t/50_Cxn_Pool/38_bad_sniff.t .................. ok   
t/50_Cxn_Pool/39_sniff_max_content.t .......... ok   
t/50_Cxn_Pool/50_noping_normal.t .............. ok   
t/50_Cxn_Pool/51_noping_node_fails.t .......... ok   
t/50_Cxn_Pool/52_noping_node_timesout.t ....... ok   
t/50_Cxn_Pool/53_noping_all_nodes_fail.t ...... ok   
t/50_Cxn_Pool/54_noping_nodes_starting.t ...... ok   
t/50_Cxn_Pool/55_noping_runaway_nodes.t ....... ok   
t/50_Cxn_Pool/56_max_retries.t ................ ok   
t/50_Cxn_Pool/70_live.t ....................... skipped: No Elasticsearch test node available
t/60_Cxn/10_basic.t ........................... ok    
t/60_Cxn/20_process_response.t ................ ok    
t/60_Cxn/30_http.t ............................ ok     
t/70_Helper/10_bulk_add_action.t .............. skipped: No Elasticsearch test node available
t/70_Helper/20_bulk_helpers.t ................. skipped: No Elasticsearch test node available
t/70_Helper/30_bulk_flush.t ................... skipped: No Elasticsearch test node available
t/70_Helper/40_bulk_errors.t .................. skipped: No Elasticsearch test node available
t/70_Helper/50_scroll.t ....................... skipped: No Elasticsearch test node available
t/70_Helper/60_reindex.t ...................... skipped: No Elasticsearch test node available
t/90_Client_Spec/00_print_version.t ........... skipped: No Elasticsearch test node available
t/release-eol.t ............................... skipped: these tests are for release candidate testing
t/release-no-tabs.t ........................... skipped: these tests are for release candidate testing
t/release-pod-syntax.t ........................ skipped: these tests are for release candidate testing
All tests successful.
Files=53, Tests=376, 16 wallclock secs ( 0.37 usr  0.06 sys + 13.71 cusr  1.19 csys = 15.33 CPU)
Result: PASS
  DRTECH/Elasticsearch-1.05.tar.gz
  /usr/bin/make test -- OK
Running make install
Installing /usr/local/share/perl/5.14.2/Elasticsearch.pm
Installing /usr/local/share/perl/5.14.2/Elasticsearch/Util.pm
Installing /usr/local/share/perl/5.14.2/Elasticsearch/Scroll.pm
Installing /usr/local/share/perl/5.14.2/Elasticsearch/Error.pm
Installing /usr/local/share/perl/5.14.2/Elasticsearch/Bulk.pm
Installing /usr/local/share/perl/5.14.2/Elasticsearch/Transport.pm
Installing /usr/local/share/perl/5.14.2/Elasticsearch/TestServer.pm
Installing /usr/local/share/perl/5.14.2/Elasticsearch/Serializer/JSON.pm
Installing /usr/local/share/perl/5.14.2/Elasticsearch/Client/Direct.pm
Installing /usr/local/share/perl/5.14.2/Elasticsearch/Client/0_90/Direct.pm
Installing /usr/local/share/perl/5.14.2/Elasticsearch/Client/0_90/Direct/Cluster.pm
Installing /usr/local/share/perl/5.14.2/Elasticsearch/Client/0_90/Direct/Indices.pm
Installing /usr/local/share/perl/5.14.2/Elasticsearch/Client/Direct/Cluster.pm
Installing /usr/local/share/perl/5.14.2/Elasticsearch/Client/Direct/Indices.pm
Installing /usr/local/share/perl/5.14.2/Elasticsearch/Client/Direct/Cat.pm
Installing /usr/local/share/perl/5.14.2/Elasticsearch/Client/Direct/Nodes.pm
Installing /usr/local/share/perl/5.14.2/Elasticsearch/Client/Direct/Snapshot.pm
Installing /usr/local/share/perl/5.14.2/Elasticsearch/Util/API/Path.pm
Installing /usr/local/share/perl/5.14.2/Elasticsearch/Util/API/QS.pm
Installing /usr/local/share/perl/5.14.2/Elasticsearch/CxnPool/Static.pm
Installing /usr/local/share/perl/5.14.2/Elasticsearch/CxnPool/Sniff.pm
Installing /usr/local/share/perl/5.14.2/Elasticsearch/CxnPool/Static/NoPing.pm
Installing /usr/local/share/perl/5.14.2/Elasticsearch/Role/Serializer.pm
Installing /usr/local/share/perl/5.14.2/Elasticsearch/Role/Is_Sync.pm
Installing /usr/local/share/perl/5.14.2/Elasticsearch/Role/Logger.pm
Installing /usr/local/share/perl/5.14.2/Elasticsearch/Role/Scroll.pm
Installing /usr/local/share/perl/5.14.2/Elasticsearch/Role/Bulk.pm
Installing /usr/local/share/perl/5.14.2/Elasticsearch/Role/Transport.pm
Installing /usr/local/share/perl/5.14.2/Elasticsearch/Role/Cxn.pm
Installing /usr/local/share/perl/5.14.2/Elasticsearch/Role/API.pm
Installing /usr/local/share/perl/5.14.2/Elasticsearch/Role/Client.pm
Installing /usr/local/share/perl/5.14.2/Elasticsearch/Role/CxnPool.pm
Installing /usr/local/share/perl/5.14.2/Elasticsearch/Role/Client/Direct.pm
Installing /usr/local/share/perl/5.14.2/Elasticsearch/Role/CxnPool/Static.pm
Installing /usr/local/share/perl/5.14.2/Elasticsearch/Role/CxnPool/Sniff.pm
Installing /usr/local/share/perl/5.14.2/Elasticsearch/Role/CxnPool/Static/NoPing.pm
Installing /usr/local/share/perl/5.14.2/Elasticsearch/Role/Cxn/HTTP.pm
Installing /usr/local/share/perl/5.14.2/Elasticsearch/Role/API/0_90.pm
Installing /usr/local/share/perl/5.14.2/Elasticsearch/Cxn/LWP.pm
Installing /usr/local/share/perl/5.14.2/Elasticsearch/Cxn/HTTPTiny.pm
Installing /usr/local/share/perl/5.14.2/Elasticsearch/Cxn/Factory.pm
Installing /usr/local/share/perl/5.14.2/Elasticsearch/Cxn/Hijk.pm
Installing /usr/local/share/perl/5.14.2/Elasticsearch/Logger/LogAny.pm
Installing /usr/local/man/man3/Elasticsearch::Bulk.3pm
Installing /usr/local/man/man3/Elasticsearch::Client::Direct::Indices.3pm
Installing /usr/local/man/man3/Elasticsearch::Role::API.3pm
Installing /usr/local/man/man3/Elasticsearch::Util.3pm
Installing /usr/local/man/man3/Elasticsearch::Client::Direct.3pm
Installing /usr/local/man/man3/Elasticsearch::CxnPool::Sniff.3pm
Installing /usr/local/man/man3/Elasticsearch::Role::CxnPool.3pm
Installing /usr/local/man/man3/Elasticsearch::Logger::LogAny.3pm
Installing /usr/local/man/man3/Elasticsearch::Cxn::HTTPTiny.3pm
Installing /usr/local/man/man3/Elasticsearch::CxnPool::Static.3pm
Installing /usr/local/man/man3/Elasticsearch.3pm
Installing /usr/local/man/man3/Elasticsearch::Util::API::QS.3pm
Installing /usr/local/man/man3/Elasticsearch::Client::Direct::Cluster.3pm
Installing /usr/local/man/man3/Elasticsearch::Role::CxnPool::Sniff.3pm
Installing /usr/local/man/man3/Elasticsearch::Role::Client::Direct.3pm
Installing /usr/local/man/man3/Elasticsearch::Serializer::JSON.3pm
Installing /usr/local/man/man3/Elasticsearch::Role::Cxn.3pm
Installing /usr/local/man/man3/Elasticsearch::Client::0_90::Direct::Cluster.3pm
Installing /usr/local/man/man3/Elasticsearch::Role::Is_Sync.3pm
Installing /usr/local/man/man3/Elasticsearch::Cxn::LWP.3pm
Installing /usr/local/man/man3/Elasticsearch::Client::Direct::Nodes.3pm
Installing /usr/local/man/man3/Elasticsearch::Role::Transport.3pm
Installing /usr/local/man/man3/Elasticsearch::Role::Cxn::HTTP.3pm
Installing /usr/local/man/man3/Elasticsearch::Role::Serializer.3pm
Installing /usr/local/man/man3/Elasticsearch::Role::CxnPool::Static.3pm
Installing /usr/local/man/man3/Elasticsearch::Client::0_90::Direct.3pm
Installing /usr/local/man/man3/Elasticsearch::Role::Logger.3pm
Installing /usr/local/man/man3/Elasticsearch::TestServer.3pm
Installing /usr/local/man/man3/Elasticsearch::Util::API::Path.3pm
Installing /usr/local/man/man3/Elasticsearch::Role::Client.3pm
Installing /usr/local/man/man3/Elasticsearch::Client::Direct::Snapshot.3pm
Installing /usr/local/man/man3/Elasticsearch::Cxn::Hijk.3pm
Installing /usr/local/man/man3/Elasticsearch::Role::Scroll.3pm
Installing /usr/local/man/man3/Elasticsearch::CxnPool::Static::NoPing.3pm
Installing /usr/local/man/man3/Elasticsearch::Client::0_90::Direct::Indices.3pm
Installing /usr/local/man/man3/Elasticsearch::Role::API::0_90.3pm
Installing /usr/local/man/man3/Elasticsearch::Scroll.3pm
Installing /usr/local/man/man3/Elasticsearch::Role::CxnPool::Static::NoPing.3pm
Installing /usr/local/man/man3/Elasticsearch::Client::Direct::Cat.3pm
Installing /usr/local/man/man3/Elasticsearch::Role::Bulk.3pm
Installing /usr/local/man/man3/Elasticsearch::Transport.3pm
Installing /usr/local/man/man3/Elasticsearch::Error.3pm
Installing /usr/local/man/man3/Elasticsearch::Cxn::Factory.3pm
Appending installation info to /usr/local/lib/perl/5.14.2/perllocal.pod
  DRTECH/Elasticsearch-1.05.tar.gz
  /usr/bin/make install  -- OK
Failed during this command:
 SMPETERS/Net-Ping-2.41.tar.gz                : make_test NO

cpan[6]> Terminal does not support GetHistory.
Lockfile removed.